#
# There is insufficient memory for the Java Runtime Environment to continue.
# Native memory allocation (mmap) failed to map 65536 bytes. Error detail: Failed to commit metaspace.
# Possible reasons:
#   The system is out of physical RAM or swap space
#   This process is running with CompressedOops enabled, and the Java Heap may be blocking the growth of the native heap
# Possible solutions:
#   Reduce memory load on the system
#   Increase physical memory or swap space
#   Check if swap backing store is full
#   Decrease Java heap size (-Xmx/-Xms)
#   Decrease number of Java threads
#   Decrease Java thread stack sizes (-Xss)
#   Set larger code cache with -XX:ReservedCodeCacheSize=
#   JVM is running with Zero Based Compressed Oops mode in which the Java heap is
#     placed in the first 32GB address space. The Java Heap base address is the
#     maximum limit for the native heap growth. Please use -XX:HeapBaseMinAddress
#     to set the Java Heap base and to place the Java Heap above 32GB virtual address.
# This output file may be truncated or incomplete.
#
#  Out of Memory Error (virtualSpaceNode.cpp:110), pid=7424, tid=10660
#
# JRE version: OpenJDK Runtime Environment Corretto-17.0.15.6.1 (17.0.15+6) (build 17.0.15+6-LTS)
# Java VM: OpenJDK 64-Bit Server VM Corretto-17.0.15.6.1 (17.0.15+6-LTS, mixed mode, emulated-client, sharing, tiered, compressed oops, compressed class ptrs, g1 gc, windows-amd64)
# No core dump will be written. Minidumps are not enabled by default on client versions of Windows
#

---------------  S U M M A R Y ------------

Command Line: -XX:TieredStopAtLevel=1 -Dspring.output.ansi.enabled=always -Dcom.sun.management.jmxremote -Dspring.jmx.enabled=true -Dspring.liveBeansView.mbeanDomain -Dspring.application.admin.enabled=true -Dmanagement.endpoints.jmx.exposure.include=* -javaagent:D:\IntelliJ IDEA 2024.1.2\lib\idea_rt.jar=54473:D:\IntelliJ IDEA 2024.1.2\bin -Dfile.encoding=UTF-8 com.example.YunpanClientApplication

Host: 12th Gen Intel(R) Core(TM) i7-12650H, 16 cores, 15G,  Windows 11 , 64 bit Build 22621 (10.0.22621.5262)
Time: Mon May 26 23:32:04 2025  Windows 11 , 64 bit Build 22621 (10.0.22621.5262) elapsed time: 0.745488 seconds (0d 0h 0m 0s)

---------------  T H R E A D  ---------------

Current thread (0x000001c47b77f250):  JavaThread "main" [_thread_in_vm, id=10660, stack(0x0000009839900000,0x0000009839a00000)]

Stack: [0x0000009839900000,0x0000009839a00000]
Native frames: (J=compiled Java code, j=interpreted, Vv=VM code, C=native code)
V  [jvm.dll+0x681149]
V  [jvm.dll+0x838b5a]
V  [jvm.dll+0x83a61e]
V  [jvm.dll+0x83ac83]
V  [jvm.dll+0x24837f]
V  [jvm.dll+0x83480d]
V  [jvm.dll+0x62546e]
V  [jvm.dll+0x1c1dab]
V  [jvm.dll+0x627dfd]
V  [jvm.dll+0x625e16]
V  [jvm.dll+0x23dba0]
V  [jvm.dll+0x1ec86b]
V  [jvm.dll+0x1e2201]
V  [jvm.dll+0x54538e]
V  [jvm.dll+0x7b2af8]
V  [jvm.dll+0x7b2be4]
V  [jvm.dll+0x411fb9]
V  [jvm.dll+0x418189]
C  [java.dll+0x17ec]

Java frames: (J=compiled Java code, j=interpreted, Vv=VM code)
J 1081  java.lang.ClassLoader.defineClass1(Ljava/lang/ClassLoader;Ljava/lang/String;[BIILjava/security/ProtectionDomain;Ljava/lang/String;)Ljava/lang/Class; java.base@17.0.15 (0 bytes) @ 0x000001c47bcf0ee3 [0x000001c47bcf0e20+0x00000000000000c3]
J 1211 c1 java.lang.ClassLoader.defineClass(Ljava/lang/String;[BIILjava/security/ProtectionDomain;)Ljava/lang/Class; java.base@17.0.15 (43 bytes) @ 0x000001c47bd28cec [0x000001c47bd28be0+0x000000000000010c]
J 1195 c1 jdk.internal.loader.BuiltinClassLoader.defineClass(Ljava/lang/String;Ljdk/internal/loader/Resource;)Ljava/lang/Class; java.base@17.0.15 (121 bytes) @ 0x000001c47bd227f4 [0x000001c47bd22320+0x00000000000004d4]
J 1189 c1 jdk.internal.loader.BuiltinClassLoader.findClassOnClassPathOrNull(Ljava/lang/String;)Ljava/lang/Class; java.base@17.0.15 (64 bytes) @ 0x000001c47bd1ebec [0x000001c47bd1e920+0x00000000000002cc]
J 992 c1 jdk.internal.loader.BuiltinClassLoader.loadClassOrNull(Ljava/lang/String;Z)Ljava/lang/Class; java.base@17.0.15 (143 bytes) @ 0x000001c47bcc2e04 [0x000001c47bcc2980+0x0000000000000484]
J 1106 c1 jdk.internal.loader.ClassLoaders$AppClassLoader.loadClass(Ljava/lang/String;Z)Ljava/lang/Class; java.base@17.0.15 (40 bytes) @ 0x000001c47bcfd92c [0x000001c47bcfd7e0+0x000000000000014c]
J 1105 c1 java.lang.ClassLoader.loadClass(Ljava/lang/String;)Ljava/lang/Class; java.base@17.0.15 (7 bytes) @ 0x000001c47bcfa9e4 [0x000001c47bcfa9a0+0x0000000000000044]
v  ~StubRoutines::call_stub
j  ch.qos.logback.classic.PatternLayout.<clinit>()V+682
v  ~StubRoutines::call_stub
j  ch.qos.logback.classic.encoder.PatternLayoutEncoder.start()V+0
j  org.springframework.boot.logging.logback.LogbackConfigurator.start(Lch/qos/logback/core/spi/LifeCycle;)V+23
j  org.springframework.boot.logging.logback.DefaultLogbackConfiguration.consoleAppender(Lorg/springframework/boot/logging/logback/LogbackConfigurator;)Lch/qos/logback/core/Appender;+68
j  org.springframework.boot.logging.logback.DefaultLogbackConfiguration.apply(Lorg/springframework/boot/logging/logback/LogbackConfigurator;)V+14
j  org.springframework.boot.logging.logback.LogbackLoggingSystem.loadDefaults(Lorg/springframework/boot/logging/LoggingInitializationContext;Lorg/springframework/boot/logging/LogFile;)V+99
j  org.springframework.boot.logging.AbstractLoggingSystem.initializeWithConventions(Lorg/springframework/boot/logging/LoggingInitializationContext;Lorg/springframework/boot/logging/LogFile;)V+43
j  org.springframework.boot.logging.AbstractLoggingSystem.initialize(Lorg/springframework/boot/logging/LoggingInitializationContext;Ljava/lang/String;Lorg/springframework/boot/logging/LogFile;)V+18
j  org.springframework.boot.logging.logback.LogbackLoggingSystem.initialize(Lorg/springframework/boot/logging/LoggingInitializationContext;Ljava/lang/String;Lorg/springframework/boot/logging/LogFile;)V+29
j  org.springframework.boot.context.logging.LoggingApplicationListener.initializeSystem(Lorg/springframework/core/env/ConfigurableEnvironment;Lorg/springframework/boot/logging/LoggingSystem;Lorg/springframework/boot/logging/LogFile;)V+49
j  org.springframework.boot.context.logging.LoggingApplicationListener.initialize(Lorg/springframework/core/env/ConfigurableEnvironment;Ljava/lang/ClassLoader;)V+59
j  org.springframework.boot.context.logging.LoggingApplicationListener.onApplicationEnvironmentPreparedEvent(Lorg/springframework/boot/context/event/ApplicationEnvironmentPreparedEvent;)V+32
j  org.springframework.boot.context.logging.LoggingApplicationListener.onApplicationEvent(Lorg/springframework/context/ApplicationEvent;)V+34
j  org.springframework.context.event.SimpleApplicationEventMulticaster.doInvokeListener(Lorg/springframework/context/ApplicationListener;Lorg/springframework/context/ApplicationEvent;)V+2
j  org.springframework.context.event.SimpleApplicationEventMulticaster.invokeListener(Lorg/springframework/context/ApplicationListener;Lorg/springframework/context/ApplicationEvent;)V+34
j  org.springframework.context.event.SimpleApplicationEventMulticaster.multicastEvent(Lorg/springframework/context/ApplicationEvent;Lorg/springframework/core/ResolvableType;)V+82
j  org.springframework.context.event.SimpleApplicationEventMulticaster.multicastEvent(Lorg/springframework/context/ApplicationEvent;)V+3
j  org.springframework.boot.context.event.EventPublishingRunListener.multicastInitialEvent(Lorg/springframework/context/ApplicationEvent;)V+9
j  org.springframework.boot.context.event.EventPublishingRunListener.environmentPrepared(Lorg/springframework/boot/ConfigurableBootstrapContext;Lorg/springframework/core/env/ConfigurableEnvironment;)V+18
j  org.springframework.boot.SpringApplicationRunListeners.lambda$environmentPrepared$2(Lorg/springframework/boot/ConfigurableBootstrapContext;Lorg/springframework/core/env/ConfigurableEnvironment;Lorg/springframework/boot/SpringApplicationRunListener;)V+3
j  org.springframework.boot.SpringApplicationRunListeners$$Lambda$158+0x000001c41511faa0.accept(Ljava/lang/Object;)V+12
j  java.lang.Iterable.forEach(Ljava/util/function/Consumer;)V+30 java.base@17.0.15
j  org.springframework.boot.SpringApplicationRunListeners.doWithListeners(Ljava/lang/String;Ljava/util/function/Consumer;Ljava/util/function/Consumer;)V+17
j  org.springframework.boot.SpringApplicationRunListeners.doWithListeners(Ljava/lang/String;Ljava/util/function/Consumer;)V+4
j  org.springframework.boot.SpringApplicationRunListeners.environmentPrepared(Lorg/springframework/boot/ConfigurableBootstrapContext;Lorg/springframework/core/env/ConfigurableEnvironment;)V+10
j  org.springframework.boot.SpringApplication.prepareEnvironment(Lorg/springframework/boot/SpringApplicationRunListeners;Lorg/springframework/boot/DefaultBootstrapContext;Lorg/springframework/boot/ApplicationArguments;)Lorg/springframework/core/env/ConfigurableEnvironment;+27
j  org.springframework.boot.SpringApplication.run([Ljava/lang/String;)Lorg/springframework/context/ConfigurableApplicationContext;+52
j  org.springframework.boot.SpringApplication.run([Ljava/lang/Class;[Ljava/lang/String;)Lorg/springframework/context/ConfigurableApplicationContext;+9
j  org.springframework.boot.SpringApplication.run(Ljava/lang/Class;[Ljava/lang/String;)Lorg/springframework/context/ConfigurableApplicationContext;+9
j  com.example.YunpanClientApplication.main([Ljava/lang/String;)V+3
v  ~StubRoutines::call_stub

Compiled method (n/a)     754 1081     n 0       java.lang.ClassLoader::defineClass1 (native)
 total in heap  [0x000001c47bcf0c90,0x000001c47bcf1170] = 1248
 relocation     [0x000001c47bcf0de8,0x000001c47bcf0e20] = 56
 main code      [0x000001c47bcf0e20,0x000001c47bcf1170] = 848

[Constant Pool (empty)]

[MachCode]
[Entry Point]
  # {method} {0x000001c414010f28} 'defineClass1' '(Ljava/lang/ClassLoader;Ljava/lang/String;[BIILjava/security/ProtectionDomain;Ljava/lang/String;)Ljava/lang/Class;' in 'java/lang/ClassLoader'
  # parm0:    rdx:rdx   = 'java/lang/ClassLoader'
  # parm1:    r8:r8     = 'java/lang/String'
  # parm2:    r9:r9     = '[B'
  # parm3:    rdi       = int
  # parm4:    rsi       = int
  # parm5:    rcx:rcx   = 'java/security/ProtectionDomain'
  # parm6:    [sp+0xa0]   = 'java/lang/String'  (sp of caller)
  0x000001c47bcf0e20: 448b 5208 | 49bb 0000 | 0014 c401 | 0000 4d03 | d349 3bc2 | 0f84 0600 

  0x000001c47bcf0e38: ;   {runtime_call ic_miss_stub}
  0x000001c47bcf0e38: 0000 e941 | 02b8 ff90 
[Verified Entry Point]
  0x000001c47bcf0e40: 8984 2400 | 90ff ff55 | 488b ec48 | 81ec 9000 | 0000 4881 | 7d10 0000 | 0000 488d | 4510 480f 
  0x000001c47bcf0e60: 4445 1048 | 8944 2440 | 4889 4c24 | 7048 83f9 | 0048 8d44 | 2470 480f | 4444 2470 | 4889 4424 
  0x000001c47bcf0e80: 3848 8974 | 2430 4889 | 7c24 284c | 894c 2458 | 4983 f900 | 488d 4424 | 5848 0f44 | 4424 5848 
  0x000001c47bcf0ea0: 8944 2420 | 4c89 4424 | 5049 83f8 | 004c 8d4c | 2450 4c0f | 444c 2450 | 4889 5424 | 4848 83fa 
  0x000001c47bcf0ec0: 004c 8d44 | 2448 4c0f | 4444 2448 

  0x000001c47bcf0ecc: ;   {oop(a 'java/lang/Class'{0x0000000704889f60} = 'java/lang/ClassLoader')}
  0x000001c47bcf0ecc: 49be 609f | 8804 0700 | 0000 4c89 | 7424 784c | 8d74 2478 | 498b d6c5 

  0x000001c47bcf0ee4: ;   {internal_word}
  0x000001c47bcf0ee4: f877 49ba | e30e cf7b | c401 0000 | 4d89 97a0 | 0200 0049 | 89a7 9802 

  0x000001c47bcf0efc: ;   {external_word}
  0x000001c47bcf0efc: 0000 49ba | 49d6 c92d | fc7f 0000 | 4180 3a00 | 0f84 5200 | 0000 5241 

  0x000001c47bcf0f14: ;   {metadata({method} {0x000001c414010f28} 'defineClass1' '(Ljava/lang/ClassLoader;Ljava/lang/String;[BIILjava/security/ProtectionDomain;Ljava/lang/String;)Ljava/lang/Class;' in 'java/lang/ClassLoader')}
  0x000001c47bcf0f14: 5041 5148 | ba20 0f01 | 14c4 0100 | 0049 8bcf | 4883 ec20 | f7c4 0f00 | 0000 0f84 | 1a00 0000 
  0x000001c47bcf0f34: 4883 ec08 

  0x000001c47bcf0f38: ;   {runtime_call}
  0x000001c47bcf0f38: 49ba e064 | 7f2d fc7f | 0000 41ff | d248 83c4 | 08e9 0d00 

  0x000001c47bcf0f4c: ;   {runtime_call}
  0x000001c47bcf0f4c: 0000 49ba | e064 7f2d | fc7f 0000 | 41ff d248 | 83c4 2041 | 5941 585a | 498d 8fb8 | 0200 0041 
  0x000001c47bcf0f6c: c787 4003 | 0000 0400 

  0x000001c47bcf0f74: ;   {runtime_call}
  0x000001c47bcf0f74: 0000 49ba | ac16 df39 | fd7f 0000 | 41ff d2c5 | f877 41c7 | 8740 0300 | 0005 0000 | 00f0 8344 
  0x000001c47bcf0f94: 24c0 0049 | 3baf 4803 | 0000 0f87 | 1100 0000 | 4181 bf30 | 0300 0000 | 0000 000f | 842c 0000 
  0x000001c47bcf0fb4: 00c5 f877 | 4889 45f8 | 498b cf4c | 8be4 4883 | ec20 4883 

  0x000001c47bcf0fc8: ;   {runtime_call}
  0x000001c47bcf0fc8: e4f0 49ba | 4084 8f2d | fc7f 0000 | 41ff d249 | 8be4 4d33 | e448 8b45 | f841 c787 | 4003 0000 
  0x000001c47bcf0fe8: 0800 0000 | 4181 bfb0 | 0300 0002 | 0000 000f | 843f 0100 

  0x000001c47bcf0ffc: ;   {external_word}
  0x000001c47bcf0ffc: 0049 ba49 | d6c9 2dfc | 7f00 0041 | 803a 000f | 8450 0000 | 0048 8945 

  0x000001c47bcf1014: ;   {metadata({method} {0x000001c414010f28} 'defineClass1' '(Ljava/lang/ClassLoader;Ljava/lang/String;[BIILjava/security/ProtectionDomain;Ljava/lang/String;)Ljava/lang/Class;' in 'java/lang/ClassLoader')}
  0x000001c47bcf1014: f848 ba20 | 0f01 14c4 | 0100 0049 | 8bcf 4883 | ec20 f7c4 | 0f00 0000 | 0f84 1a00 | 0000 4883 
  0x000001c47bcf1034: ;   {runtime_call}
  0x000001c47bcf1034: ec08 49ba | e064 7f2d | fc7f 0000 | 41ff d248 | 83c4 08e9 | 0d00 0000 

  0x000001c47bcf104c: ;   {runtime_call}
  0x000001c47bcf104c: 49ba e064 | 7f2d fc7f | 0000 41ff | d248 83c4 | 2048 8b45 | f849 c787 | 9802 0000 | 0000 0000 
  0x000001c47bcf106c: 49c7 87a0 | 0200 0000 | 0000 00c5 | f877 4885 | c00f 8493 | 0000 0048 | f7c0 0100 | 0000 0f84 
  0x000001c47bcf108c: 8300 0000 | 488b 40ff | 4180 7f38 | 000f 846f | 0000 0048 | 83f8 000f | 8465 0000 | 0049 8b4f 
  0x000001c47bcf10ac: 2048 83f9 | 000f 8414 | 0000 0048 | 83e9 0849 | 894f 2049 | 034f 3048 | 8901 e943 | 0000 0050 
  0x000001c47bcf10cc: 498b d748 | 8bc8 4883 | ec20 f7c4 | 0f00 0000 | 0f84 1a00 | 0000 4883 

  0x000001c47bcf10e4: ;   {runtime_call}
  0x000001c47bcf10e4: ec08 49ba | 1059 3e2d | fc7f 0000 | 41ff d248 | 83c4 08e9 | 0d00 0000 

  0x000001c47bcf10fc: ;   {runtime_call}
  0x000001c47bcf10fc: 49ba 1059 | 3e2d fc7f | 0000 41ff | d248 83c4 | 2058 e903 | 0000 0048 | 8b00 498b | 8fd8 0000 
  0x000001c47bcf111c: 00c7 8100 | 0100 0000 | 0000 00c9 | 4981 7f08 | 0000 0000 | 0f85 0100 

  0x000001c47bcf1134: ;   {runtime_call StubRoutines (1)}
  0x000001c47bcf1134: 0000 c3e9 | c4fd b2ff | c5f8 7748 | 8945 f84c | 8be4 4883 | ec20 4883 

  0x000001c47bcf114c: ;   {runtime_call}
  0x000001c47bcf114c: e4f0 49ba | 6095 7f2d | fc7f 0000 | 41ff d249 | 8be4 4d33 | e448 8b45 | f8e9 93fe | ffff f4f4 
  0x000001c47bcf116c: f4f4 f4f4 
[/MachCode]


Compiled method (c1)     758 1211       1       java.lang.ClassLoader::defineClass (43 bytes)
 total in heap  [0x000001c47bd28a10,0x000001c47bd28fb0] = 1440
 relocation     [0x000001c47bd28b68,0x000001c47bd28bc8] = 96
 main code      [0x000001c47bd28be0,0x000001c47bd28d80] = 416
 stub code      [0x000001c47bd28d80,0x000001c47bd28df8] = 120
 metadata       [0x000001c47bd28df8,0x000001c47bd28e28] = 48
 scopes data    [0x000001c47bd28e28,0x000001c47bd28ee0] = 184
 scopes pcs     [0x000001c47bd28ee0,0x000001c47bd28f80] = 160
 dependencies   [0x000001c47bd28f80,0x000001c47bd28f88] = 8
 nul chk table  [0x000001c47bd28f88,0x000001c47bd28fb0] = 40

[Constant Pool (empty)]

[MachCode]
[Entry Point]
  # {method} {0x000001c414010cc0} 'defineClass' '(Ljava/lang/String;[BIILjava/security/ProtectionDomain;)Ljava/lang/Class;' in 'java/lang/ClassLoader'
  # this:     rdx:rdx   = 'java/lang/ClassLoader'
  # parm0:    r8:r8     = 'java/lang/String'
  # parm1:    r9:r9     = '[B'
  # parm2:    rdi       = int
  # parm3:    rsi       = int
  # parm4:    rcx:rcx   = 'java/security/ProtectionDomain'
  #           [sp+0xc0]  (sp of caller)
  0x000001c47bd28be0: 448b 5208 | 49bb 0000 | 0014 c401 | 0000 4d03 | d34c 3bd0 

  0x000001c47bd28bf4: ;   {runtime_call ic_miss_stub}
  0x000001c47bd28bf4: 0f85 8684 | b4ff 660f | 1f44 0000 
[Verified Entry Point]
  0x000001c47bd28c00: 8984 2400 | 90ff ff55 | 4881 ecb0 | 0000 0048 | 8954 2478 | 89b4 2494 | 0000 0089 | bc24 9000 
  0x000001c47bd28c20: 0000 4c89 | 8c24 8800 | 0000 498b | d84c 8bc3 | 4c8b c948 | 8bca 488b | d148 899c | 2480 0000 
  0x000001c47bd28c40: 0066 0f1f 

  0x000001c47bd28c44: ;   {optimized virtual_call}
  0x000001c47bd28c44: 4400 00e8 

  0x000001c47bd28c48: ; ImmutableOopMap {[120]=Oop [136]=Oop [128]=Oop }
                      ;*invokevirtual preDefineClass {reexecute=0 rethrow=0 return_oop=0}
                      ; - java.lang.ClassLoader::defineClass@4 (line 1015)
  0x000001c47bd28c48: 7415 0000 | 4889 8424 | 9800 0000 

  0x000001c47bd28c54: ; implicit exception: dispatches to 0x000001c47bd28d2a
  0x000001c47bd28c54: 448b 4010 | 49c1 e003 | 4983 f800 | 0f85 0f00 

  0x000001c47bd28c64: ;   {oop(NULL)}
  0x000001c47bd28c64: 0000 48bb | 0000 0000 | 0000 0000 | e942 0000 | 0045 8b40 | 0c49 c1e0 | 0349 83f8 | 000f 850f 
  0x000001c47bd28c84: ;   {oop(NULL)}
  0x000001c47bd28c84: 0000 0048 | bb00 0000 | 0000 0000 | 00e9 2100 | 0000 418b | 5038 48c1 | e203 483b | 0266 0f1f 
  0x000001c47bd28ca4: ;   {optimized virtual_call}
  0x000001c47bd28ca4: 4400 00e8 

  0x000001c47bd28ca8: ; ImmutableOopMap {[120]=Oop [136]=Oop [128]=Oop [152]=Oop }
                      ;*invokevirtual toExternalForm {reexecute=0 rethrow=0 return_oop=0}
                      ; - java.net.URL::toExternalForm@5 (line 1039)
                      ; - java.net.URL::toString@1 (line 1025)
                      ; - java.lang.ClassLoader::defineClassSourceLocation@22 (line 917)
                      ; - java.lang.ClassLoader::defineClass@12 (line 1016)
  0x000001c47bd28ca8: 74ee fcff | 488b d848 | 8b84 2498 | 0000 008b | b424 9400 | 0000 8bbc | 2490 0000 | 004c 8b8c 
  0x000001c47bd28cc8: 2488 0000 | 004c 8b84 | 2480 0000 | 0048 8b54 | 2478 4c8b | da49 8bd3 | 488b c848 

  0x000001c47bd28ce4: ;   {static_call}
  0x000001c47bd28ce4: 891c 24e8 

  0x000001c47bd28ce8: ; ImmutableOopMap {[152]=Oop [120]=Oop }
                      ;*invokestatic defineClass1 {reexecute=0 rethrow=0 return_oop=0}
                      ; - java.lang.ClassLoader::defineClass@27 (line 1017)
  0x000001c47bd28ce8: 5481 fcff | 4c8b c04c | 8b8c 2498 | 0000 0048 | 8b54 2478 | 4889 8424 | a000 0000 

  0x000001c47bd28d04: ;   {optimized virtual_call}
  0x000001c47bd28d04: 6666 90e8 

  0x000001c47bd28d08: ; ImmutableOopMap {[160]=Oop }
                      ;*invokevirtual postDefineClass {reexecute=0 rethrow=0 return_oop=0}
                      ; - java.lang.ClassLoader::defineClass@37 (line 1018)
  0x000001c47bd28d08: f408 0000 | 488b 8424 | a000 0000 | 4881 c4b0 | 0000 005d 

  0x000001c47bd28d1c: ;   {poll_return}
  0x000001c47bd28d1c: 493b a748 | 0300 000f | 8715 0000 

  0x000001c47bd28d28: ;   {runtime_call throw_null_pointer_exception Runtime1 stub}
  0x000001c47bd28d28: 00c3 e8f1 

  0x000001c47bd28d2c: ; ImmutableOopMap {[120]=Oop [136]=Oop [128]=Oop rax=Oop [152]=Oop }
                      ;*invokevirtual getCodeSource {reexecute=0 rethrow=0 return_oop=0}
                      ; - java.lang.ClassLoader::defineClassSourceLocation@1 (line 914)
                      ; - java.lang.ClassLoader::defineClass@12 (line 1016)
                      ;   {runtime_call throw_null_pointer_exception Runtime1 stub}
  0x000001c47bd28d2c: b8be ffe8 

  0x000001c47bd28d30: ; ImmutableOopMap {[120]=Oop [136]=Oop [128]=Oop rax=Oop [152]=Oop }
                      ;*invokevirtual getLocation {reexecute=0 rethrow=0 return_oop=0}
                      ; - java.lang.ClassLoader::defineClassSourceLocation@12 (line 916)
                      ; - java.lang.ClassLoader::defineClass@12 (line 1016)
  0x000001c47bd28d30: ecb8 beff 

  0x000001c47bd28d34: ;   {runtime_call throw_null_pointer_exception Runtime1 stub}
  0x000001c47bd28d34: e8e7 b8be 

  0x000001c47bd28d38: ; ImmutableOopMap {[120]=Oop [136]=Oop [128]=Oop [152]=Oop r8=Oop }
                      ;*invokevirtual toString {reexecute=0 rethrow=0 return_oop=0}
                      ; - java.lang.ClassLoader::defineClassSourceLocation@22 (line 917)
                      ; - java.lang.ClassLoader::defineClass@12 (line 1016)
                      ;   {runtime_call throw_null_pointer_exception Runtime1 stub}
  0x000001c47bd28d38: ffe8 e2b8 

  0x000001c47bd28d3c: ; ImmutableOopMap {[120]=Oop [136]=Oop [128]=Oop [152]=Oop r8=Oop rdx=Oop }
                      ;*invokevirtual toExternalForm {reexecute=0 rethrow=0 return_oop=0}
                      ; - java.net.URL::toExternalForm@5 (line 1039)
                      ; - java.net.URL::toString@1 (line 1025)
                      ; - java.lang.ClassLoader::defineClassSourceLocation@22 (line 917)
                      ; - java.lang.ClassLoader::defineClass@12 (line 1016)
                      ;   {internal_word}
  0x000001c47bd28d3c: beff 49ba | 1c8d d27b | c401 0000 | 4d89 9760 

  0x000001c47bd28d4c: ;   {runtime_call SafepointBlob}
  0x000001c47bd28d4c: 0300 00e9 | acec b4ff | 9090 498b | 87d8 0300 | 0049 c787 | d803 0000 | 0000 0000 | 49c7 87e0 
  0x000001c47bd28d6c: 0300 0000 | 0000 0048 | 81c4 b000 

  0x000001c47bd28d78: ;   {runtime_call unwind_exception Runtime1 stub}
  0x000001c47bd28d78: 0000 5de9 | 80a9 beff 
[Stub Code]
  0x000001c47bd28d80: ;   {no_reloc}
  0x000001c47bd28d80: 0f1f 4400 

  0x000001c47bd28d84: ;   {static_stub}
  0x000001c47bd28d84: 0048 bb70 | 0e01 14c4 

  0x000001c47bd28d8c: ;   {runtime_call I2C/C2I adapters}
  0x000001c47bd28d8c: 0100 00e9 | 4d4c b4ff 

  0x000001c47bd28d94: ;   {static_stub}
  0x000001c47bd28d94: 9048 bb00 | 0000 0000 

  0x000001c47bd28d9c: ;   {runtime_call}
  0x000001c47bd28d9c: 0000 00e9 | fbff ffff 

  0x000001c47bd28da4: ;   {static_stub}
  0x000001c47bd28da4: 9048 bb00 | 0000 0000 

  0x000001c47bd28dac: ;   {runtime_call}
  0x000001c47bd28dac: 0000 00e9 | fbff ffff 

  0x000001c47bd28db4: ;   {static_stub}
  0x000001c47bd28db4: 9048 bb00 | 0000 0000 

  0x000001c47bd28dbc: ;   {runtime_call}
  0x000001c47bd28dbc: 0000 00e9 | fbff ffff 
[Exception Handler]
  0x000001c47bd28dc4: ;   {runtime_call handle_exception_from_callee Runtime1 stub}
  0x000001c47bd28dc4: e837 d6be 

  0x000001c47bd28dc8: ;   {external_word}
  0x000001c47bd28dc8: ff48 b950 | eaa3 2dfc | 7f00 0048 

  0x000001c47bd28dd4: ;   {runtime_call}
  0x000001c47bd28dd4: 83e4 f049 | ba70 596c | 2dfc 7f00 | 0041 ffd2 

  0x000001c47bd28de4: ;   {section_word}
  0x000001c47bd28de4: f449 bae5 | 8dd2 7bc4 | 0100 0041 

  0x000001c47bd28df0: ;   {runtime_call DeoptimizationBlob}
  0x000001c47bd28df0: 52e9 aade | b4ff f4f4 
[/MachCode]


Compiled method (c1)     761 1195       1       jdk.internal.loader.BuiltinClassLoader::defineClass (121 bytes)
 total in heap  [0x000001c47bd22090,0x000001c47bd22f28] = 3736
 relocation     [0x000001c47bd221e8,0x000001c47bd22318] = 304
 main code      [0x000001c47bd22320,0x000001c47bd22960] = 1600
 stub code      [0x000001c47bd22960,0x000001c47bd22aa8] = 328
 metadata       [0x000001c47bd22aa8,0x000001c47bd22af0] = 72
 scopes data    [0x000001c47bd22af0,0x000001c47bd22d48] = 600
 scopes pcs     [0x000001c47bd22d48,0x000001c47bd22ee8] = 416
 dependencies   [0x000001c47bd22ee8,0x000001c47bd22ef0] = 8
 handler table  [0x000001c47bd22ef0,0x000001c47bd22f08] = 24
 nul chk table  [0x000001c47bd22f08,0x000001c47bd22f28] = 32

[Constant Pool (empty)]

[MachCode]
[Entry Point]
  # {method} {0x000001c414436500} 'defineClass' '(Ljava/lang/String;Ljdk/internal/loader/Resource;)Ljava/lang/Class;' in 'jdk/internal/loader/BuiltinClassLoader'
  # this:     rdx:rdx   = 'jdk/internal/loader/BuiltinClassLoader'
  # parm0:    r8:r8     = 'java/lang/String'
  # parm1:    r9:r9     = 'jdk/internal/loader/Resource'
  #           [sp+0x110]  (sp of caller)
  0x000001c47bd22320: 448b 5208 | 49bb 0000 | 0014 c401 | 0000 4d03 | d34c 3bd0 

  0x000001c47bd22334: ;   {runtime_call ic_miss_stub}
  0x000001c47bd22334: 0f85 46ed | b4ff 660f | 1f44 0000 
[Verified Entry Point]
  0x000001c47bd22340: 8984 2400 | 90ff ff55 | 4881 ec00 | 0100 0048 | 8994 24a0 | 0000 004c | 8984 2490 | 0000 004c 
  0x000001c47bd22360: 898c 2498 | 0000 0049 | 8bd1 6666 | 9048 b850 | 7119 14c4 

  0x000001c47bd22374: ;   {virtual_call}
  0x000001c47bd22374: 0100 00e8 

  0x000001c47bd22378: ; ImmutableOopMap {[152]=Oop [160]=Oop [144]=Oop }
                      ;*invokevirtual getCodeSourceURL {reexecute=0 rethrow=0 return_oop=0}
                      ; - jdk.internal.loader.BuiltinClassLoader::defineClass@1 (line 842)
  0x000001c47bd22378: 2462 0000 | 4889 8424 | a800 0000 | 4c8b 8424 | 9000 0000 

  0x000001c47bd2238c: ; implicit exception: dispatches to 0x000001c47bd22853
  0x000001c47bd2238c: 418b 7014 | 48c1 e603 

  0x000001c47bd22394: ; implicit exception: dispatches to 0x000001c47bd22858
  0x000001c47bd22394: 8b56 0c45 | 0fbe 4810 | 498b c9c1 | e118 c1f9 | 18d3 fa48 | 8bfa ffcf | 4183 f900 | ba00 0000 
  0x000001c47bd223b4: 000f 8505 | 0000 00ba | 0100 0000 | 83e2 0183 | fa00 488b | d641 b82e | 0000 004c | 8bcf 0f84 
  0x000001c47bd223d4: 1100 0000 | 0f1f 8000 

  0x000001c47bd223dc: ;   {static_call}
  0x000001c47bd223dc: 0000 00e8 

  0x000001c47bd223e0: ; ImmutableOopMap {[152]=Oop [160]=Oop [168]=Oop [144]=Oop }
                      ;*invokestatic lastIndexOf {reexecute=0 rethrow=0 return_oop=0}
                      ; - java.lang.String::lastIndexOf@13 (line 2489)
                      ; - java.lang.String::lastIndexOf@8 (line 2451)
                      ; - jdk.internal.loader.BuiltinClassLoader::defineClass@8 (line 845)
  0x000001c47bd223e0: 3c39 c9ff | e90b 0000 | 0066 0f1f 

  0x000001c47bd223ec: ;   {static_call}
  0x000001c47bd223ec: 4400 00e8 

  0x000001c47bd223f0: ; ImmutableOopMap {[152]=Oop [160]=Oop [168]=Oop [144]=Oop }
                      ;*invokestatic lastIndexOf {reexecute=0 rethrow=0 return_oop=0}
                      ; - java.lang.String::lastIndexOf@25 (line 2490)
                      ; - java.lang.String::lastIndexOf@8 (line 2451)
                      ; - jdk.internal.loader.BuiltinClassLoader::defineClass@8 (line 845)
  0x000001c47bd223f0: 8cf5 b4ff | 83f8 ff0f | 8467 0000 | 0041 b800 | 0000 004c | 8bc8 488b | 9424 9000 

  0x000001c47bd2240c: ;   {optimized virtual_call}
  0x000001c47bd2240c: 0000 90e8 

  0x000001c47bd22410: ; ImmutableOopMap {[152]=Oop [160]=Oop [168]=Oop [144]=Oop }
                      ;*invokevirtual substring {reexecute=0 rethrow=0 return_oop=0}
                      ; - jdk.internal.loader.BuiltinClassLoader::defineClass@23 (line 847)
  0x000001c47bd22410: ec60 e6ff | 488b 9424 | 9800 0000 | 4889 8424 | b000 0000 | 9048 b850 | 7119 14c4 

  0x000001c47bd2242c: ;   {virtual_call}
  0x000001c47bd2242c: 0100 00e8 

  0x000001c47bd22430: ; ImmutableOopMap {[152]=Oop [160]=Oop [168]=Oop [144]=Oop [176]=Oop }
                      ;*invokevirtual getManifest {reexecute=0 rethrow=0 return_oop=0}
                      ; - jdk.internal.loader.BuiltinClassLoader::defineClass@29 (line 848)
  0x000001c47bd22430: 4ced 0100 | 4c8b 8424 | b000 0000 | 4c8b c848 | 8bbc 24a8 | 0000 0048 | 8b94 24a0 | 0000 0066 
  0x000001c47bd22450: 0f1f 4400 | 0048 b880 | cd07 14c4 

  0x000001c47bd2245c: ;   {virtual_call}
  0x000001c47bd2245c: 0100 00e8 

  0x000001c47bd22460: ; ImmutableOopMap {[152]=Oop [160]=Oop [168]=Oop [144]=Oop }
                      ;*invokevirtual defineOrCheckPackage {reexecute=0 rethrow=0 return_oop=0}
                      ; - jdk.internal.loader.BuiltinClassLoader::defineClass@40 (line 849)
  0x000001c47bd22460: bcdf ffff | 4c8b 8c24 | 9800 0000 | 488d 9424 | e000 0000 | 4c89 4a08 | 498b 0148 | 83c8 0148 
  0x000001c47bd22480: 8902 f049 | 0fb1 110f | 8413 0000 | 0048 2bc4 | 4881 e007 | f0ff ff48 | 8902 0f85 | bd03 0000 
  0x000001c47bd224a0: 418b 510c | 48c1 e203 | 4883 fa00 | 0f85 4700 | 0000 498b | d148 b850 | 7119 14c4 

  0x000001c47bd224bc: ;   {virtual_call}
  0x000001c47bd224bc: 0100 00e8 

  0x000001c47bd224c0: ; ImmutableOopMap {[160]=Oop [168]=Oop [144]=Oop [152]=Oop [232]=Oop }
                      ;*invokevirtual getInputStream {reexecute=0 rethrow=0 return_oop=0}
                      ; - jdk.internal.loader.Resource::cachedInputStream@9 (line 77)
                      ; - jdk.internal.loader.Resource::getByteBuffer@1 (line 163)
                      ; - jdk.internal.loader.BuiltinClassLoader::defineClass@45 (line 853)
  0x000001c47bd224c0: dce5 0100 | 410f be57 | 3883 fa00 | 4c8b 8c24 | 9800 0000 | 0f85 9603 | 0000 4c8b | d049 c1ea 
  0x000001c47bd224e0: 0345 8951 | 0c49 8bd1 | 4833 d048 | c1ea 1548 | 83fa 000f | 8597 0300 | 0041 8b51 | 0c48 c1e2 
  0x000001c47bd22500: 0348 8d84 | 24e0 0000 | 0048 8b30 | 4885 f60f | 840f 0000 | 0048 8b78 | 08f0 480f | b137 0f85 
  0x000001c47bd22520: 8403 0000 | 4883 fa00 | 0f84 4400 

  0x000001c47bd2252c: ;   {metadata('sun/nio/ByteBuffered')}
  0x000001c47bd2252c: 0000 48b8 | 68ce 0d14 | c401 0000 | 8b5a 0849 | ba00 0000 | 14c4 0100 | 0049 03da | 483b 4320 
  0x000001c47bd2254c: 0f84 2500 | 0000 483b | d80f 841c | 0000 0053 

  0x000001c47bd2255c: ;   {runtime_call slow_subtype_check Runtime1 stub}
  0x000001c47bd2255c: 50e8 9e4a | bfff 5b5b | 83fb 000f | 8405 0000 | 00e9 0500 | 0000 4833 | f6eb 0a48 | be01 0000 
  0x000001c47bd2257c: 0000 0000 | 0083 fe00 | 0f84 6700 | 0000 4883 | fa00 0f84 | 4400 0000 

  0x000001c47bd22594: ;   {metadata('sun/nio/ByteBuffered')}
  0x000001c47bd22594: 48bb 68ce | 0d14 c401 | 0000 8b7a | 0849 ba00 | 0000 14c4 | 0100 0049 | 03fa 483b | 5f20 0f84 
  0x000001c47bd225b4: 2000 0000 | 483b fb0f | 8417 0000 

  0x000001c47bd225c0: ;   {runtime_call slow_subtype_check Runtime1 stub}
  0x000001c47bd225c0: 0057 53e8 | 384a bfff | 5f5f 83ff | 000f 84eb | 0200 00e9 | 0000 0000 | 0f1f 4400 | 0048 b8ff 
  0x000001c47bd225e0: ffff ffff 

  0x000001c47bd225e4: ;   {virtual_call}
  0x000001c47bd225e4: ffff ffe8 

  0x000001c47bd225e8: ; ImmutableOopMap {[160]=Oop [168]=Oop [144]=Oop [152]=Oop }
                      ;*invokeinterface getByteBuffer {reexecute=0 rethrow=0 return_oop=0}
                      ; - jdk.internal.loader.Resource::getByteBuffer@16 (line 165)
                      ; - jdk.internal.loader.BuiltinClassLoader::defineClass@45 (line 853)
  0x000001c47bd225e8: 94f0 b4ff | e90a 0000 

  0x000001c47bd225f0: ;   {oop(NULL)}
  0x000001c47bd225f0: 0048 b800 | 0000 0000 | 0000 0048 | 83f8 000f | 84e5 0000 | 0048 8984 | 24b8 0000 | 0048 8b94 
  0x000001c47bd22610: 2498 0000 | 0048 b8ff | ffff ffff 

  0x000001c47bd2261c: ;   {virtual_call}
  0x000001c47bd2261c: ffff ffe8 

  0x000001c47bd22620: ; ImmutableOopMap {[160]=Oop [168]=Oop [144]=Oop [184]=Oop }
                      ;*invokevirtual getCodeSigners {reexecute=0 rethrow=0 return_oop=0}
                      ; - jdk.internal.loader.BuiltinClassLoader::defineClass@56 (line 855)
  0x000001c47bd22620: 5cf0 b4ff 

  0x000001c47bd22624: ;   {metadata('java/security/CodeSource')}
  0x000001c47bd22624: 4c8b c848 | bab0 ee00 | 14c4 0100 | 0049 8b87 | 0801 0000 | 488d 7828 | 493b bf18 | 0100 000f 
  0x000001c47bd22644: 877e 0200 | 0049 89bf | 0801 0000 | 48c7 0001 | 0000 0048 | 8bca 49ba | 0000 0014 | c401 0000 
  0x000001c47bd22664: 492b ca89 | 4808 4833 | c989 480c | 4833 c948 | 8948 1048 | 8948 1848 | 8948 204c | 8b84 24a8 
  0x000001c47bd22684: 0000 0048 | 8bd0 4889 | 8424 c000 | 0000 0f1f 

  0x000001c47bd22694: ;   {optimized virtual_call}
  0x000001c47bd22694: 4400 00e8 

  0x000001c47bd22698: ; ImmutableOopMap {[160]=Oop [144]=Oop [184]=Oop [192]=Oop }
                      ;*invokespecial <init> {reexecute=0 rethrow=0 return_oop=0}
                      ; - jdk.internal.loader.BuiltinClassLoader::defineClass@68 (line 856)
  0x000001c47bd22698: e4ec b4ff | 4c8b 8424 | c000 0000 | 488b 9424 | a000 0000 

  0x000001c47bd226ac: ;   {optimized virtual_call}
  0x000001c47bd226ac: 6666 90e8 

  0x000001c47bd226b0: ; ImmutableOopMap {[160]=Oop [144]=Oop [184]=Oop }
                      ;*invokevirtual getProtectionDomain {reexecute=0 rethrow=0 return_oop=0}
                      ; - java.security.SecureClassLoader::defineClass@5 (line 182)
                      ; - jdk.internal.loader.BuiltinClassLoader::defineClass@79 (line 857)
  0x000001c47bd226b0: ccec b4ff | 4c8b 8424 | 9000 0000 | 4c8b 8c24 | b800 0000 | 488b f848 | 8b94 24a0 

  0x000001c47bd226cc: ;   {optimized virtual_call}
  0x000001c47bd226cc: 0000 00e8 

  0x000001c47bd226d0: ; ImmutableOopMap {}
                      ;*invokevirtual defineClass {reexecute=0 rethrow=0 return_oop=0}
                      ; - java.security.SecureClassLoader::defineClass@8 (line 182)
                      ; - jdk.internal.loader.BuiltinClassLoader::defineClass@79 (line 857)
  0x000001c47bd226d0: acec b4ff | 4881 c400 | 0100 005d 

  0x000001c47bd226dc: ;   {poll_return}
  0x000001c47bd226dc: 493b a748 | 0300 000f | 87eb 0100 | 00c3 4c8b | 8c24 9800 | 0000 498b | d148 b850 | 7119 14c4 
  0x000001c47bd226fc: ;   {virtual_call}
  0x000001c47bd226fc: 0100 00e8 

  0x000001c47bd22700: ; ImmutableOopMap {[160]=Oop [144]=Oop [152]=Oop [168]=Oop }
                      ;*invokevirtual getBytes {reexecute=0 rethrow=0 return_oop=0}
                      ; - jdk.internal.loader.BuiltinClassLoader::defineClass@84 (line 859)
  0x000001c47bd22700: dcf1 0100 | 4889 8424 | c800 0000 | 488b 9424 | 9800 0000 | 9048 b850 | 7119 14c4 

  0x000001c47bd2271c: ;   {virtual_call}
  0x000001c47bd2271c: 0100 00e8 

  0x000001c47bd22720: ; ImmutableOopMap {[160]=Oop [144]=Oop [168]=Oop [200]=Oop }
                      ;*invokevirtual getCodeSigners {reexecute=0 rethrow=0 return_oop=0}
                      ; - jdk.internal.loader.BuiltinClassLoader::defineClass@90 (line 860)
  0x000001c47bd22720: 7c61 0000 

  0x000001c47bd22724: ;   {metadata('java/security/CodeSource')}
  0x000001c47bd22724: 4c8b c848 | bab0 ee00 | 14c4 0100 | 0049 8b87 | 0801 0000 | 488d 7828 | 493b bf18 | 0100 000f 
  0x000001c47bd22744: 87a1 0100 | 0049 89bf | 0801 0000 | 48c7 0001 | 0000 0048 | 8bca 49ba | 0000 0014 | c401 0000 
  0x000001c47bd22764: 492b ca89 | 4808 4833 | c989 480c | 4833 c948 | 8948 1048 | 8948 1848 | 8948 204c | 8b84 24a8 
  0x000001c47bd22784: 0000 0048 | 8bd0 4889 | 8424 d000 | 0000 0f1f 

  0x000001c47bd22794: ;   {optimized virtual_call}
  0x000001c47bd22794: 4400 00e8 

  0x000001c47bd22798: ; ImmutableOopMap {[160]=Oop [144]=Oop [200]=Oop [208]=Oop }
                      ;*invokespecial <init> {reexecute=0 rethrow=0 return_oop=0}
                      ; - jdk.internal.loader.BuiltinClassLoader::defineClass@102 (line 861)
  0x000001c47bd22798: 444e 0000 | 488b 8424 | c800 0000 

  0x000001c47bd227a4: ; implicit exception: dispatches to 0x000001c47bd228f7
  0x000001c47bd227a4: 8b70 0c4c | 8b84 24d0 | 0000 0048 | 8b94 24a0 | 0000 0089 | b424 d800 

  0x000001c47bd227bc: ;   {optimized virtual_call}
  0x000001c47bd227bc: 0000 90e8 

  0x000001c47bd227c0: ; ImmutableOopMap {[160]=Oop [144]=Oop [200]=Oop }
                      ;*invokevirtual getProtectionDomain {reexecute=0 rethrow=0 return_oop=0}
                      ; - java.security.SecureClassLoader::defineClass@9 (line 150)
                      ; - jdk.internal.loader.BuiltinClassLoader::defineClass@117 (line 862)
  0x000001c47bd227c0: 1c58 0000 | 4c8b 8424 | 9000 0000 | 4c8b 8c24 | c800 0000 | bf00 0000 | 008b b424 | d800 0000 
  0x000001c47bd227e0: 488b c848 | 8b94 24a0 | 0000 000f 

  0x000001c47bd227ec: ;   {optimized virtual_call}
  0x000001c47bd227ec: 1f40 00e8 

  0x000001c47bd227f0: ; ImmutableOopMap {}
                      ;*invokevirtual defineClass {reexecute=0 rethrow=0 return_oop=0}
                      ; - java.security.SecureClassLoader::defineClass@12 (line 150)
                      ; - jdk.internal.loader.BuiltinClassLoader::defineClass@117 (line 862)
  0x000001c47bd227f0: 0c64 0000 | 4881 c400 | 0100 005d 

  0x000001c47bd227fc: ;   {poll_return}
  0x000001c47bd227fc: 493b a748 | 0300 000f | 87f3 0000 | 00c3 498b | 87d8 0300 | 004d 33d2 | 4d89 97d8 | 0300 004d 
  0x000001c47bd2281c: 33d2 4d89 | 97e0 0300 | 0048 8bf0 | 488d 8424 | e000 0000 | 488b 3848 | 85ff 0f84 | 0f00 0000 
  0x000001c47bd2283c: 488b 5808 | f048 0fb1 | 3b0f 85c7 | 0000 0048 | 8bc6 e9f4 

  0x000001c47bd22850: ;   {runtime_call throw_null_pointer_exception Runtime1 stub}
  0x000001c47bd22850: 0000 00e8 

  0x000001c47bd22854: ; ImmutableOopMap {[152]=Oop [160]=Oop rax=Oop [168]=Oop r8=Oop [144]=Oop }
                      ;*invokevirtual lastIndexOf {reexecute=0 rethrow=0 return_oop=0}
                      ; - jdk.internal.loader.BuiltinClassLoader::defineClass@8 (line 845)
  0x000001c47bd22854: c81d bfff 

  0x000001c47bd22858: ;   {runtime_call throw_null_pointer_exception Runtime1 stub}
  0x000001c47bd22858: e8c3 1dbf 

  0x000001c47bd2285c: ; ImmutableOopMap {[152]=Oop [160]=Oop rax=Oop [168]=Oop r8=Oop [144]=Oop rsi=Oop }
                      ;*arraylength {reexecute=0 rethrow=0 return_oop=0}
                      ; - java.lang.String::length@4 (line 1481)
                      ; - java.lang.String::lastIndexOf@3 (line 2451)
                      ; - jdk.internal.loader.BuiltinClassLoader::defineClass@8 (line 845)
  0x000001c47bd2285c: ff4c 894c | 2408 4889 

  0x000001c47bd22864: ;   {runtime_call monitorenter_nofpu Runtime1 stub}
  0x000001c47bd22864: 1424 e895 

  0x000001c47bd22868: ; ImmutableOopMap {[160]=Oop [168]=Oop [144]=Oop r9=Oop [152]=Oop [232]=Oop }
                      ;*synchronization entry
                      ; - jdk.internal.loader.Resource::cachedInputStream@-1 (line 76)
                      ; - jdk.internal.loader.Resource::getByteBuffer@1 (line 163)
                      ; - jdk.internal.loader.BuiltinClassLoader::defineClass@45 (line 853)
  0x000001c47bd22868: 4dbf ffe9 | 30fc ffff | 418b 510c | 48c1 e203 | 4883 fa00 | 0f84 58fc | ffff 4889 

  0x000001c47bd22884: ;   {runtime_call g1_pre_barrier_slow}
  0x000001c47bd22884: 1424 e875 | 80bf ffe9 | 4afc ffff | 4883 f800 | 0f84 5ffc | ffff 4c89 

  0x000001c47bd2289c: ;   {runtime_call g1_post_barrier_slow}
  0x000001c47bd2289c: 0c24 e85d | 83bf ffe9 | 51fc ffff | 488d 8424 | e000 0000 | 4889 0424 

  0x000001c47bd228b4: ;   {runtime_call monitorexit_nofpu Runtime1 stub}
  0x000001c47bd228b4: e847 53bf | ffe9 66fc | ffff 4889 

  0x000001c47bd228c0: ;   {runtime_call throw_class_cast_exception Runtime1 stub}
  0x000001c47bd228c0: 1424 e859 

  0x000001c47bd228c4: ; ImmutableOopMap {[160]=Oop [168]=Oop [144]=Oop [152]=Oop }
                      ;*checkcast {reexecute=0 rethrow=0 return_oop=0}
                      ; - jdk.internal.loader.Resource::getByteBuffer@13 (line 165)
                      ; - jdk.internal.loader.BuiltinClassLoader::defineClass@45 (line 853)
  0x000001c47bd228c4: 41bf ff48 

  0x000001c47bd228c8: ;   {runtime_call fast_new_instance Runtime1 stub}
  0x000001c47bd228c8: 8bd2 e831 

  0x000001c47bd228cc: ; ImmutableOopMap {[160]=Oop [168]=Oop [144]=Oop [184]=Oop r9=Oop }
                      ;*new {reexecute=0 rethrow=0 return_oop=0}
                      ; - jdk.internal.loader.BuiltinClassLoader::defineClass@61 (line 856)
  0x000001c47bd228cc: 26bf ffe9 | abfd ffff 

  0x000001c47bd228d4: ;   {internal_word}
  0x000001c47bd228d4: 49ba dc26 | d27b c401 | 0000 4d89 | 9760 0300 

  0x000001c47bd228e4: ;   {runtime_call SafepointBlob}
  0x000001c47bd228e4: 00e9 1651 | b5ff 488b 

  0x000001c47bd228ec: ;   {runtime_call fast_new_instance Runtime1 stub}
  0x000001c47bd228ec: d2e8 0e26 

  0x000001c47bd228f0: ; ImmutableOopMap {[160]=Oop [144]=Oop [168]=Oop [200]=Oop r9=Oop }
                      ;*new {reexecute=0 rethrow=0 return_oop=0}
                      ; - jdk.internal.loader.BuiltinClassLoader::defineClass@95 (line 861)
  0x000001c47bd228f0: bfff e988 

  0x000001c47bd228f4: ;   {runtime_call throw_null_pointer_exception Runtime1 stub}
  0x000001c47bd228f4: feff ffe8 

  0x000001c47bd228f8: ; ImmutableOopMap {[160]=Oop [144]=Oop [208]=Oop rax=Oop [200]=Oop }
                      ;*arraylength {reexecute=0 rethrow=0 return_oop=0}
                      ; - jdk.internal.loader.BuiltinClassLoader::defineClass@114 (line 862)
  0x000001c47bd228f8: 241d bfff 

  0x000001c47bd228fc: ;   {internal_word}
  0x000001c47bd228fc: 49ba fc27 | d27b c401 | 0000 4d89 | 9760 0300 

  0x000001c47bd2290c: ;   {runtime_call SafepointBlob}
  0x000001c47bd2290c: 00e9 ee50 | b5ff 488d | 8424 e000 | 0000 4889 

  0x000001c47bd2291c: ;   {runtime_call monitorexit_nofpu Runtime1 stub}
  0x000001c47bd2291c: 0424 e8dd | 52bf ffe9 | 23ff ffff | 9090 498b | 87d8 0300 | 0049 c787 | d803 0000 | 0000 0000 
  0x000001c47bd2293c: 49c7 87e0 | 0300 0000 | 0000 0048 | 81c4 0001 

  0x000001c47bd2294c: ;   {runtime_call unwind_exception Runtime1 stub}
  0x000001c47bd2294c: 0000 5de9 | ac0d bfff | f4f4 f4f4 | f4f4 f4f4 | f4f4 f4f4 
[Stub Code]
  0x000001c47bd22960: ;   {no_reloc}
  0x000001c47bd22960: 0f1f 4400 

  0x000001c47bd22964: ;   {static_stub}
  0x000001c47bd22964: 0048 bb00 | 0000 0000 

  0x000001c47bd2296c: ;   {runtime_call}
  0x000001c47bd2296c: 0000 00e9 | fbff ffff 

  0x000001c47bd22974: ;   {static_stub}
  0x000001c47bd22974: 9048 bb00 | 0000 0000 

  0x000001c47bd2297c: ;   {runtime_call}
  0x000001c47bd2297c: 0000 00e9 | fbff ffff 

  0x000001c47bd22984: ;   {static_stub}
  0x000001c47bd22984: 9048 bb00 | 0000 0000 

  0x000001c47bd2298c: ;   {runtime_call}
  0x000001c47bd2298c: 0000 00e9 | fbff ffff 

  0x000001c47bd22994: ;   {static_stub}
  0x000001c47bd22994: 9048 bb00 | 0000 0000 

  0x000001c47bd2299c: ;   {runtime_call}
  0x000001c47bd2299c: 0000 00e9 | fbff ffff 

  0x000001c47bd229a4: ;   {static_stub}
  0x000001c47bd229a4: 9048 bb00 | 0000 0000 

  0x000001c47bd229ac: ;   {runtime_call}
  0x000001c47bd229ac: 0000 00e9 | fbff ffff 

  0x000001c47bd229b4: ;   {static_stub}
  0x000001c47bd229b4: 9048 bb00 | 0000 0000 

  0x000001c47bd229bc: ;   {runtime_call}
  0x000001c47bd229bc: 0000 00e9 | fbff ffff 

  0x000001c47bd229c4: ;   {static_stub}
  0x000001c47bd229c4: 9048 bb00 | 0000 0000 

  0x000001c47bd229cc: ;   {runtime_call}
  0x000001c47bd229cc: 0000 00e9 | fbff ffff 

  0x000001c47bd229d4: ;   {static_stub}
  0x000001c47bd229d4: 9048 bb00 | 0000 0000 

  0x000001c47bd229dc: ;   {runtime_call}
  0x000001c47bd229dc: 0000 00e9 | fbff ffff 

  0x000001c47bd229e4: ;   {static_stub}
  0x000001c47bd229e4: 9048 bb00 | 0000 0000 

  0x000001c47bd229ec: ;   {runtime_call}
  0x000001c47bd229ec: 0000 00e9 | fbff ffff 

  0x000001c47bd229f4: ;   {static_stub}
  0x000001c47bd229f4: 9048 bb00 | 0000 0000 

  0x000001c47bd229fc: ;   {runtime_call}
  0x000001c47bd229fc: 0000 00e9 | fbff ffff 

  0x000001c47bd22a04: ;   {static_stub}
  0x000001c47bd22a04: 9048 bb00 | 0000 0000 

  0x000001c47bd22a0c: ;   {runtime_call}
  0x000001c47bd22a0c: 0000 00e9 | fbff ffff 

  0x000001c47bd22a14: ;   {static_stub}
  0x000001c47bd22a14: 9048 bb00 | 0000 0000 

  0x000001c47bd22a1c: ;   {runtime_call}
  0x000001c47bd22a1c: 0000 00e9 | fbff ffff 

  0x000001c47bd22a24: ;   {static_stub}
  0x000001c47bd22a24: 9048 bb00 | 0000 0000 

  0x000001c47bd22a2c: ;   {runtime_call}
  0x000001c47bd22a2c: 0000 00e9 | fbff ffff 

  0x000001c47bd22a34: ;   {static_stub}
  0x000001c47bd22a34: 9048 bb00 | 0000 0000 

  0x000001c47bd22a3c: ;   {runtime_call}
  0x000001c47bd22a3c: 0000 00e9 | fbff ffff 

  0x000001c47bd22a44: ;   {static_stub}
  0x000001c47bd22a44: 9048 bb00 | 0000 0000 

  0x000001c47bd22a4c: ;   {runtime_call}
  0x000001c47bd22a4c: 0000 00e9 | fbff ffff 

  0x000001c47bd22a54: ;   {static_stub}
  0x000001c47bd22a54: 9048 bb00 | 0000 0000 

  0x000001c47bd22a5c: ;   {runtime_call}
  0x000001c47bd22a5c: 0000 00e9 | fbff ffff 

  0x000001c47bd22a64: ;   {static_stub}
  0x000001c47bd22a64: 9048 bb00 | 0000 0000 

  0x000001c47bd22a6c: ;   {runtime_call}
  0x000001c47bd22a6c: 0000 00e9 | fbff ffff 
[Exception Handler]
  0x000001c47bd22a74: ;   {runtime_call handle_exception_from_callee Runtime1 stub}
  0x000001c47bd22a74: e887 39bf 

  0x000001c47bd22a78: ;   {external_word}
  0x000001c47bd22a78: ff48 b950 | eaa3 2dfc | 7f00 0048 

  0x000001c47bd22a84: ;   {runtime_call}
  0x000001c47bd22a84: 83e4 f049 | ba70 596c | 2dfc 7f00 | 0041 ffd2 

  0x000001c47bd22a94: ;   {section_word}
  0x000001c47bd22a94: f449 ba95 | 2ad2 7bc4 | 0100 0041 

  0x000001c47bd22aa0: ;   {runtime_call DeoptimizationBlob}
  0x000001c47bd22aa0: 52e9 fa41 | b5ff f4f4 
[/MachCode]


---------------  P R O C E S S  ---------------

Threads class SMR info:
_java_thread_list=0x000001c413863a70, length=17, elements={
0x000001c47b77f250, 0x000001c412abc3b0, 0x000001c412abd230, 0x000001c412ad76f0,
0x000001c412ad8570, 0x000001c412adc0b0, 0x000001c412adca70, 0x000001c412adf4f0,
0x000001c412adfef0, 0x000001c412aeea10, 0x000001c4130c0c50, 0x000001c4131bcc20,
0x000001c4131bd550, 0x000001c4131bdff0, 0x000001c41343d200, 0x000001c41343d6e0,
0x000001c4138dce60
}

Java Threads: ( => current thread )
=>0x000001c47b77f250 JavaThread "main" [_thread_in_vm, id=10660, stack(0x0000009839900000,0x0000009839a00000)]
  0x000001c412abc3b0 JavaThread "Reference Handler" daemon [_thread_blocked, id=28624, stack(0x000000983a000000,0x000000983a100000)]
  0x000001c412abd230 JavaThread "Finalizer" daemon [_thread_blocked, id=37904, stack(0x000000983a100000,0x000000983a200000)]
  0x000001c412ad76f0 JavaThread "Signal Dispatcher" daemon [_thread_blocked, id=23100, stack(0x000000983a200000,0x000000983a300000)]
  0x000001c412ad8570 JavaThread "Attach Listener" daemon [_thread_blocked, id=19808, stack(0x000000983a300000,0x000000983a400000)]
  0x000001c412adc0b0 JavaThread "Service Thread" daemon [_thread_blocked, id=40400, stack(0x000000983a400000,0x000000983a500000)]
  0x000001c412adca70 JavaThread "Monitor Deflation Thread" daemon [_thread_blocked, id=34632, stack(0x000000983a500000,0x000000983a600000)]
  0x000001c412adf4f0 JavaThread "C1 CompilerThread0" daemon [_thread_blocked, id=18036, stack(0x000000983a600000,0x000000983a700000)]
  0x000001c412adfef0 JavaThread "Sweeper thread" daemon [_thread_blocked, id=29188, stack(0x000000983a700000,0x000000983a800000)]
  0x000001c412aeea10 JavaThread "C1 CompilerThread1" daemon [_thread_blocked, id=37840, stack(0x000000983a800000,0x000000983a900000)]
  0x000001c4130c0c50 JavaThread "Common-Cleaner" daemon [_thread_blocked, id=2144, stack(0x000000983a900000,0x000000983aa00000)]
  0x000001c4131bcc20 JavaThread "C1 CompilerThread2" daemon [_thread_blocked, id=18816, stack(0x000000983aa00000,0x000000983ab00000)]
  0x000001c4131bd550 JavaThread "C1 CompilerThread3" daemon [_thread_blocked, id=40764, stack(0x000000983ab00000,0x000000983ac00000)]
  0x000001c4131bdff0 JavaThread "C1 CompilerThread4" daemon [_thread_blocked, id=30676, stack(0x000000983ac00000,0x000000983ad00000)]
  0x000001c41343d200 JavaThread "Monitor Ctrl-Break" daemon [_thread_in_native, id=37276, stack(0x000000983ad00000,0x000000983ae00000)]
  0x000001c41343d6e0 JavaThread "Notification Thread" daemon [_thread_blocked, id=31360, stack(0x000000983ae00000,0x000000983af00000)]
  0x000001c4138dce60 JavaThread "RMI TCP Accept-0" daemon [_thread_in_native, id=22020, stack(0x000000983af00000,0x000000983b000000)]

Other Threads:
  0x000001c412ab4d00 VMThread "VM Thread" [stack: 0x0000009839f00000,0x000000983a000000] [id=12820]
  0x000001c47b7800d0 WatcherThread [stack: 0x000000983b000000,0x000000983b100000] [id=12000]
  0x000001c47b7eae00 GCTaskThread "GC Thread#0" [stack: 0x0000009839a00000,0x0000009839b00000] [id=38980]
  0x000001c413b8c540 GCTaskThread "GC Thread#1" [stack: 0x000000983b100000,0x000000983b200000] [id=37076]
  0x000001c413b97560 GCTaskThread "GC Thread#2" [stack: 0x000000983b200000,0x000000983b300000] [id=40292]
  0x000001c413b97c20 GCTaskThread "GC Thread#3" [stack: 0x000000983b300000,0x000000983b400000] [id=33416]
  0x000001c413b97ee0 GCTaskThread "GC Thread#4" [stack: 0x000000983b400000,0x000000983b500000] [id=39484]
  0x000001c413bc6040 GCTaskThread "GC Thread#5" [stack: 0x000000983b500000,0x000000983b600000] [id=34020]
  0x000001c413bf7c90 GCTaskThread "GC Thread#6" [stack: 0x000000983b600000,0x000000983b700000] [id=1892]
  0x000001c45929ba80 GCTaskThread "GC Thread#7" [stack: 0x000000983b700000,0x000000983b800000] [id=40424]
  0x000001c47b7fb920 ConcurrentGCThread "G1 Main Marker" [stack: 0x0000009839b00000,0x0000009839c00000] [id=3328]
  0x000001c47b7fc340 ConcurrentGCThread "G1 Conc#0" [stack: 0x0000009839c00000,0x0000009839d00000] [id=15240]
  0x000001c4129ee3b0 ConcurrentGCThread "G1 Refine#0" [stack: 0x0000009839d00000,0x0000009839e00000] [id=30948]
  0x000001c4129f1e00 ConcurrentGCThread "G1 Service" [stack: 0x0000009839e00000,0x0000009839f00000] [id=35992]

Threads with active compile tasks:

VM state: not at safepoint (normal execution)

VM Mutex/Monitor currently owned by a thread:  ([mutex/lock_event])
[0x000001c47b767340] Metaspace_lock - owner thread: 0x000001c47b77f250

Heap address: 0x0000000704200000, size: 4030 MB, Compressed Oops mode: Zero based, Oop shift amount: 3

CDS archive(s) mapped at: [0x000001c414000000-0x000001c414bb0000-0x000001c414bb0000), size 12255232, SharedBaseAddress: 0x000001c414000000, ArchiveRelocationMode: 1.
Compressed class space mapped at: 0x000001c415000000-0x000001c455000000, reserved size: 1073741824
Narrow klass base: 0x000001c414000000, Narrow klass shift: 0, Narrow klass range: 0x100000000

GC Precious Log:
 CPUs: 16 total, 16 available
 Memory: 16115M
 Large Page Support: Disabled
 NUMA Support: Disabled
 Compressed Oops: Enabled (Zero based)
 Heap Region Size: 2M
 Heap Min Capacity: 8M
 Heap Initial Capacity: 252M
 Heap Max Capacity: 4030M
 Pre-touch: Disabled
 Parallel Workers: 13
 Concurrent Workers: 3
 Concurrent Refinement Workers: 13
 Periodic GC: Disabled

Heap:
 garbage-first heap   total 258048K, used 14738K [0x0000000704200000, 0x0000000800000000)
  region size 2048K, 4 young (8192K), 1 survivors (2048K)
 Metaspace       used 10521K, committed 10688K, reserved 1114112K
  class space    used 1438K, committed 1536K, reserved 1048576K

Heap Regions: E=young(eden), S=young(survivor), O=old, HS=humongous(starts), HC=humongous(continues), CS=collection set, F=free, OA=open archive, CA=closed archive, TAMS=top-at-mark-start (previous, next)
|   0|0x0000000704200000, 0x0000000704400000, 0x0000000704400000|100%| O|  |TAMS 0x0000000704200000, 0x0000000704200000| Untracked 
|   1|0x0000000704400000, 0x0000000704600000, 0x0000000704600000|100%| O|  |TAMS 0x0000000704400000, 0x0000000704400000| Untracked 
|   2|0x0000000704600000, 0x0000000704800000, 0x0000000704800000|100%| O|  |TAMS 0x0000000704600000, 0x0000000704600000| Untracked 
|   3|0x0000000704800000, 0x0000000704a00000, 0x0000000704a00000|100%| O|  |TAMS 0x0000000704800000, 0x0000000704800000| Untracked 
|   4|0x0000000704a00000, 0x0000000704afa200, 0x0000000704c00000| 48%| O|  |TAMS 0x0000000704a00000, 0x0000000704a00000| Untracked 
|   5|0x0000000704c00000, 0x0000000704c00000, 0x0000000704e00000|  0%| F|  |TAMS 0x0000000704c00000, 0x0000000704c00000| Untracked 
|   6|0x0000000704e00000, 0x0000000704e00000, 0x0000000705000000|  0%| F|  |TAMS 0x0000000704e00000, 0x0000000704e00000| Untracked 
|   7|0x0000000705000000, 0x0000000705000000, 0x0000000705200000|  0%| F|  |TAMS 0x0000000705000000, 0x0000000705000000| Untracked 
|   8|0x0000000705200000, 0x0000000705200000, 0x0000000705400000|  0%| F|  |TAMS 0x0000000705200000, 0x0000000705200000| Untracked 
|   9|0x0000000705400000, 0x0000000705400000, 0x0000000705600000|  0%| F|  |TAMS 0x0000000705400000, 0x0000000705400000| Untracked 
|  10|0x0000000705600000, 0x0000000705600000, 0x0000000705800000|  0%| F|  |TAMS 0x0000000705600000, 0x0000000705600000| Untracked 
|  11|0x0000000705800000, 0x0000000705800000, 0x0000000705a00000|  0%| F|  |TAMS 0x0000000705800000, 0x0000000705800000| Untracked 
|  12|0x0000000705a00000, 0x0000000705a00000, 0x0000000705c00000|  0%| F|  |TAMS 0x0000000705a00000, 0x0000000705a00000| Untracked 
|  13|0x0000000705c00000, 0x0000000705c00000, 0x0000000705e00000|  0%| F|  |TAMS 0x0000000705c00000, 0x0000000705c00000| Untracked 
|  14|0x0000000705e00000, 0x0000000705e00000, 0x0000000706000000|  0%| F|  |TAMS 0x0000000705e00000, 0x0000000705e00000| Untracked 
|  15|0x0000000706000000, 0x0000000706000000, 0x0000000706200000|  0%| F|  |TAMS 0x0000000706000000, 0x0000000706000000| Untracked 
|  16|0x0000000706200000, 0x0000000706200000, 0x0000000706400000|  0%| F|  |TAMS 0x0000000706200000, 0x0000000706200000| Untracked 
|  17|0x0000000706400000, 0x0000000706400000, 0x0000000706600000|  0%| F|  |TAMS 0x0000000706400000, 0x0000000706400000| Untracked 
|  18|0x0000000706600000, 0x0000000706600000, 0x0000000706800000|  0%| F|  |TAMS 0x0000000706600000, 0x0000000706600000| Untracked 
|  19|0x0000000706800000, 0x0000000706800000, 0x0000000706a00000|  0%| F|  |TAMS 0x0000000706800000, 0x0000000706800000| Untracked 
|  20|0x0000000706a00000, 0x0000000706a00000, 0x0000000706c00000|  0%| F|  |TAMS 0x0000000706a00000, 0x0000000706a00000| Untracked 
|  21|0x0000000706c00000, 0x0000000706c00000, 0x0000000706e00000|  0%| F|  |TAMS 0x0000000706c00000, 0x0000000706c00000| Untracked 
|  22|0x0000000706e00000, 0x0000000706e00000, 0x0000000707000000|  0%| F|  |TAMS 0x0000000706e00000, 0x0000000706e00000| Untracked 
|  23|0x0000000707000000, 0x0000000707000000, 0x0000000707200000|  0%| F|  |TAMS 0x0000000707000000, 0x0000000707000000| Untracked 
|  24|0x0000000707200000, 0x0000000707200000, 0x0000000707400000|  0%| F|  |TAMS 0x0000000707200000, 0x0000000707200000| Untracked 
|  25|0x0000000707400000, 0x0000000707400000, 0x0000000707600000|  0%| F|  |TAMS 0x0000000707400000, 0x0000000707400000| Untracked 
|  26|0x0000000707600000, 0x0000000707600000, 0x0000000707800000|  0%| F|  |TAMS 0x0000000707600000, 0x0000000707600000| Untracked 
|  27|0x0000000707800000, 0x0000000707800000, 0x0000000707a00000|  0%| F|  |TAMS 0x0000000707800000, 0x0000000707800000| Untracked 
|  28|0x0000000707a00000, 0x0000000707a00000, 0x0000000707c00000|  0%| F|  |TAMS 0x0000000707a00000, 0x0000000707a00000| Untracked 
|  29|0x0000000707c00000, 0x0000000707c00000, 0x0000000707e00000|  0%| F|  |TAMS 0x0000000707c00000, 0x0000000707c00000| Untracked 
|  30|0x0000000707e00000, 0x0000000707e00000, 0x0000000708000000|  0%| F|  |TAMS 0x0000000707e00000, 0x0000000707e00000| Untracked 
|  31|0x0000000708000000, 0x0000000708000000, 0x0000000708200000|  0%| F|  |TAMS 0x0000000708000000, 0x0000000708000000| Untracked 
|  32|0x0000000708200000, 0x0000000708200000, 0x0000000708400000|  0%| F|  |TAMS 0x0000000708200000, 0x0000000708200000| Untracked 
|  33|0x0000000708400000, 0x0000000708400000, 0x0000000708600000|  0%| F|  |TAMS 0x0000000708400000, 0x0000000708400000| Untracked 
|  34|0x0000000708600000, 0x0000000708600000, 0x0000000708800000|  0%| F|  |TAMS 0x0000000708600000, 0x0000000708600000| Untracked 
|  35|0x0000000708800000, 0x0000000708800000, 0x0000000708a00000|  0%| F|  |TAMS 0x0000000708800000, 0x0000000708800000| Untracked 
|  36|0x0000000708a00000, 0x0000000708a00000, 0x0000000708c00000|  0%| F|  |TAMS 0x0000000708a00000, 0x0000000708a00000| Untracked 
|  37|0x0000000708c00000, 0x0000000708c00000, 0x0000000708e00000|  0%| F|  |TAMS 0x0000000708c00000, 0x0000000708c00000| Untracked 
|  38|0x0000000708e00000, 0x0000000708e00000, 0x0000000709000000|  0%| F|  |TAMS 0x0000000708e00000, 0x0000000708e00000| Untracked 
|  39|0x0000000709000000, 0x0000000709000000, 0x0000000709200000|  0%| F|  |TAMS 0x0000000709000000, 0x0000000709000000| Untracked 
|  40|0x0000000709200000, 0x0000000709200000, 0x0000000709400000|  0%| F|  |TAMS 0x0000000709200000, 0x0000000709200000| Untracked 
|  41|0x0000000709400000, 0x0000000709400000, 0x0000000709600000|  0%| F|  |TAMS 0x0000000709400000, 0x0000000709400000| Untracked 
|  42|0x0000000709600000, 0x0000000709600000, 0x0000000709800000|  0%| F|  |TAMS 0x0000000709600000, 0x0000000709600000| Untracked 
|  43|0x0000000709800000, 0x0000000709800000, 0x0000000709a00000|  0%| F|  |TAMS 0x0000000709800000, 0x0000000709800000| Untracked 
|  44|0x0000000709a00000, 0x0000000709a00000, 0x0000000709c00000|  0%| F|  |TAMS 0x0000000709a00000, 0x0000000709a00000| Untracked 
|  45|0x0000000709c00000, 0x0000000709c00000, 0x0000000709e00000|  0%| F|  |TAMS 0x0000000709c00000, 0x0000000709c00000| Untracked 
|  46|0x0000000709e00000, 0x0000000709e00000, 0x000000070a000000|  0%| F|  |TAMS 0x0000000709e00000, 0x0000000709e00000| Untracked 
|  47|0x000000070a000000, 0x000000070a000000, 0x000000070a200000|  0%| F|  |TAMS 0x000000070a000000, 0x000000070a000000| Untracked 
|  48|0x000000070a200000, 0x000000070a200000, 0x000000070a400000|  0%| F|  |TAMS 0x000000070a200000, 0x000000070a200000| Untracked 
|  49|0x000000070a400000, 0x000000070a400000, 0x000000070a600000|  0%| F|  |TAMS 0x000000070a400000, 0x000000070a400000| Untracked 
|  50|0x000000070a600000, 0x000000070a600000, 0x000000070a800000|  0%| F|  |TAMS 0x000000070a600000, 0x000000070a600000| Untracked 
|  51|0x000000070a800000, 0x000000070a800000, 0x000000070aa00000|  0%| F|  |TAMS 0x000000070a800000, 0x000000070a800000| Untracked 
|  52|0x000000070aa00000, 0x000000070aa00000, 0x000000070ac00000|  0%| F|  |TAMS 0x000000070aa00000, 0x000000070aa00000| Untracked 
|  53|0x000000070ac00000, 0x000000070ac00000, 0x000000070ae00000|  0%| F|  |TAMS 0x000000070ac00000, 0x000000070ac00000| Untracked 
|  54|0x000000070ae00000, 0x000000070ae00000, 0x000000070b000000|  0%| F|  |TAMS 0x000000070ae00000, 0x000000070ae00000| Untracked 
|  55|0x000000070b000000, 0x000000070b000000, 0x000000070b200000|  0%| F|  |TAMS 0x000000070b000000, 0x000000070b000000| Untracked 
|  56|0x000000070b200000, 0x000000070b200000, 0x000000070b400000|  0%| F|  |TAMS 0x000000070b200000, 0x000000070b200000| Untracked 
|  57|0x000000070b400000, 0x000000070b400000, 0x000000070b600000|  0%| F|  |TAMS 0x000000070b400000, 0x000000070b400000| Untracked 
|  58|0x000000070b600000, 0x000000070b600000, 0x000000070b800000|  0%| F|  |TAMS 0x000000070b600000, 0x000000070b600000| Untracked 
|  59|0x000000070b800000, 0x000000070b800000, 0x000000070ba00000|  0%| F|  |TAMS 0x000000070b800000, 0x000000070b800000| Untracked 
|  60|0x000000070ba00000, 0x000000070ba00000, 0x000000070bc00000|  0%| F|  |TAMS 0x000000070ba00000, 0x000000070ba00000| Untracked 
|  61|0x000000070bc00000, 0x000000070bc00000, 0x000000070be00000|  0%| F|  |TAMS 0x000000070bc00000, 0x000000070bc00000| Untracked 
|  62|0x000000070be00000, 0x000000070be00000, 0x000000070c000000|  0%| F|  |TAMS 0x000000070be00000, 0x000000070be00000| Untracked 
|  63|0x000000070c000000, 0x000000070c000000, 0x000000070c200000|  0%| F|  |TAMS 0x000000070c000000, 0x000000070c000000| Untracked 
|  64|0x000000070c200000, 0x000000070c200000, 0x000000070c400000|  0%| F|  |TAMS 0x000000070c200000, 0x000000070c200000| Untracked 
|  65|0x000000070c400000, 0x000000070c400000, 0x000000070c600000|  0%| F|  |TAMS 0x000000070c400000, 0x000000070c400000| Untracked 
|  66|0x000000070c600000, 0x000000070c600000, 0x000000070c800000|  0%| F|  |TAMS 0x000000070c600000, 0x000000070c600000| Untracked 
|  67|0x000000070c800000, 0x000000070c800000, 0x000000070ca00000|  0%| F|  |TAMS 0x000000070c800000, 0x000000070c800000| Untracked 
|  68|0x000000070ca00000, 0x000000070ca00000, 0x000000070cc00000|  0%| F|  |TAMS 0x000000070ca00000, 0x000000070ca00000| Untracked 
|  69|0x000000070cc00000, 0x000000070cc00000, 0x000000070ce00000|  0%| F|  |TAMS 0x000000070cc00000, 0x000000070cc00000| Untracked 
|  70|0x000000070ce00000, 0x000000070ce00000, 0x000000070d000000|  0%| F|  |TAMS 0x000000070ce00000, 0x000000070ce00000| Untracked 
|  71|0x000000070d000000, 0x000000070d000000, 0x000000070d200000|  0%| F|  |TAMS 0x000000070d000000, 0x000000070d000000| Untracked 
|  72|0x000000070d200000, 0x000000070d200000, 0x000000070d400000|  0%| F|  |TAMS 0x000000070d200000, 0x000000070d200000| Untracked 
|  73|0x000000070d400000, 0x000000070d400000, 0x000000070d600000|  0%| F|  |TAMS 0x000000070d400000, 0x000000070d400000| Untracked 
|  74|0x000000070d600000, 0x000000070d600000, 0x000000070d800000|  0%| F|  |TAMS 0x000000070d600000, 0x000000070d600000| Untracked 
|  75|0x000000070d800000, 0x000000070d800000, 0x000000070da00000|  0%| F|  |TAMS 0x000000070d800000, 0x000000070d800000| Untracked 
|  76|0x000000070da00000, 0x000000070da00000, 0x000000070dc00000|  0%| F|  |TAMS 0x000000070da00000, 0x000000070da00000| Untracked 
|  77|0x000000070dc00000, 0x000000070dc00000, 0x000000070de00000|  0%| F|  |TAMS 0x000000070dc00000, 0x000000070dc00000| Untracked 
|  78|0x000000070de00000, 0x000000070de00000, 0x000000070e000000|  0%| F|  |TAMS 0x000000070de00000, 0x000000070de00000| Untracked 
|  79|0x000000070e000000, 0x000000070e000000, 0x000000070e200000|  0%| F|  |TAMS 0x000000070e000000, 0x000000070e000000| Untracked 
|  80|0x000000070e200000, 0x000000070e200000, 0x000000070e400000|  0%| F|  |TAMS 0x000000070e200000, 0x000000070e200000| Untracked 
|  81|0x000000070e400000, 0x000000070e400000, 0x000000070e600000|  0%| F|  |TAMS 0x000000070e400000, 0x000000070e400000| Untracked 
|  82|0x000000070e600000, 0x000000070e600000, 0x000000070e800000|  0%| F|  |TAMS 0x000000070e600000, 0x000000070e600000| Untracked 
|  83|0x000000070e800000, 0x000000070e800000, 0x000000070ea00000|  0%| F|  |TAMS 0x000000070e800000, 0x000000070e800000| Untracked 
|  84|0x000000070ea00000, 0x000000070ea00000, 0x000000070ec00000|  0%| F|  |TAMS 0x000000070ea00000, 0x000000070ea00000| Untracked 
|  85|0x000000070ec00000, 0x000000070ec00000, 0x000000070ee00000|  0%| F|  |TAMS 0x000000070ec00000, 0x000000070ec00000| Untracked 
|  86|0x000000070ee00000, 0x000000070ee00000, 0x000000070f000000|  0%| F|  |TAMS 0x000000070ee00000, 0x000000070ee00000| Untracked 
|  87|0x000000070f000000, 0x000000070f000000, 0x000000070f200000|  0%| F|  |TAMS 0x000000070f000000, 0x000000070f000000| Untracked 
|  88|0x000000070f200000, 0x000000070f200000, 0x000000070f400000|  0%| F|  |TAMS 0x000000070f200000, 0x000000070f200000| Untracked 
|  89|0x000000070f400000, 0x000000070f400000, 0x000000070f600000|  0%| F|  |TAMS 0x000000070f400000, 0x000000070f400000| Untracked 
|  90|0x000000070f600000, 0x000000070f600000, 0x000000070f800000|  0%| F|  |TAMS 0x000000070f600000, 0x000000070f600000| Untracked 
|  91|0x000000070f800000, 0x000000070f800000, 0x000000070fa00000|  0%| F|  |TAMS 0x000000070f800000, 0x000000070f800000| Untracked 
|  92|0x000000070fa00000, 0x000000070fa00000, 0x000000070fc00000|  0%| F|  |TAMS 0x000000070fa00000, 0x000000070fa00000| Untracked 
|  93|0x000000070fc00000, 0x000000070fc00000, 0x000000070fe00000|  0%| F|  |TAMS 0x000000070fc00000, 0x000000070fc00000| Untracked 
|  94|0x000000070fe00000, 0x000000070fe00000, 0x0000000710000000|  0%| F|  |TAMS 0x000000070fe00000, 0x000000070fe00000| Untracked 
|  95|0x0000000710000000, 0x0000000710000000, 0x0000000710200000|  0%| F|  |TAMS 0x0000000710000000, 0x0000000710000000| Untracked 
|  96|0x0000000710200000, 0x0000000710200000, 0x0000000710400000|  0%| F|  |TAMS 0x0000000710200000, 0x0000000710200000| Untracked 
|  97|0x0000000710400000, 0x0000000710400000, 0x0000000710600000|  0%| F|  |TAMS 0x0000000710400000, 0x0000000710400000| Untracked 
|  98|0x0000000710600000, 0x0000000710600000, 0x0000000710800000|  0%| F|  |TAMS 0x0000000710600000, 0x0000000710600000| Untracked 
|  99|0x0000000710800000, 0x0000000710800000, 0x0000000710a00000|  0%| F|  |TAMS 0x0000000710800000, 0x0000000710800000| Untracked 
| 100|0x0000000710a00000, 0x0000000710a00000, 0x0000000710c00000|  0%| F|  |TAMS 0x0000000710a00000, 0x0000000710a00000| Untracked 
| 101|0x0000000710c00000, 0x0000000710c00000, 0x0000000710e00000|  0%| F|  |TAMS 0x0000000710c00000, 0x0000000710c00000| Untracked 
| 102|0x0000000710e00000, 0x0000000710e00000, 0x0000000711000000|  0%| F|  |TAMS 0x0000000710e00000, 0x0000000710e00000| Untracked 
| 103|0x0000000711000000, 0x0000000711000000, 0x0000000711200000|  0%| F|  |TAMS 0x0000000711000000, 0x0000000711000000| Untracked 
| 104|0x0000000711200000, 0x0000000711200000, 0x0000000711400000|  0%| F|  |TAMS 0x0000000711200000, 0x0000000711200000| Untracked 
| 105|0x0000000711400000, 0x0000000711400000, 0x0000000711600000|  0%| F|  |TAMS 0x0000000711400000, 0x0000000711400000| Untracked 
| 106|0x0000000711600000, 0x0000000711600000, 0x0000000711800000|  0%| F|  |TAMS 0x0000000711600000, 0x0000000711600000| Untracked 
| 107|0x0000000711800000, 0x0000000711800000, 0x0000000711a00000|  0%| F|  |TAMS 0x0000000711800000, 0x0000000711800000| Untracked 
| 108|0x0000000711a00000, 0x0000000711a00000, 0x0000000711c00000|  0%| F|  |TAMS 0x0000000711a00000, 0x0000000711a00000| Untracked 
| 109|0x0000000711c00000, 0x0000000711c00000, 0x0000000711e00000|  0%| F|  |TAMS 0x0000000711c00000, 0x0000000711c00000| Untracked 
| 110|0x0000000711e00000, 0x0000000711e00000, 0x0000000712000000|  0%| F|  |TAMS 0x0000000711e00000, 0x0000000711e00000| Untracked 
| 111|0x0000000712000000, 0x0000000712000000, 0x0000000712200000|  0%| F|  |TAMS 0x0000000712000000, 0x0000000712000000| Untracked 
| 112|0x0000000712200000, 0x0000000712200000, 0x0000000712400000|  0%| F|  |TAMS 0x0000000712200000, 0x0000000712200000| Untracked 
| 113|0x0000000712400000, 0x0000000712400000, 0x0000000712600000|  0%| F|  |TAMS 0x0000000712400000, 0x0000000712400000| Untracked 
| 114|0x0000000712600000, 0x0000000712600000, 0x0000000712800000|  0%| F|  |TAMS 0x0000000712600000, 0x0000000712600000| Untracked 
| 115|0x0000000712800000, 0x000000071296a810, 0x0000000712a00000| 70%| S|CS|TAMS 0x0000000712800000, 0x0000000712800000| Complete 
| 116|0x0000000712a00000, 0x0000000712a00000, 0x0000000712c00000|  0%| F|  |TAMS 0x0000000712a00000, 0x0000000712a00000| Untracked 
| 117|0x0000000712c00000, 0x0000000712c00000, 0x0000000712e00000|  0%| F|  |TAMS 0x0000000712c00000, 0x0000000712c00000| Untracked 
| 118|0x0000000712e00000, 0x0000000712e00000, 0x0000000713000000|  0%| F|  |TAMS 0x0000000712e00000, 0x0000000712e00000| Untracked 
| 119|0x0000000713000000, 0x0000000713000000, 0x0000000713200000|  0%| F|  |TAMS 0x0000000713000000, 0x0000000713000000| Untracked 
| 120|0x0000000713200000, 0x0000000713200000, 0x0000000713400000|  0%| F|  |TAMS 0x0000000713200000, 0x0000000713200000| Untracked 
| 121|0x0000000713400000, 0x0000000713400000, 0x0000000713600000|  0%| F|  |TAMS 0x0000000713400000, 0x0000000713400000| Untracked 
| 122|0x0000000713600000, 0x0000000713600000, 0x0000000713800000|  0%| F|  |TAMS 0x0000000713600000, 0x0000000713600000| Untracked 
| 123|0x0000000713800000, 0x0000000713900000, 0x0000000713a00000| 50%| E|  |TAMS 0x0000000713800000, 0x0000000713800000| Complete 
| 124|0x0000000713a00000, 0x0000000713c00000, 0x0000000713c00000|100%| E|CS|TAMS 0x0000000713a00000, 0x0000000713a00000| Complete 
| 125|0x0000000713c00000, 0x0000000713e00000, 0x0000000713e00000|100%| E|CS|TAMS 0x0000000713c00000, 0x0000000713c00000| Complete 

Card table byte_map: [0x000001c47f660000,0x000001c47fe40000] _byte_map_base: 0x000001c47be3f000

Marking Bits (Prev, Next): (CMBitMap*) 0x000001c47b7eb420, (CMBitMap*) 0x000001c47b7eb460
 Prev Bits: [0x000001c408270000, 0x000001c40c168000)
 Next Bits: [0x000001c40c170000, 0x000001c410068000)

Polling page: 0x000001c47af20000

Metaspace:

Usage:
  Non-class:      8.87 MB used.
      Class:      1.41 MB used.
       Both:     10.28 MB used.

Virtual space:
  Non-class space:       64.00 MB reserved,       8.94 MB ( 14%) committed,  1 nodes.
      Class space:        1.00 GB reserved,       1.50 MB ( <1%) committed,  1 nodes.
             Both:        1.06 GB reserved,      10.44 MB ( <1%) committed. 

Chunk freelists:
   Non-Class:  6.80 MB
       Class:  14.50 MB
        Both:  21.30 MB

MaxMetaspaceSize: unlimited
CompressedClassSpaceSize: 1.00 GB
Initial GC threshold: 21.00 MB
Current GC threshold: 21.00 MB
CDS: on
MetaspaceReclaimPolicy: balanced
 - commit_granule_bytes: 65536.
 - commit_granule_words: 8192.
 - virtual_space_node_default_size: 8388608.
 - enlarge_chunks_in_place: 1.
 - new_chunks_are_fully_committed: 0.
 - uncommit_free_chunks: 1.
 - use_allocation_guard: 0.
 - handle_deallocations: 1.


Internal statistics:

num_allocs_failed_limit: 0.
num_arena_births: 188.
num_arena_deaths: 0.
num_vsnodes_births: 2.
num_vsnodes_deaths: 0.
num_space_committed: 167.
num_space_uncommitted: 0.
num_chunks_returned_to_freelist: 0.
num_chunks_taken_from_freelist: 461.
num_chunk_merges: 0.
num_chunk_splits: 285.
num_chunks_enlarged: 201.
num_inconsistent_stats: 0.

CodeCache: size=49152Kb used=6183Kb max_used=6183Kb free=42968Kb
 bounds [0x000001c47b820000, 0x000001c47be30000, 0x000001c47e820000]
 total_blobs=2361 nmethods=1902 adapters=382
 compilation: enabled
              stopped_count=0, restarted_count=0
 full_count=0

Compilation events (20 events):
Event: 0.736 Thread 0x000001c4131bdff0 1886       1       org.springframework.core.env.PropertySource$StubPropertySource::getProperty (2 bytes)
Event: 0.736 Thread 0x000001c412adf4f0 nmethod 1894 0x000001c47be24910 code [0x000001c47be24ac0, 0x000001c47be24cd8]
Event: 0.736 Thread 0x000001c4131bdff0 nmethod 1886 0x000001c47be24e10 code [0x000001c47be24fa0, 0x000001c47be25078]
Event: 0.736 Thread 0x000001c4131bcc20 nmethod 1892 0x000001c47be25110 code [0x000001c47be25300, 0x000001c47be255f8]
Event: 0.737 Thread 0x000001c412aeea10 nmethod 1895 0x000001c47be25790 code [0x000001c47be25940, 0x000001c47be25b58]
Event: 0.737 Thread 0x000001c4131bd550 nmethod 1896 0x000001c47be25c90 code [0x000001c47be25e60, 0x000001c47be260a8]
Event: 0.739 Thread 0x000001c4131bcc20 1897       1       ch.qos.logback.core.subst.Tokenizer::handleLiteralState (141 bytes)
Event: 0.739 Thread 0x000001c4131bcc20 nmethod 1897 0x000001c47be26190 code [0x000001c47be26460, 0x000001c47be26ee8]
Event: 0.741 Thread 0x000001c4131bcc20 1898       1       java.lang.ProcessEnvironment$NameComparator::compare (13 bytes)
Event: 0.741 Thread 0x000001c4131bdff0 1899       1       java.lang.ProcessEnvironment$NameComparator::compare (90 bytes)
Event: 0.741 Thread 0x000001c4131bcc20 nmethod 1898 0x000001c47be27310 code [0x000001c47be274a0, 0x000001c47be275e8]
Event: 0.741 Thread 0x000001c4131bd550 1900       1       ch.qos.logback.core.subst.Parser::peekAtCurentToken (35 bytes)
Event: 0.741 Thread 0x000001c4131bd550 nmethod 1900 0x000001c47be27690 code [0x000001c47be27840, 0x000001c47be279f8]
Event: 0.741 Thread 0x000001c4131bd550 1901       1       java.lang.invoke.MethodType::dropParameterTypes (162 bytes)
Event: 0.741 Thread 0x000001c4131bdff0 nmethod 1899 0x000001c47be27b10 code [0x000001c47be27d20, 0x000001c47be28278]
Event: 0.741 Thread 0x000001c4131bd550 nmethod 1901 0x000001c47be28810 code [0x000001c47be28a60, 0x000001c47be29168]
Event: 0.741 Thread 0x000001c4131bd550 1902       1       java.util.logging.LogManager::getProperty (9 bytes)
Event: 0.741 Thread 0x000001c4131bd550 nmethod 1902 0x000001c47be29510 code [0x000001c47be296a0, 0x000001c47be29788]
Event: 0.741 Thread 0x000001c4131bcc20 1903       1       ch.qos.logback.classic.util.LoggerNameUtil::getSeparatorIndexOf (53 bytes)
Event: 0.742 Thread 0x000001c4131bcc20 nmethod 1903 0x000001c47be29810 code [0x000001c47be299e0, 0x000001c47be29c58]

GC Heap History (4 events):
Event: 0.494 GC heap before
{Heap before GC invocations=0 (full 0):
 garbage-first heap   total 258048K, used 20480K [0x0000000704200000, 0x0000000800000000)
  region size 2048K, 11 young (22528K), 0 survivors (0K)
 Metaspace       used 6113K, committed 6272K, reserved 1114112K
  class space    used 759K, committed 832K, reserved 1048576K
}
Event: 0.498 GC heap after
{Heap after GC invocations=1 (full 0):
 garbage-first heap   total 258048K, used 9511K [0x0000000704200000, 0x0000000800000000)
  region size 2048K, 2 young (4096K), 2 survivors (4096K)
 Metaspace       used 6113K, committed 6272K, reserved 1114112K
  class space    used 759K, committed 832K, reserved 1048576K
}
Event: 0.711 GC heap before
{Heap before GC invocations=1 (full 0):
 garbage-first heap   total 258048K, used 29991K [0x0000000704200000, 0x0000000800000000)
  region size 2048K, 12 young (24576K), 2 survivors (4096K)
 Metaspace       used 9934K, committed 10176K, reserved 1114112K
  class space    used 1346K, committed 1472K, reserved 1048576K
}
Event: 0.713 GC heap after
{Heap after GC invocations=2 (full 0):
 garbage-first heap   total 258048K, used 10642K [0x0000000704200000, 0x0000000800000000)
  region size 2048K, 1 young (2048K), 1 survivors (2048K)
 Metaspace       used 9934K, committed 10176K, reserved 1114112K
  class space    used 1346K, committed 1472K, reserved 1048576K
}

Dll operation events (12 events):
Event: 0.007 Loaded shared library C:\Users\28332\.jdks\corretto-17.0.15\bin\java.dll
Event: 0.022 Loaded shared library C:\Users\28332\.jdks\corretto-17.0.15\bin\jsvml.dll
Event: 0.107 Loaded shared library C:\Users\28332\.jdks\corretto-17.0.15\bin\zip.dll
Event: 0.111 Loaded shared library C:\Users\28332\.jdks\corretto-17.0.15\bin\instrument.dll
Event: 0.114 Loaded shared library C:\Users\28332\.jdks\corretto-17.0.15\bin\net.dll
Event: 0.115 Loaded shared library C:\Users\28332\.jdks\corretto-17.0.15\bin\nio.dll
Event: 0.116 Loaded shared library C:\Users\28332\.jdks\corretto-17.0.15\bin\zip.dll
Event: 0.177 Loaded shared library D:\IntelliJ IDEA 2024.1.2\bin\breakgen64.dll
Event: 0.181 Loaded shared library C:\Users\28332\.jdks\corretto-17.0.15\bin\jimage.dll
Event: 0.186 Loaded shared library C:\Users\28332\.jdks\corretto-17.0.15\bin\extnet.dll
Event: 0.194 Loaded shared library C:\Users\28332\.jdks\corretto-17.0.15\bin\management.dll
Event: 0.206 Loaded shared library C:\Users\28332\.jdks\corretto-17.0.15\bin\management_ext.dll

Deoptimization events (0 events):
No events

Classes loaded (20 events):
Event: 0.723 Loading class java/util/stream/ForEachOps$ForEachOp$OfInt
Event: 0.723 Loading class java/util/stream/ForEachOps$ForEachOp$OfInt done
Event: 0.723 Loading class java/util/stream/IntPipeline$4$1
Event: 0.723 Loading class java/util/stream/IntPipeline$4$1 done
Event: 0.723 Loading class java/util/RegularEnumSet$EnumSetIterator
Event: 0.724 Loading class java/util/RegularEnumSet$EnumSetIterator done
Event: 0.728 Loading class java/nio/file/attribute/PosixFilePermission
Event: 0.728 Loading class java/nio/file/attribute/PosixFilePermission done
Event: 0.728 Loading class java/lang/ProcessHandle
Event: 0.728 Loading class java/lang/ProcessHandle done
Event: 0.728 Loading class java/lang/ProcessHandleImpl
Event: 0.728 Loading class java/lang/ProcessHandleImpl done
Event: 0.730 Loading class java/util/concurrent/Executors
Event: 0.730 Loading class java/util/concurrent/Executors done
Event: 0.734 Loading class java/util/concurrent/Executors$DefaultThreadFactory
Event: 0.734 Loading class java/util/concurrent/Executors$DefaultThreadFactory done
Event: 0.740 Loading class java/util/Stack
Event: 0.740 Loading class java/util/Stack done
Event: 0.740 Loading class java/util/Vector$Itr
Event: 0.740 Loading class java/util/Vector$Itr done

Classes unloaded (0 events):
No events

Classes redefined (0 events):
No events

Internal exceptions (20 events):
Event: 0.623 Thread 0x000001c47b77f250 Exception <a 'java/lang/NoSuchMethodError'{0x0000000713018a50}: 'java.lang.Object java.lang.invoke.Invokers$Holder.invokeExact_MT(java.lang.Object, java.lang.Object, java.lang.Object, java.lang.Object, java.lang.Object, java.lang.Object)'> (0x0000000713018a50) 
thrown [s\src\hotspot\share\interpreter\linkResolver.cpp, line 759]
Event: 0.628 Thread 0x000001c47b77f250 Exception <a 'java/lang/NoSuchMethodError'{0x0000000713082168}: 'java.lang.Object java.lang.invoke.DirectMethodHandle$Holder.invokeSpecial(java.lang.Object, java.lang.Object, java.lang.Object, java.lang.Object, java.lang.Object, java.lang.Object, int)'> (0x0000000713082168) 
thrown [s\src\hotspot\share\interpreter\linkResolver.cpp, line 759]
Event: 0.628 Thread 0x000001c47b77f250 Exception <a 'java/lang/NoSuchMethodError'{0x000000071308c6d0}: 'java.lang.Object java.lang.invoke.DirectMethodHandle$Holder.newInvokeSpecial(java.lang.Object, java.lang.Object, java.lang.Object, java.lang.Object, java.lang.Object, java.lang.Object, int)'> (0x000000071308c6d0) 
thrown [s\src\hotspot\share\interpreter\linkResolver.cpp, line 759]
Event: 0.628 Thread 0x000001c47b77f250 Exception <a 'java/lang/NoSuchMethodError'{0x0000000713091710}: 'java.lang.Object java.lang.invoke.DirectMethodHandle$Holder.invokeSpecial(java.lang.Object, java.lang.Object, java.lang.Object, java.lang.Object, java.lang.Object, java.lang.Object, java.lang.Object, int)'> (0x0000000713091710) 
thrown [s\src\hotspot\share\interpreter\linkResolver.cpp, line 759]
Event: 0.651 Thread 0x000001c47b77f250 Exception <a 'java/lang/NoSuchMethodError'{0x0000000712ea9bc0}: 'void java.lang.invoke.DirectMethodHandle$Holder.invokeSpecial(java.lang.Object, java.lang.Object, java.lang.Object, java.lang.Object, java.lang.Object)'> (0x0000000712ea9bc0) 
thrown [s\src\hotspot\share\interpreter\linkResolver.cpp, line 759]
Event: 0.681 Thread 0x000001c47b77f250 Exception <a 'java/lang/NoSuchMethodError'{0x0000000712d5f398}: 'void java.lang.invoke.DirectMethodHandle$Holder.invokeSpecial(java.lang.Object, java.lang.Object, java.lang.Object, java.lang.Object, java.lang.Object, java.lang.Object)'> (0x0000000712d5f398) 
thrown [s\src\hotspot\share\interpreter\linkResolver.cpp, line 759]
Event: 0.691 Thread 0x000001c47b77f250 Exception <a 'java/lang/NoSuchMethodError'{0x0000000712a3e8d0}: 'java.lang.Object java.lang.invoke.DirectMethodHandle$Holder.invokeSpecial(java.lang.Object, java.lang.Object, java.lang.Object, int, java.lang.Object)'> (0x0000000712a3e8d0) 
thrown [s\src\hotspot\share\interpreter\linkResolver.cpp, line 759]
Event: 0.691 Thread 0x000001c47b77f250 Exception <a 'java/lang/NoSuchMethodError'{0x0000000712a46f30}: 'java.lang.Object java.lang.invoke.DirectMethodHandle$Holder.newInvokeSpecial(java.lang.Object, java.lang.Object, java.lang.Object, int, java.lang.Object)'> (0x0000000712a46f30) 
thrown [s\src\hotspot\share\interpreter\linkResolver.cpp, line 759]
Event: 0.692 Thread 0x000001c47b77f250 Exception <a 'java/lang/NoSuchMethodError'{0x0000000712a4e900}: 'java.lang.Object java.lang.invoke.Invokers$Holder.linkToTargetMethod(java.lang.Object, java.lang.Object, int, java.lang.Object, java.lang.Object)'> (0x0000000712a4e900) 
thrown [s\src\hotspot\share\interpreter\linkResolver.cpp, line 759]
Event: 0.692 Thread 0x000001c47b77f250 Exception <a 'java/lang/NoSuchMethodError'{0x0000000712a5e6c8}: 'java.lang.Object java.lang.invoke.DirectMethodHandle$Holder.newInvokeSpecial(java.lang.Object, int, java.lang.Object)'> (0x0000000712a5e6c8) 
thrown [s\src\hotspot\share\interpreter\linkResolver.cpp, line 759]
Event: 0.693 Thread 0x000001c47b77f250 Exception <a 'java/lang/NoSuchMethodError'{0x0000000712a63128}: 'int java.lang.invoke.DirectMethodHandle$Holder.invokeSpecialIFC(java.lang.Object, java.lang.Object, java.lang.Object, java.lang.Object)'> (0x0000000712a63128) 
thrown [s\src\hotspot\share\interpreter\linkResolver.cpp, line 759]
Event: 0.699 Thread 0x000001c47b77f250 Exception <a 'java/lang/NoSuchMethodError'{0x0000000712b2cb48}: 'void java.lang.invoke.DirectMethodHandle$Holder.invokeInterface(java.lang.Object, java.lang.Object, java.lang.Object)'> (0x0000000712b2cb48) 
thrown [s\src\hotspot\share\interpreter\linkResolver.cpp, line 759]
Event: 0.723 Thread 0x000001c47b77f250 Exception <a 'java/lang/NoSuchMethodError'{0x0000000713d3b330}: 'void java.lang.invoke.DirectMethodHandle$Holder.invokeStatic(java.lang.Object, java.lang.Object, int)'> (0x0000000713d3b330) 
thrown [s\src\hotspot\share\interpreter\linkResolver.cpp, line 759]
Event: 0.724 Thread 0x000001c47b77f250 Exception <a 'java/lang/NoSuchMethodError'{0x0000000713d431d8}: 'void java.lang.invoke.DirectMethodHandle$Holder.invokeStaticInit(java.lang.Object, java.lang.Object)'> (0x0000000713d431d8) 
thrown [s\src\hotspot\share\interpreter\linkResolver.cpp, line 759]
Event: 0.726 Thread 0x000001c47b77f250 Exception <a 'java/lang/NoSuchMethodError'{0x0000000713d610e8}: 'void java.lang.invoke.DirectMethodHandle$Holder.invokeStaticInit(java.lang.Object, java.lang.Object, java.lang.Object)'> (0x0000000713d610e8) 
thrown [s\src\hotspot\share\interpreter\linkResolver.cpp, line 759]
Event: 0.729 Thread 0x000001c47b77f250 Exception <a 'java/lang/NoSuchMethodError'{0x0000000713da0940}: 'java.lang.Object java.lang.invoke.DirectMethodHandle$Holder.invokeStatic(java.lang.Object, java.lang.Object, long, java.lang.Object)'> (0x0000000713da0940) 
thrown [s\src\hotspot\share\interpreter\linkResolver.cpp, line 759]
Event: 0.729 Thread 0x000001c47b77f250 Exception <a 'java/lang/NoSuchMethodError'{0x0000000713da43d8}: 'java.lang.Object java.lang.invoke.DirectMethodHandle$Holder.invokeStaticInit(java.lang.Object, java.lang.Object, long, java.lang.Object)'> (0x0000000713da43d8) 
thrown [s\src\hotspot\share\interpreter\linkResolver.cpp, line 759]
Event: 0.729 Thread 0x000001c47b77f250 Exception <a 'java/lang/NoSuchMethodError'{0x0000000713daa9e8}: 'java.lang.Object java.lang.invoke.DirectMethodHandle$Holder.newInvokeSpecial(java.lang.Object, java.lang.Object, long)'> (0x0000000713daa9e8) 
thrown [s\src\hotspot\share\interpreter\linkResolver.cpp, line 759]
Event: 0.729 Thread 0x000001c47b77f250 Exception <a 'java/lang/NoSuchMethodError'{0x0000000713dae558}: 'java.lang.Object java.lang.invoke.Invokers$Holder.linkToTargetMethod(java.lang.Object, long, java.lang.Object)'> (0x0000000713dae558) 
thrown [s\src\hotspot\share\interpreter\linkResolver.cpp, line 759]
Event: 0.735 Thread 0x000001c47b77f250 Exception <a 'java/lang/NoSuchMethodError'{0x0000000713b0fc08}: 'void java.lang.invoke.DirectMethodHandle$Holder.invokeVirtual(java.lang.Object, java.lang.Object, java.lang.Object, java.lang.Object)'> (0x0000000713b0fc08) 
thrown [s\src\hotspot\share\interpreter\linkResolver.cpp, line 759]

VM Operations (20 events):
Event: 0.179 Executing VM operation: HandshakeAllThreads
Event: 0.179 Executing VM operation: HandshakeAllThreads done
Event: 0.212 Executing VM operation: HandshakeAllThreads
Event: 0.212 Executing VM operation: HandshakeAllThreads done
Event: 0.301 Executing VM operation: HandshakeAllThreads
Event: 0.301 Executing VM operation: HandshakeAllThreads done
Event: 0.388 Executing VM operation: HandshakeAllThreads
Event: 0.388 Executing VM operation: HandshakeAllThreads done
Event: 0.409 Executing VM operation: HandshakeAllThreads
Event: 0.409 Executing VM operation: HandshakeAllThreads done
Event: 0.412 Executing VM operation: HandshakeAllThreads
Event: 0.412 Executing VM operation: HandshakeAllThreads done
Event: 0.494 Executing VM operation: G1CollectForAllocation
Event: 0.498 Executing VM operation: G1CollectForAllocation done
Event: 0.560 Executing VM operation: HandshakeAllThreads
Event: 0.560 Executing VM operation: HandshakeAllThreads done
Event: 0.701 Executing VM operation: ICBufferFull
Event: 0.701 Executing VM operation: ICBufferFull done
Event: 0.710 Executing VM operation: G1CollectForAllocation
Event: 0.713 Executing VM operation: G1CollectForAllocation done

Memory protections (0 events):
No events

Nmethod flushes (0 events):
No events

Events (17 events):
Event: 0.023 Thread 0x000001c47b77f250 Thread added: 0x000001c47b77f250
Event: 0.024 Thread 0x000001c47b77f250 Thread added: 0x000001c412abc3b0
Event: 0.024 Thread 0x000001c47b77f250 Thread added: 0x000001c412abd230
Event: 0.034 Thread 0x000001c47b77f250 Thread added: 0x000001c412ad76f0
Event: 0.034 Thread 0x000001c47b77f250 Thread added: 0x000001c412ad8570
Event: 0.034 Thread 0x000001c47b77f250 Thread added: 0x000001c412adc0b0
Event: 0.034 Thread 0x000001c47b77f250 Thread added: 0x000001c412adca70
Event: 0.034 Thread 0x000001c47b77f250 Thread added: 0x000001c412adf4f0
Event: 0.034 Thread 0x000001c47b77f250 Thread added: 0x000001c412adfef0
Event: 0.037 Thread 0x000001c412adf4f0 Thread added: 0x000001c412aeea10
Event: 0.098 Thread 0x000001c47b77f250 Thread added: 0x000001c4130c0c50
Event: 0.102 Thread 0x000001c412aeea10 Thread added: 0x000001c4131bcc20
Event: 0.102 Thread 0x000001c412adf4f0 Thread added: 0x000001c4131bd550
Event: 0.103 Thread 0x000001c4131bcc20 Thread added: 0x000001c4131bdff0
Event: 0.177 Thread 0x000001c47b77f250 Thread added: 0x000001c41343d200
Event: 0.177 Thread 0x000001c47b77f250 Thread added: 0x000001c41343d6e0
Event: 0.380 Thread 0x000001c47b77f250 Thread added: 0x000001c4138dce60


Dynamic libraries:
0x00007ff7f3e20000 - 0x00007ff7f3e2e000 	C:\Users\28332\.jdks\corretto-17.0.15\bin\java.exe
0x00007ffd5b9b0000 - 0x00007ffd5bbc7000 	C:\Windows\SYSTEM32\ntdll.dll
0x00007ffd5ade0000 - 0x00007ffd5aea4000 	C:\Windows\System32\KERNEL32.DLL
0x00007ffd59200000 - 0x00007ffd595d3000 	C:\Windows\System32\KERNELBASE.dll
0x00007ffd58db0000 - 0x00007ffd58ec1000 	C:\Windows\System32\ucrtbase.dll
0x00007ffd52190000 - 0x00007ffd521ab000 	C:\Users\28332\.jdks\corretto-17.0.15\bin\VCRUNTIME140.dll
0x00007ffd39e20000 - 0x00007ffd39e37000 	C:\Users\28332\.jdks\corretto-17.0.15\bin\jli.dll
0x00007ffd5a5b0000 - 0x00007ffd5a761000 	C:\Windows\System32\USER32.dll
0x00007ffd595e0000 - 0x00007ffd59606000 	C:\Windows\System32\win32u.dll
0x00007ffd5a990000 - 0x00007ffd5a9b9000 	C:\Windows\System32\GDI32.dll
0x00007ffd3ce10000 - 0x00007ffd3d0ab000 	C:\Windows\WinSxS\amd64_microsoft.windows.common-controls_6595b64144ccf1df_6.0.22621.5262_none_2712bde373830908\COMCTL32.dll
0x00007ffd58c80000 - 0x00007ffd58da2000 	C:\Windows\System32\gdi32full.dll
0x00007ffd596a0000 - 0x00007ffd59747000 	C:\Windows\System32\msvcrt.dll
0x00007ffd58be0000 - 0x00007ffd58c7a000 	C:\Windows\System32\msvcp_win.dll
0x00007ffd5b930000 - 0x00007ffd5b961000 	C:\Windows\System32\IMM32.DLL
0x00007ffd4fbd0000 - 0x00007ffd4fbdc000 	C:\Users\28332\.jdks\corretto-17.0.15\bin\vcruntime140_1.dll
0x00007ffd192c0000 - 0x00007ffd1934d000 	C:\Users\28332\.jdks\corretto-17.0.15\bin\msvcp140.dll
0x00007ffc2d110000 - 0x00007ffc2dd7c000 	C:\Users\28332\.jdks\corretto-17.0.15\bin\server\jvm.dll
0x00007ffd5af50000 - 0x00007ffd5b001000 	C:\Windows\System32\ADVAPI32.dll
0x00007ffd5a500000 - 0x00007ffd5a5a7000 	C:\Windows\System32\sechost.dll
0x00007ffd59610000 - 0x00007ffd59638000 	C:\Windows\System32\bcrypt.dll
0x00007ffd5b670000 - 0x00007ffd5b784000 	C:\Windows\System32\RPCRT4.dll
0x00007ffd5aed0000 - 0x00007ffd5af41000 	C:\Windows\System32\WS2_32.dll
0x00007ffd58070000 - 0x00007ffd580bd000 	C:\Windows\SYSTEM32\POWRPROF.dll
0x00007ffd4d4d0000 - 0x00007ffd4d4da000 	C:\Windows\SYSTEM32\VERSION.dll
0x00007ffd4c470000 - 0x00007ffd4c4a4000 	C:\Windows\SYSTEM32\WINMM.dll
0x00007ffd57f40000 - 0x00007ffd57f53000 	C:\Windows\SYSTEM32\UMPDC.dll
0x00007ffd57b50000 - 0x00007ffd57b68000 	C:\Windows\SYSTEM32\kernel.appcore.dll
0x00007ffd3fc90000 - 0x00007ffd3fc9a000 	C:\Users\28332\.jdks\corretto-17.0.15\bin\jimage.dll
0x00007ffd56260000 - 0x00007ffd56492000 	C:\Windows\SYSTEM32\DBGHELP.DLL
0x00007ffd5a9c0000 - 0x00007ffd5ad53000 	C:\Windows\System32\combase.dll
0x00007ffd599d0000 - 0x00007ffd59aa7000 	C:\Windows\System32\OLEAUT32.dll
0x00007ffd2e3a0000 - 0x00007ffd2e3d2000 	C:\Windows\SYSTEM32\dbgcore.DLL
0x00007ffd58ed0000 - 0x00007ffd58f4b000 	C:\Windows\System32\bcryptPrimitives.dll
0x00007ffd3a2e0000 - 0x00007ffd3a2ee000 	C:\Users\28332\.jdks\corretto-17.0.15\bin\instrument.dll
0x00007ffd39df0000 - 0x00007ffd39e15000 	C:\Users\28332\.jdks\corretto-17.0.15\bin\java.dll
0x00007ffcf3150000 - 0x00007ffcf3227000 	C:\Users\28332\.jdks\corretto-17.0.15\bin\jsvml.dll
0x00007ffd59c60000 - 0x00007ffd5a4fd000 	C:\Windows\System32\SHELL32.dll
0x00007ffd58f50000 - 0x00007ffd5908f000 	C:\Windows\System32\wintypes.dll
0x00007ffd569e0000 - 0x00007ffd572fd000 	C:\Windows\SYSTEM32\windows.storage.dll
0x00007ffd59760000 - 0x00007ffd5986b000 	C:\Windows\System32\SHCORE.dll
0x00007ffd5b600000 - 0x00007ffd5b666000 	C:\Windows\System32\shlwapi.dll
0x00007ffd589d0000 - 0x00007ffd589fb000 	C:\Windows\SYSTEM32\profapi.dll
0x00007ffd16230000 - 0x00007ffd16248000 	C:\Users\28332\.jdks\corretto-17.0.15\bin\zip.dll
0x00007ffd33e80000 - 0x00007ffd33e99000 	C:\Users\28332\.jdks\corretto-17.0.15\bin\net.dll
0x00007ffd4f9f0000 - 0x00007ffd4fb1c000 	C:\Windows\SYSTEM32\WINHTTP.dll
0x00007ffd58000000 - 0x00007ffd5806a000 	C:\Windows\system32\mswsock.dll
0x00007ffd19380000 - 0x00007ffd19396000 	C:\Users\28332\.jdks\corretto-17.0.15\bin\nio.dll
0x00007ffcc8e40000 - 0x00007ffcc8e5a000 	D:\IntelliJ IDEA 2024.1.2\bin\breakgen64.dll
0x00007ffd16220000 - 0x00007ffd16229000 	C:\Users\28332\.jdks\corretto-17.0.15\bin\extnet.dll
0x00007ffd57590000 - 0x00007ffd57688000 	C:\Windows\SYSTEM32\DNSAPI.dll
0x00007ffd57560000 - 0x00007ffd5758d000 	C:\Windows\SYSTEM32\IPHLPAPI.DLL
0x00007ffd5b010000 - 0x00007ffd5b019000 	C:\Windows\System32\NSI.dll
0x00007ffd4d4e0000 - 0x00007ffd4d4ea000 	C:\Windows\System32\rasadhlp.dll
0x00007ffd4df30000 - 0x00007ffd4dfb3000 	C:\Windows\System32\fwpuclnt.dll
0x00007ffd3a290000 - 0x00007ffd3a299000 	C:\Users\28332\.jdks\corretto-17.0.15\bin\management.dll
0x00007ffd1e270000 - 0x00007ffd1e27b000 	C:\Users\28332\.jdks\corretto-17.0.15\bin\management_ext.dll
0x00007ffd5b920000 - 0x00007ffd5b928000 	C:\Windows\System32\PSAPI.DLL
0x00007ffd582a0000 - 0x00007ffd582bb000 	C:\Windows\SYSTEM32\CRYPTSP.dll
0x00007ffd57a40000 - 0x00007ffd57a77000 	C:\Windows\system32\rsaenh.dll
0x00007ffd58140000 - 0x00007ffd58168000 	C:\Windows\SYSTEM32\USERENV.dll
0x00007ffd582c0000 - 0x00007ffd582cc000 	C:\Windows\SYSTEM32\CRYPTBASE.dll
0x00007ffd4ed80000 - 0x00007ffd4ed99000 	C:\Windows\SYSTEM32\dhcpcsvc6.DLL
0x00007ffd4eba0000 - 0x00007ffd4ebbf000 	C:\Windows\SYSTEM32\dhcpcsvc.DLL
0x00007ffd24e80000 - 0x00007ffd24e97000 	C:\Windows\system32\napinsp.dll
0x00007ffd246f0000 - 0x00007ffd2470b000 	C:\Windows\system32\pnrpnsp.dll
0x00007ffd24310000 - 0x00007ffd24321000 	C:\Windows\System32\winrnr.dll
0x00007ffd4d4b0000 - 0x00007ffd4d4cf000 	C:\Windows\system32\wshbth.dll
0x00007ffd242e0000 - 0x00007ffd24301000 	C:\Windows\system32\nlansp_c.dll

dbghelp: loaded successfully - version: 4.0.5 - missing functions: none
symbol engine: initialized successfully - sym options: 0x614 - pdb path: .;C:\Users\28332\.jdks\corretto-17.0.15\bin;C:\Windows\SYSTEM32;C:\Windows\WinSxS\amd64_microsoft.windows.common-controls_6595b64144ccf1df_6.0.22621.5262_none_2712bde373830908;C:\Users\28332\.jdks\corretto-17.0.15\bin\server;D:\IntelliJ IDEA 2024.1.2\bin

VM Arguments:
jvm_args: -XX:TieredStopAtLevel=1 -Dspring.output.ansi.enabled=always -Dcom.sun.management.jmxremote -Dspring.jmx.enabled=true -Dspring.liveBeansView.mbeanDomain -Dspring.application.admin.enabled=true -Dmanagement.endpoints.jmx.exposure.include=* -javaagent:D:\IntelliJ IDEA 2024.1.2\lib\idea_rt.jar=54473:D:\IntelliJ IDEA 2024.1.2\bin -Dfile.encoding=UTF-8 
java_command: com.example.YunpanClientApplication
java_class_path (initial): E:\\juziyunpan\yunpan_client\target\classes;E:\\juziyunpan\framework\target\classes;C:\Users\28332\.m2\repository\com\auth0\java-jwt\4.3.0\java-jwt-4.3.0.jar;C:\Users\28332\.m2\repository\com\fasterxml\jackson\core\jackson-databind\2.15.2\jackson-databind-2.15.2.jar;C:\Users\28332\.m2\repository\com\fasterxml\jackson\core\jackson-annotations\2.15.2\jackson-annotations-2.15.2.jar;C:\Users\28332\.m2\repository\com\fasterxml\jackson\core\jackson-core\2.15.2\jackson-core-2.15.2.jar;C:\Users\28332\.m2\repository\org\springframework\boot\spring-boot-starter-data-redis\3.1.2\spring-boot-starter-data-redis-3.1.2.jar;C:\Users\28332\.m2\repository\org\springframework\boot\spring-boot-starter\3.1.2\spring-boot-starter-3.1.2.jar;C:\Users\28332\.m2\repository\org\springframework\boot\spring-boot\3.1.2\spring-boot-3.1.2.jar;C:\Users\28332\.m2\repository\org\springframework\boot\spring-boot-starter-logging\3.1.2\spring-boot-starter-logging-3.1.2.jar;C:\Users\28332\.m2\repository\ch\qos\logback\logback-classic\1.4.8\logback-classic-1.4.8.jar;C:\Users\28332\.m2\repository\ch\qos\logback\logback-core\1.4.8\logback-core-1.4.8.jar;C:\Users\28332\.m2\repository\org\apache\logging\log4j\log4j-to-slf4j\2.20.0\log4j-to-slf4j-2.20.0.jar;C:\Users\28332\.m2\repository\org\slf4j\jul-to-slf4j\2.0.7\jul-to-slf4j-2.0.7.jar;C:\Users\28332\.m2\repository\jakarta\annotation\jakarta.annotation-api\2.1.1\jakarta.annotation-api-2.1.1.jar;C:\Users\28332\.m2\repository\org\yaml\snakeyaml\1.33\snakeyaml-1.33.jar;C:\Users\28332\.m2\repository\org\springframework\data\spring-data-redis\3.1.2\spring-data-redis-3.1.2.jar;C:\Users\28332\.m2\repository\org\springframework\data\spring-data-keyvalue\3.1.2\spring-data-keyvalue-3.1.2.jar;C:\Users\28332\.m2\repository\org\springframework\data\spring-data-commons\3.1.2\spring-data-commons-3.1.2.jar;C:\Users\28332\.m2\repository\org\springframework\spring-oxm\6.0.11\spring-oxm-6.0.11.jar;C:\Users\28332\.m2\repository\io\lettuce\let
Launcher Type: SUN_STANDARD

[Global flags]
     intx CICompilerCount                          = 12                                        {product} {ergonomic}
     uint ConcGCThreads                            = 3                                         {product} {ergonomic}
     uint G1ConcRefinementThreads                  = 13                                        {product} {ergonomic}
   size_t G1HeapRegionSize                         = 2097152                                   {product} {ergonomic}
    uintx GCDrainStackTargetSize                   = 64                                        {product} {ergonomic}
   size_t InitialHeapSize                          = 264241152                                 {product} {ergonomic}
     bool ManagementServer                         = true                                      {product} {command line}
   size_t MarkStackSize                            = 4194304                                   {product} {ergonomic}
   size_t MaxHeapSize                              = 4225761280                                {product} {ergonomic}
   size_t MaxNewSize                               = 2535456768                                {product} {ergonomic}
   size_t MinHeapDeltaBytes                        = 2097152                                   {product} {ergonomic}
   size_t MinHeapSize                              = 8388608                                   {product} {ergonomic}
    uintx NonProfiledCodeHeapSize                  = 0                                      {pd product} {ergonomic}
     bool ProfileInterpreter                       = false                                  {pd product} {command line}
    uintx ProfiledCodeHeapSize                     = 0                                      {pd product} {ergonomic}
   size_t SoftMaxHeapSize                          = 4225761280                             {manageable} {ergonomic}
     intx TieredStopAtLevel                        = 1                                         {product} {command line}
     bool UseCompressedClassPointers               = true                           {product lp64_product} {ergonomic}
     bool UseCompressedOops                        = true                           {product lp64_product} {ergonomic}
     bool UseG1GC                                  = true                                      {product} {ergonomic}
     bool UseLargePagesIndividualAllocation        = false                                  {pd product} {ergonomic}

Logging:
Log output configuration:
 #0: stdout all=warning uptime,level,tags
 #1: stderr all=off uptime,level,tags

Environment Variables:
JAVA_HOME=D:\New Folder
PATH=C:\Program Files (x86)\Common Files\Oracle\Java\javapath;E:\\bin\;C:\P;ogram Files\Common Files\Oracle\Java\javapath;C:\Windows\system32;C:\Windows;C:\Windows\System32\Wbem;C:\Windows\System32\WindowsPowerShell\v1.0\;C:\Windows\System32\OpenSSH\;C:\Program Files\Bandizip\;D:\New Folder\bin;D:\vscode\mingw64\bin;D:\\bin;D:\;uaiwanGames\bin;D:\Program Files (x86)\bin;D:\Program Files (x86)\mysql\mysql-8.0.31-winx64\bin;D:\pcsuite\;D:\node.js\;D:\Erlang OTP\bin;D:\rabbitmq_server-4.0.4\sbin;D:\MySQL\MySQL Server 8.0\bin;E:\study\tessract;E:\chromedriver-win64;C:\Program Files\NVIDIA Corporation\NVIDIA App\NvDLISR;C:\Program Files (x86)\NVIDIA Corporation\PhysX\Common;C:\Program Files\Git\cmd;E:\pptx\program;E:\web\dll;E:\ffmpeg-7.0.2-essentials_build\bin;e:\Trae CN\bin;C:\Program Files (x86)\Microsoft\Edge\Application;E:\????????\bin\;C:\Program Files\Common Files\Oracle\Java\javapath;C:\Program Files\NVIDIA Corporation\NVIDIA NvDLISR;D:\???????\bin;E:\;C:\Users\28332\AppData\Local\Programs\Python\Python37\Scripts\;C:\Users\28332\AppData\Local\Programs\Python\Python37\;C:\Users\28332\AppData\Local\Microsoft\WindowsApps;C:\Users\28332\AppData\Roaming\Tencent\QQGameTempest\Hall.57986\;D:\IntelliJ IDEA 2024.1.2\bin;C:\Users\28332\AppData\Local\Programs\Microsoft VS Code\bin;C:\Users\28332\AppData\Roaming\np;E:\study\cursor\resources\app\bin
USERNAME=28332
OS=Windows_NT
PROCESSOR_IDENTIFIER=Intel64 Family 6 Model 154 Stepping 3, GenuineIntel
TMP=C:\Users\28332\AppData\Local\Temp
TEMP=C:\Users\28332\AppData\Local\Temp



Periodic native trim disabled


---------------  S Y S T E M  ---------------

OS:
 Windows 11 , 64 bit Build 22621 (10.0.22621.5262)
OS uptime: 1 days 11:09 hours

CPU: total 16 (initial active 16) (8 cores per cpu, 2 threads per core) family 6 model 154 stepping 3 microcode 0x424, cx8, cmov, fxsr, ht, mmx, 3dnowpref, sse, sse2, sse3, ssse3, sse4.1, sse4.2, popcnt, lzcnt, tsc, tscinvbit, avx, avx2, aes, erms, clmul, bmi1, bmi2, adx, sha, fma, vzeroupper, clflush, clflushopt, clwb
Processor Information for all 16 processors :
  Max Mhz: 2300, Current Mhz: 2300, Mhz Limit: 2300

Memory: 4k page, system-wide physical 16115M (2872M free)
TotalPageFile size 30976M (AvailPageFile size 3M)
current process WorkingSet (physical memory assigned to process): 94M, peak: 94M
current process commit charge ("private bytes"): 371M, peak: 371M

vm_info: OpenJDK 64-Bit Server VM (17.0.15+6-LTS) for windows-amd64 JRE (17.0.15+6-LTS), built on Apr  9 2025 23:33:55 by "Administrator" with MS VC++ 16.10 / 16.11 (VS2019)

END.
