#
# There is insufficient memory for the Java Runtime Environment to continue.
# Native memory allocation (malloc) failed to allocate 1048576 bytes. Error detail: AllocateHeap
# Possible reasons:
#   The system is out of physical RAM or swap space
#   This process is running with CompressedOops enabled, and the Java Heap may be blocking the growth of the native heap
# Possible solutions:
#   Reduce memory load on the system
#   Increase physical memory or swap space
#   Check if swap backing store is full
#   Decrease Java heap size (-Xmx/-Xms)
#   Decrease number of Java threads
#   Decrease Java thread stack sizes (-Xss)
#   Set larger code cache with -XX:ReservedCodeCacheSize=
#   JVM is running with Unscaled Compressed Oops mode in which the Java heap is
#     placed in the first 4GB address space. The Java Heap base address is the
#     maximum limit for the native heap growth. Please use -XX:HeapBaseMinAddress
#     to set the Java Heap base and to place the Java Heap above 4GB virtual address.
# This output file may be truncated or incomplete.
#
#  Out of Memory Error (allocation.cpp:44), pid=33644, tid=31736
#
# JRE version:  (21.0.7+6) (build )
# Java VM: OpenJDK 64-Bit Server VM (21.0.7+6-LTS, mixed mode, sharing, tiered, compressed oops, compressed class ptrs, parallel gc, windows-amd64)
# No core dump will be written. Minidumps are not enabled by default on client versions of Windows
#

---------------  S U M M A R Y ------------

Command Line: --add-modules=ALL-SYSTEM --add-opens=java.base/java.util=ALL-UNNAMED --add-opens=java.base/java.lang=ALL-UNNAMED --add-opens=java.base/sun.nio.fs=ALL-UNNAMED -Declipse.application=org.eclipse.jdt.ls.core.id1 -Dosgi.bundles.defaultStartLevel=4 -Declipse.product=org.eclipse.jdt.ls.core.product -Djava.import.generatesMetadataFilesAtProjectRoot=false -DDetectVMInstallationsJob.disabled=true -Dfile.encoding=utf8 -XX:+UseParallelGC -XX:GCTimeRatio=4 -XX:AdaptiveSizePolicyWeight=90 -Dsun.zip.disableMemoryMapping=true -Xmx1G -Xms100m -Xlog:disable -javaagent:c:\Users\28332\.cursor\extensions\redhat.java-1.42.0-win32-x64\lombok\lombok-1.18.36.jar -XX:+HeapDumpOnOutOfMemoryError -XX:HeapDumpPath=c:\Users\28332\AppData\Roaming\Cursor\User\workspaceStorage\cd8b8f684751e0ac267afee7e32b414d\redhat.java -Daether.dependencyCollector.impl=bf c:\Users\28332\.cursor\extensions\redhat.java-1.42.0-win32-x64\server\plugins\org.eclipse.equinox.launcher_1.7.0.v20250424-1814.jar -configuration c:\Users\28332\AppData\Roaming\Cursor\User\globalStorage\redhat.java\1.42.0\config_win -data c:\Users\28332\AppData\Roaming\Cursor\User\workspaceStorage\cd8b8f684751e0ac267afee7e32b414d\redhat.java\jdt_ws --pipe=\\.\pipe\lsp-cba80cff39d2a20d43fb4e7f021b46fb-sock

Host: 12th Gen Intel(R) Core(TM) i7-12650H, 16 cores, 15G,  Windows 11 , 64 bit Build 22621 (10.0.22621.5262)
Time: Fri May 23 16:42:14 2025  Windows 11 , 64 bit Build 22621 (10.0.22621.5262) elapsed time: 0.029450 seconds (0d 0h 0m 0s)

---------------  T H R E A D  ---------------

Current thread (0x00000224e4875040):  JavaThread "Unknown thread" [_thread_in_vm, id=31736, stack(0x00000090a3c00000,0x00000090a3d00000) (1024K)]

Stack: [0x00000090a3c00000,0x00000090a3d00000]
Native frames: (J=compiled Java code, j=interpreted, Vv=VM code, C=native code)
V  [jvm.dll+0x6ce119]
V  [jvm.dll+0x8a84a1]
V  [jvm.dll+0x8aa9ce]
V  [jvm.dll+0x8ab0b3]
V  [jvm.dll+0x27f8a6]
V  [jvm.dll+0xbfba7]
V  [jvm.dll+0x70b72d]
V  [jvm.dll+0x70bdec]
V  [jvm.dll+0x6dcc68]
V  [jvm.dll+0x871dbc]
V  [jvm.dll+0x3bc47c]
V  [jvm.dll+0x85a848]
V  [jvm.dll+0x45080e]
V  [jvm.dll+0x452451]
C  [jli.dll+0x5278]
C  [ucrtbase.dll+0x29333]
C  [KERNEL32.DLL+0x1259d]
C  [ntdll.dll+0x5af58]


---------------  P R O C E S S  ---------------

Threads class SMR info:
_java_thread_list=0x00000224e48deaf0, length=1, elements={
0x00000224e4875040
}

Java Threads: ( => current thread )
=>0x00000224e4875040 JavaThread "Unknown thread"             [_thread_in_vm, id=31736, stack(0x00000090a3c00000,0x00000090a3d00000) (1024K)]
Total: 1

Other Threads:
  0x00000224f8b3ca00 WatcherThread "VM Periodic Task Thread"        [id=29540, stack(0x00000090a3e00000,0x00000090a3f00000) (1024K)]
  0x00000224e48923a0 WorkerThread "GC Thread#0"                     [id=17948, stack(0x00000090a3d00000,0x00000090a3e00000) (1024K)]
Total: 2

Threads with active compile tasks:
Total: 0

VM state: not at safepoint (normal execution)

VM Mutex/Monitor currently owned by a thread: None

Heap address: 0x00000000c0000000, size: 1024 MB, Compressed Oops mode: 32-bit

CDS archive(s) mapped at: [0x0000022480000000-0x0000022480ba0000-0x0000022480ba0000), size 12189696, SharedBaseAddress: 0x0000022480000000, ArchiveRelocationMode: 1.
Compressed class space mapped at: 0x0000022481000000-0x00000224c1000000, reserved size: 1073741824
Narrow klass base: 0x0000022480000000, Narrow klass shift: 0, Narrow klass range: 0x100000000

GC Precious Log:
 CardTable entry size: 512
 CPUs: 16 total, 16 available
 Memory: 16115M
 Large Page Support: Disabled
 NUMA Support: Disabled
 Compressed Oops: Enabled (32-bit)
 Alignments: Space 512K, Generation 512K, Heap 2M
 Heap Min Capacity: 100M
 Heap Initial Capacity: 100M
 Heap Max Capacity: 1G
 Pre-touch: Disabled
 Parallel Workers: 13

Heap:
 PSYoungGen      total 29696K, used 512K [0x00000000eab00000, 0x00000000ecc00000, 0x0000000100000000)
  eden space 25600K, 2% used [0x00000000eab00000,0x00000000eab80020,0x00000000ec400000)
  from space 4096K, 0% used [0x00000000ec800000,0x00000000ec800000,0x00000000ecc00000)
  to   space 4096K, 0% used [0x00000000ec400000,0x00000000ec400000,0x00000000ec800000)
 ParOldGen       total 68608K, used 0K [0x00000000c0000000, 0x00000000c4300000, 0x00000000eab00000)
  object space 68608K, 0% used [0x00000000c0000000,0x00000000c0000000,0x00000000c4300000)
 Metaspace       used 0K, committed 0K, reserved 1048576K
  class space    used 0K, committed 0K, reserved 1048576K

Card table byte_map: [0x00000224e4210000,0x00000224e4420000] _byte_map_base: 0x00000224e3c10000

Marking Bits: (ParMarkBitMap*) 0x00007ff948d631f0
 Begin Bits: [0x00000224f6a60000, 0x00000224f7a60000)
 End Bits:   [0x00000224f7a60000, 0x00000224f8a60000)

Polling page: 0x00000224e2830000

Metaspace:

Usage:
  Non-class:      0 bytes used.
      Class:      0 bytes used.
       Both:      0 bytes used.

Virtual space:
  Non-class space:        0 bytes reserved,       0 bytes (  ?%) committed,  0 nodes.
      Class space:        1.00 GB reserved,       0 bytes (  0%) committed,  1 nodes.
             Both:        1.00 GB reserved,       0 bytes (  0%) committed. 

Chunk freelists:
   Non-Class:  0 bytes
       Class:  16.00 MB
        Both:  16.00 MB

MaxMetaspaceSize: unlimited
CompressedClassSpaceSize: 1.00 GB
Initial GC threshold: 21.00 MB
Current GC threshold: 17179869184.00 GB
CDS: on
 - commit_granule_bytes: 65536.
 - commit_granule_words: 8192.
 - virtual_space_node_default_size: 8388608.
 - enlarge_chunks_in_place: 1.
 - use_allocation_guard: 0.


Internal statistics:

num_allocs_failed_limit: 0.
num_arena_births: 0.
num_arena_deaths: 0.
num_vsnodes_births: 1.
num_vsnodes_deaths: 0.
num_space_committed: 0.
num_space_uncommitted: 0.
num_chunks_returned_to_freelist: 0.
num_chunks_taken_from_freelist: 1.
num_chunk_merges: 0.
num_chunk_splits: 1.
num_chunks_enlarged: 0.
num_inconsistent_stats: 0.

CodeHeap 'non-profiled nmethods': size=119168Kb used=0Kb max_used=0Kb free=119168Kb
 bounds [0x00000224ef600000, 0x00000224ef870000, 0x00000224f6a60000]
CodeHeap 'profiled nmethods': size=119104Kb used=0Kb max_used=0Kb free=119104Kb
 bounds [0x00000224e7a60000, 0x00000224e7cd0000, 0x00000224eeeb0000]
CodeHeap 'non-nmethods': size=7488Kb used=194Kb max_used=342Kb free=7293Kb
 bounds [0x00000224eeeb0000, 0x00000224ef120000, 0x00000224ef600000]
 total_blobs=70 nmethods=0 adapters=48
 compilation: enabled
              stopped_count=0, restarted_count=0
 full_count=0

Compilation events (0 events):
No events

GC Heap History (0 events):
No events

Dll operation events (1 events):
Event: 0.010 Loaded shared library c:\Users\28332\.cursor\extensions\redhat.java-1.42.0-win32-x64\jre\21.0.7-win32-x86_64\bin\java.dll

Deoptimization events (0 events):
No events

Classes loaded (0 events):
No events

Classes unloaded (0 events):
No events

Classes redefined (0 events):
No events

Internal exceptions (0 events):
No events

ZGC Phase Switch (0 events):
No events

VM Operations (0 events):
No events

Memory protections (0 events):
No events

Nmethod flushes (0 events):
No events

Events (1 events):
Event: 0.023 Thread 0x00000224e4875040 Thread added: 0x00000224e4875040


Dynamic libraries:
0x00007ff6f7990000 - 0x00007ff6f799e000 	c:\Users\28332\.cursor\extensions\redhat.java-1.42.0-win32-x64\jre\21.0.7-win32-x86_64\bin\java.exe
0x00007ffa1fb10000 - 0x00007ffa1fd27000 	C:\Windows\SYSTEM32\ntdll.dll
0x00007ffa1ed90000 - 0x00007ffa1ee54000 	C:\Windows\System32\KERNEL32.DLL
0x00007ffa1d390000 - 0x00007ffa1d763000 	C:\Windows\System32\KERNELBASE.dll
0x00007ffa1d270000 - 0x00007ffa1d381000 	C:\Windows\System32\ucrtbase.dll
0x00007ff9f70d0000 - 0x00007ff9f70e8000 	c:\Users\28332\.cursor\extensions\redhat.java-1.42.0-win32-x64\jre\21.0.7-win32-x86_64\bin\jli.dll
0x00007ff9f7080000 - 0x00007ff9f709e000 	c:\Users\28332\.cursor\extensions\redhat.java-1.42.0-win32-x64\jre\21.0.7-win32-x86_64\bin\VCRUNTIME140.dll
0x00007ffa1e060000 - 0x00007ffa1e211000 	C:\Windows\System32\USER32.dll
0x00007ffa1d770000 - 0x00007ffa1d796000 	C:\Windows\System32\win32u.dll
0x00007ffa00e40000 - 0x00007ffa010db000 	C:\Windows\WinSxS\amd64_microsoft.windows.common-controls_6595b64144ccf1df_6.0.22621.5262_none_2712bde373830908\COMCTL32.dll
0x00007ffa1f750000 - 0x00007ffa1f779000 	C:\Windows\System32\GDI32.dll
0x00007ffa1f910000 - 0x00007ffa1f9b7000 	C:\Windows\System32\msvcrt.dll
0x00007ffa1cfb0000 - 0x00007ffa1d0d2000 	C:\Windows\System32\gdi32full.dll
0x00007ffa1d110000 - 0x00007ffa1d1aa000 	C:\Windows\System32\msvcp_win.dll
0x00007ffa1f020000 - 0x00007ffa1f051000 	C:\Windows\System32\IMM32.DLL
0x00007ffa16320000 - 0x00007ffa1632c000 	c:\Users\28332\.cursor\extensions\redhat.java-1.42.0-win32-x64\jre\21.0.7-win32-x86_64\bin\vcruntime140_1.dll
0x00007ff9f0e50000 - 0x00007ff9f0edd000 	c:\Users\28332\.cursor\extensions\redhat.java-1.42.0-win32-x64\jre\21.0.7-win32-x86_64\bin\msvcp140.dll
0x00007ff9480b0000 - 0x00007ff948e40000 	c:\Users\28332\.cursor\extensions\redhat.java-1.42.0-win32-x64\jre\21.0.7-win32-x86_64\bin\server\jvm.dll
0x00007ffa1dc20000 - 0x00007ffa1dcd1000 	C:\Windows\System32\ADVAPI32.dll
0x00007ffa1f6a0000 - 0x00007ffa1f747000 	C:\Windows\System32\sechost.dll
0x00007ffa1d0e0000 - 0x00007ffa1d108000 	C:\Windows\System32\bcrypt.dll
0x00007ffa1f570000 - 0x00007ffa1f684000 	C:\Windows\System32\RPCRT4.dll
0x00007ffa1f780000 - 0x00007ffa1f7f1000 	C:\Windows\System32\WS2_32.dll
0x00007ffa1c480000 - 0x00007ffa1c4cd000 	C:\Windows\SYSTEM32\POWRPROF.dll
0x00007ffa10f50000 - 0x00007ffa10f84000 	C:\Windows\SYSTEM32\WINMM.dll
0x00007ffa10950000 - 0x00007ffa1095a000 	C:\Windows\SYSTEM32\VERSION.dll
0x00007ffa1c460000 - 0x00007ffa1c473000 	C:\Windows\SYSTEM32\UMPDC.dll
0x00007ffa1bc40000 - 0x00007ffa1bc58000 	C:\Windows\SYSTEM32\kernel.appcore.dll
0x00007ff9fc3e0000 - 0x00007ff9fc3ea000 	c:\Users\28332\.cursor\extensions\redhat.java-1.42.0-win32-x64\jre\21.0.7-win32-x86_64\bin\jimage.dll
0x00007ffa1a3c0000 - 0x00007ffa1a5f2000 	C:\Windows\SYSTEM32\DBGHELP.DLL
0x00007ffa1d7b0000 - 0x00007ffa1db43000 	C:\Windows\System32\combase.dll
0x00007ffa1eed0000 - 0x00007ffa1efa7000 	C:\Windows\System32\OLEAUT32.dll
0x00007ff9f66a0000 - 0x00007ff9f66d2000 	C:\Windows\SYSTEM32\dbgcore.DLL
0x00007ffa1cc00000 - 0x00007ffa1cc7b000 	C:\Windows\System32\bcryptPrimitives.dll
0x00007ff9fc2d0000 - 0x00007ff9fc2df000 	c:\Users\28332\.cursor\extensions\redhat.java-1.42.0-win32-x64\jre\21.0.7-win32-x86_64\bin\instrument.dll
0x00007ff9f5df0000 - 0x00007ff9f5e0f000 	c:\Users\28332\.cursor\extensions\redhat.java-1.42.0-win32-x64\jre\21.0.7-win32-x86_64\bin\java.dll

dbghelp: loaded successfully - version: 4.0.5 - missing functions: none
symbol engine: initialized successfully - sym options: 0x614 - pdb path: .;c:\Users\28332\.cursor\extensions\redhat.java-1.42.0-win32-x64\jre\21.0.7-win32-x86_64\bin;C:\Windows\SYSTEM32;C:\Windows\WinSxS\amd64_microsoft.windows.common-controls_6595b64144ccf1df_6.0.22621.5262_none_2712bde373830908;c:\Users\28332\.cursor\extensions\redhat.java-1.42.0-win32-x64\jre\21.0.7-win32-x86_64\bin\server

VM Arguments:
jvm_args: --add-modules=ALL-SYSTEM --add-opens=java.base/java.util=ALL-UNNAMED --add-opens=java.base/java.lang=ALL-UNNAMED --add-opens=java.base/sun.nio.fs=ALL-UNNAMED -Declipse.application=org.eclipse.jdt.ls.core.id1 -Dosgi.bundles.defaultStartLevel=4 -Declipse.product=org.eclipse.jdt.ls.core.product -Djava.import.generatesMetadataFilesAtProjectRoot=false -DDetectVMInstallationsJob.disabled=true -Dfile.encoding=utf8 -XX:+UseParallelGC -XX:GCTimeRatio=4 -XX:AdaptiveSizePolicyWeight=90 -Dsun.zip.disableMemoryMapping=true -Xmx1G -Xms100m -Xlog:disable -javaagent:c:\Users\28332\.cursor\extensions\redhat.java-1.42.0-win32-x64\lombok\lombok-1.18.36.jar -XX:+HeapDumpOnOutOfMemoryError -XX:HeapDumpPath=c:\Users\28332\AppData\Roaming\Cursor\User\workspaceStorage\cd8b8f684751e0ac267afee7e32b414d\redhat.java -Daether.dependencyCollector.impl=bf 
java_command: c:\Users\28332\.cursor\extensions\redhat.java-1.42.0-win32-x64\server\plugins\org.eclipse.equinox.launcher_1.7.0.v20250424-1814.jar -configuration c:\Users\28332\AppData\Roaming\Cursor\User\globalStorage\redhat.java\1.42.0\config_win -data c:\Users\28332\AppData\Roaming\Cursor\User\workspaceStorage\cd8b8f684751e0ac267afee7e32b414d\redhat.java\jdt_ws --pipe=\\.\pipe\lsp-cba80cff39d2a20d43fb4e7f021b46fb-sock
java_class_path (initial): c:\Users\28332\.cursor\extensions\redhat.java-1.42.0-win32-x64\server\plugins\org.eclipse.equinox.launcher_1.7.0.v20250424-1814.jar
Launcher Type: SUN_STANDARD

[Global flags]
    uintx AdaptiveSizePolicyWeight                 = 90                                        {product} {command line}
     intx CICompilerCount                          = 12                                        {product} {ergonomic}
    uintx GCTimeRatio                              = 4                                         {product} {command line}
     bool HeapDumpOnOutOfMemoryError               = true                                   {manageable} {command line}
    ccstr HeapDumpPath                             = c:\Users\28332\AppData\Roaming\Cursor\User\workspaceStorage\cd8b8f684751e0ac267afee7e32b414d\redhat.java         {manageable} {command line}
   size_t InitialHeapSize                          = 104857600                                 {product} {command line}
   size_t MaxHeapSize                              = 1073741824                                {product} {command line}
   size_t MaxNewSize                               = 357564416                                 {product} {ergonomic}
   size_t MinHeapDeltaBytes                        = 524288                                    {product} {ergonomic}
   size_t MinHeapSize                              = 104857600                                 {product} {command line}
   size_t NewSize                                  = 34603008                                  {product} {ergonomic}
    uintx NonNMethodCodeHeapSize                   = 7602480                                {pd product} {ergonomic}
    uintx NonProfiledCodeHeapSize                  = 122027880                              {pd product} {ergonomic}
   size_t OldSize                                  = 70254592                                  {product} {ergonomic}
    uintx ProfiledCodeHeapSize                     = 122027880                              {pd product} {ergonomic}
    uintx ReservedCodeCacheSize                    = 251658240                              {pd product} {ergonomic}
     bool SegmentedCodeCache                       = true                                      {product} {ergonomic}
   size_t SoftMaxHeapSize                          = 1073741824                             {manageable} {ergonomic}
     bool UseCompressedOops                        = true                           {product lp64_product} {ergonomic}
     bool UseLargePagesIndividualAllocation        = false                                  {pd product} {ergonomic}
     bool UseParallelGC                            = true                                      {product} {command line}

Logging:
Log output configuration:
 #0: stdout all=off uptime,level,tags foldmultilines=false
 #1: stderr all=off uptime,level,tags foldmultilines=false

Environment Variables:
JAVA_HOME=D:\New Folder
PATH=C:\Program Files (x86)\Common Files\Oracle\Java\javapath;E:\新建文件夹\bin\;C:\P;ogram Files\Common Files\Oracle\Java\javapath;C:\Windows\system32;C:\Windows;C:\Windows\System32\Wbem;C:\Windows\System32\WindowsPowerShell\v1.0\;C:\Windows\System32\OpenSSH\;C:\Program Files\Bandizip\;D:\New Folder\bin;D:\vscode\mingw64\bin;D:\迅雷云盘\bin;D:\;uaiwanGames\bin;D:\Program Files (x86)\bin;D:\Program Files (x86)\mysql\mysql-8.0.31-winx64\bin;D:\pcsuite\;D:\node.js\;D:\Erlang OTP\bin;D:\rabbitmq_server-4.0.4\sbin;D:\MySQL\MySQL Server 8.0\bin;E:\study\tessract;E:\chromedriver-win64;C:\Program Files\NVIDIA Corporation\NVIDIA App\NvDLISR;C:\Program Files (x86)\NVIDIA Corporation\PhysX\Common;C:\Program Files\Git\cmd;E:\pptx\program;E:\微信web开发者工具\dll;E:\ffmpeg-7.0.2-essentials_build\bin;e:\Trae CN\bin;C:\Program Files (x86)\Microsoft\Edge\Application;E:\????????\bin\;C:\Program Files\Common Files\Oracle\Java\javapath;C:\Program Files\NVIDIA Corporation\NVIDIA NvDLISR;D:\???????\bin;E:\;C:\Users\28332\AppData\Local\Programs\Python\Python37\Scripts\;C:\Users\28332\AppData\Local\Programs\Python\Python37\;C:\Users\28332\AppData\Local\Microsoft\WindowsApps;C:\Users\28332\AppData\Roaming\Tencent\QQGameTempest\Hall.57986\;D:\IntelliJ IDEA 2024.1.2\bin;C:\Users\28332\AppData\Local\Programs\Microsoft VS Code\bin;C:\Users\28332\AppData\Roaming\np;E:\study\cursor\resources\app\bin
USERNAME=28332
OS=Windows_NT
PROCESSOR_IDENTIFIER=Intel64 Family 6 Model 154 Stepping 3, GenuineIntel
TMP=C:\Users\28332\AppData\Local\Temp
TEMP=C:\Users\28332\AppData\Local\Temp




Periodic native trim disabled

---------------  S Y S T E M  ---------------

OS:
 Windows 11 , 64 bit Build 22621 (10.0.22621.5262)
OS uptime: 1 days 17:35 hours

CPU: total 16 (initial active 16) (8 cores per cpu, 2 threads per core) family 6 model 154 stepping 3 microcode 0x424, cx8, cmov, fxsr, ht, mmx, 3dnowpref, sse, sse2, sse3, ssse3, sse4.1, sse4.2, popcnt, lzcnt, tsc, tscinvbit, avx, avx2, aes, erms, clmul, bmi1, bmi2, adx, sha, fma, vzeroupper, clflush, clflushopt, clwb, serialize, rdtscp, rdpid, fsrm, f16c, pku, cet_ibt, cet_ss
Processor Information for the first 16 processors :
  Max Mhz: 2300, Current Mhz: 2300, Mhz Limit: 2300

Memory: 4k page, system-wide physical 16115M (525M free)
TotalPageFile size 30976M (AvailPageFile size 74M)
current process WorkingSet (physical memory assigned to process): 26M, peak: 26M
current process commit charge ("private bytes"): 194M, peak: 195M

vm_info: OpenJDK 64-Bit Server VM (21.0.7+6-LTS) for windows-amd64 JRE (21.0.7+6-LTS), built on 2025-04-15T00:00:00Z by "admin" with MS VC++ 17.7 (VS2022)

END.
