#
# There is insufficient memory for the Java Runtime Environment to continue.
# Native memory allocation (malloc) failed to allocate 1864496 bytes. Error detail: Chunk::new
# Possible reasons:
#   The system is out of physical RAM or swap space
#   This process is running with CompressedOops enabled, and the Java Heap may be blocking the growth of the native heap
# Possible solutions:
#   Reduce memory load on the system
#   Increase physical memory or swap space
#   Check if swap backing store is full
#   Decrease Java heap size (-Xmx/-Xms)
#   Decrease number of Java threads
#   Decrease Java thread stack sizes (-Xss)
#   Set larger code cache with -XX:ReservedCodeCacheSize=
#   JVM is running with Unscaled Compressed Oops mode in which the Java heap is
#     placed in the first 4GB address space. The Java Heap base address is the
#     maximum limit for the native heap growth. Please use -XX:HeapBaseMinAddress
#     to set the Java Heap base and to place the Java Heap above 4GB virtual address.
# This output file may be truncated or incomplete.
#
#  Out of Memory Error (arena.cpp:191), pid=5052, tid=12056
#
# JRE version: OpenJDK Runtime Environment JBR-17.0.12+1-1207.37-jcef (17.0.12+1) (build 17.0.12+1-b1207.37)
# Java VM: OpenJDK 64-Bit Server VM JBR-17.0.12+1-1207.37-jcef (17.0.12+1-b1207.37, mixed mode, tiered, compressed oops, compressed class ptrs, g1 gc, windows-amd64)
# No core dump will be written. Minidumps are not enabled by default on client versions of Windows
#

---------------  S U M M A R Y ------------

Command Line: -Djava.rmi.server.hostname=127.0.0.1 -Duser.timezone=UTC -Xmx2048m -Xms128m -Djdbc.classpath=D:\IntelliJ IDEA 2024.1.2\plugins\DatabaseTools\lib\jdbc-console.jar;C:\Users\28332\AppData\Roaming\JetBrains\IntelliJIdea2024.1\jdbc-drivers\MySQL ConnectorJ\5.1.47\mysql\mysql-connector-java\5.1.47\mysql-connector-java-5.1.47.jar --add-exports=java.desktop/sun.awt=ALL-UNNAMED --add-exports=java.desktop/java.awt.peer=ALL-UNNAMED --add-opens=java.desktop/java.awt=ALL-UNNAMED --add-opens=jdk.unsupported/sun.misc=ALL-UNNAMED --add-opens=java.base/java.nio=ALL-UNNAMED --add-opens=java.base/java.util=ALL-UNNAMED -Dfile.encoding=UTF-8 com.intellij.database.remote.RemoteJdbcServer com.mysql.jdbc.Driver

Host: 12th Gen Intel(R) Core(TM) i7-12650H, 16 cores, 15G,  Windows 11 , 64 bit Build 22621 (10.0.22621.5262)
Time: Mon May 26 20:17:51 2025  Windows 11 , 64 bit Build 22621 (10.0.22621.5262) elapsed time: 15600.959575 seconds (0d 4h 20m 0s)

---------------  T H R E A D  ---------------

Current thread (0x000001e7f63cd000):  JavaThread "C2 CompilerThread0" daemon [_thread_in_native, id=12056, stack(0x000000bbdd700000,0x000000bbdd800000)]


Current CompileTask:
C2:15600959 3284   !   4       java.io.ObjectOutputStream::writeSerialData (223 bytes)

Stack: [0x000000bbdd700000,0x000000bbdd800000]
Native frames: (J=compiled Java code, j=interpreted, Vv=VM code, C=native code)
V  [jvm.dll+0x689d89]
V  [jvm.dll+0x84386a]
V  [jvm.dll+0x8454ee]
V  [jvm.dll+0x845b53]
V  [jvm.dll+0x24a56f]
V  [jvm.dll+0xac9e4]
V  [jvm.dll+0xad02c]
V  [jvm.dll+0x36a6a2]
V  [jvm.dll+0x334b8a]
V  [jvm.dll+0x33402a]
V  [jvm.dll+0x21bfb1]
V  [jvm.dll+0x21b3f1]
V  [jvm.dll+0x1a68ed]
V  [jvm.dll+0x22b2de]
V  [jvm.dll+0x229445]
V  [jvm.dll+0x7f7917]
V  [jvm.dll+0x7f1cec]
V  [jvm.dll+0x688be7]
C  [ucrtbase.dll+0x29333]
C  [KERNEL32.DLL+0x1259d]
C  [ntdll.dll+0x5af58]


---------------  P R O C E S S  ---------------

Threads class SMR info:
_java_thread_list=0x000001e7fbaa0d50, length=21, elements={
0x000001e7db539d60, 0x000001e7f639b010, 0x000001e7f639bda0, 0x000001e7f5dbe5d0,
0x000001e7f63af1c0, 0x000001e7f63b1b90, 0x000001e7f63b2550, 0x000001e7f63cd000,
0x000001e7f63cd910, 0x000001e7f63d0320, 0x000001e7f6579b20, 0x000001e7f657b010,
0x000001e7f669fab0, 0x000001e7f698a190, 0x000001e7f6a40950, 0x000001e7f6988610,
0x000001e7f697ed30, 0x000001e7f6a3fd90, 0x000001e7f6c4a540, 0x000001e7f6c4af60,
0x000001e7f6c4aa50
}

Java Threads: ( => current thread )
  0x000001e7db539d60 JavaThread "main" [_thread_blocked, id=13728, stack(0x000000bbdca00000,0x000000bbdcb00000)]
  0x000001e7f639b010 JavaThread "Reference Handler" daemon [_thread_blocked, id=33084, stack(0x000000bbdd100000,0x000000bbdd200000)]
  0x000001e7f639bda0 JavaThread "Finalizer" daemon [_thread_blocked, id=37700, stack(0x000000bbdd200000,0x000000bbdd300000)]
  0x000001e7f5dbe5d0 JavaThread "Signal Dispatcher" daemon [_thread_blocked, id=3780, stack(0x000000bbdd300000,0x000000bbdd400000)]
  0x000001e7f63af1c0 JavaThread "Attach Listener" daemon [_thread_blocked, id=29384, stack(0x000000bbdd400000,0x000000bbdd500000)]
  0x000001e7f63b1b90 JavaThread "Service Thread" daemon [_thread_blocked, id=36836, stack(0x000000bbdd500000,0x000000bbdd600000)]
  0x000001e7f63b2550 JavaThread "Monitor Deflation Thread" daemon [_thread_blocked, id=32064, stack(0x000000bbdd600000,0x000000bbdd700000)]
=>0x000001e7f63cd000 JavaThread "C2 CompilerThread0" daemon [_thread_in_native, id=12056, stack(0x000000bbdd700000,0x000000bbdd800000)]
  0x000001e7f63cd910 JavaThread "C1 CompilerThread0" daemon [_thread_blocked, id=36668, stack(0x000000bbdd800000,0x000000bbdd900000)]
  0x000001e7f63d0320 JavaThread "Sweeper thread" daemon [_thread_blocked, id=36064, stack(0x000000bbdd900000,0x000000bbdda00000)]
  0x000001e7f6579b20 JavaThread "Common-Cleaner" daemon [_thread_blocked, id=27332, stack(0x000000bbddc00000,0x000000bbddd00000)]
  0x000001e7f657b010 JavaThread "Notification Thread" daemon [_thread_blocked, id=26168, stack(0x000000bbddd00000,0x000000bbdde00000)]
  0x000001e7f669fab0 JavaThread "Abandoned connection cleanup thread" daemon [_thread_blocked, id=38124, stack(0x000000bbde000000,0x000000bbde100000)]
  0x000001e7f698a190 JavaThread "RMI TCP Accept-10832" daemon [_thread_in_native, id=36036, stack(0x000000bbde100000,0x000000bbde200000)]
  0x000001e7f6a40950 JavaThread "RMI TCP Accept-0" daemon [_thread_in_native, id=36984, stack(0x000000bbde200000,0x000000bbde300000)]
  0x000001e7f6988610 JavaThread "RMI Reaper" [_thread_blocked, id=19960, stack(0x000000bbde300000,0x000000bbde400000)]
  0x000001e7f697ed30 JavaThread "RMI GC Daemon" daemon [_thread_blocked, id=37252, stack(0x000000bbde400000,0x000000bbde500000)]
  0x000001e7f6a3fd90 JavaThread "RMI TCP Connection(1)-127.0.0.1" daemon [_thread_in_native, id=23548, stack(0x000000bbde500000,0x000000bbde600000)]
  0x000001e7f6c4a540 JavaThread "RMI Scheduler(0)" daemon [_thread_blocked, id=37364, stack(0x000000bbde700000,0x000000bbde800000)]
  0x000001e7f6c4af60 JavaThread "RMI TCP Connection(3)-127.0.0.1" daemon [_thread_in_native, id=21208, stack(0x000000bbde800000,0x000000bbde900000)]
  0x000001e7f6c4aa50 JavaThread "RMI RenewClean-[127.0.0.1:59667]" daemon [_thread_blocked, id=24928, stack(0x000000bbdea00000,0x000000bbdeb00000)]

Other Threads:
  0x000001e7f5dae380 VMThread "VM Thread" [stack: 0x000000bbdd000000,0x000000bbdd100000] [id=27164]
  0x000001e7f657b4f0 WatcherThread [stack: 0x000000bbdde00000,0x000000bbddf00000] [id=35224]
  0x000001e7db596be0 GCTaskThread "GC Thread#0" [stack: 0x000000bbdcb00000,0x000000bbdcc00000] [id=20660]
  0x000001e7fb4a8340 GCTaskThread "GC Thread#1" [stack: 0x000000bbdec00000,0x000000bbded00000] [id=32984]
  0x000001e7f6e52a80 GCTaskThread "GC Thread#2" [stack: 0x000000bbded00000,0x000000bbdee00000] [id=38700]
  0x000001e7f6d74240 GCTaskThread "GC Thread#3" [stack: 0x000000bbdee00000,0x000000bbdef00000] [id=24648]
  0x000001e7fb4dcc70 GCTaskThread "GC Thread#4" [stack: 0x000000bbdef00000,0x000000bbdf000000] [id=38084]
  0x000001e7f6d8c3a0 GCTaskThread "GC Thread#5" [stack: 0x000000bbdf000000,0x000000bbdf100000] [id=36872]
  0x000001e7f6d8c660 GCTaskThread "GC Thread#6" [stack: 0x000000bbdf100000,0x000000bbdf200000] [id=32020]
  0x000001e7f6d8c920 GCTaskThread "GC Thread#7" [stack: 0x000000bbdf200000,0x000000bbdf300000] [id=12820]
  0x000001e7f6d8cbe0 GCTaskThread "GC Thread#8" [stack: 0x000000bbdf300000,0x000000bbdf400000] [id=36600]
  0x000001e7f6d8cea0 GCTaskThread "GC Thread#9" [stack: 0x000000bbdf400000,0x000000bbdf500000] [id=7116]
  0x000001e7f6d8d160 GCTaskThread "GC Thread#10" [stack: 0x000000bbdf500000,0x000000bbdf600000] [id=38388]
  0x000001e7f6d8dc30 GCTaskThread "GC Thread#11" [stack: 0x000000bbdf600000,0x000000bbdf700000] [id=5452]
  0x000001e7fb530030 GCTaskThread "GC Thread#12" [stack: 0x000000bbdf800000,0x000000bbdf900000] [id=36612]
  0x000001e7db5a8b40 ConcurrentGCThread "G1 Main Marker" [stack: 0x000000bbdcc00000,0x000000bbdcd00000] [id=29376]
  0x000001e7db5a9560 ConcurrentGCThread "G1 Conc#0" [stack: 0x000000bbdcd00000,0x000000bbdce00000] [id=21160]
  0x000001e7fb45d080 ConcurrentGCThread "G1 Conc#1" [stack: 0x000000bbdf900000,0x000000bbdfa00000] [id=36384]
  0x000001e7fb51c040 ConcurrentGCThread "G1 Conc#2" [stack: 0x000000bbdfa00000,0x000000bbdfb00000] [id=22452]
  0x000001e7db5ee250 ConcurrentGCThread "G1 Refine#0" [stack: 0x000000bbdce00000,0x000000bbdcf00000] [id=31780]
  0x000001e7f6d8def0 ConcurrentGCThread "G1 Refine#1" [stack: 0x000000bbdf700000,0x000000bbdf800000] [id=4300]
  0x000001e7db5eec80 ConcurrentGCThread "G1 Service" [stack: 0x000000bbdcf00000,0x000000bbdd000000] [id=30908]

Threads with active compile tasks:
C2 CompilerThread0  15600976 3284   !   4       java.io.ObjectOutputStream::writeSerialData (223 bytes)

VM state: not at safepoint (normal execution)

VM Mutex/Monitor currently owned by a thread: None

Heap address: 0x0000000080000000, size: 2048 MB, Compressed Oops mode: 32-bit

CDS archive(s) not mapped
Compressed class space mapped at: 0x0000000100000000-0x0000000140000000, reserved size: 1073741824
Narrow klass base: 0x0000000000000000, Narrow klass shift: 3, Narrow klass range: 0x140000000

GC Precious Log:
 CPUs: 16 total, 16 available
 Memory: 16115M
 Large Page Support: Disabled
 NUMA Support: Disabled
 Compressed Oops: Enabled (32-bit)
 Heap Region Size: 1M
 Heap Min Capacity: 128M
 Heap Initial Capacity: 128M
 Heap Max Capacity: 2G
 Pre-touch: Disabled
 Parallel Workers: 13
 Concurrent Workers: 3
 Concurrent Refinement Workers: 13
 Periodic GC: Disabled

Heap:
 garbage-first heap   total 131072K, used 13107K [0x0000000080000000, 0x0000000100000000)
  region size 1024K, 5 young (5120K), 0 survivors (0K)
 Metaspace       used 24844K, committed 25344K, reserved 1114112K
  class space    used 2474K, committed 2688K, reserved 1048576K

Heap Regions: E=young(eden), S=young(survivor), O=old, HS=humongous(starts), HC=humongous(continues), CS=collection set, F=free, OA=open archive, CA=closed archive, TAMS=top-at-mark-start (previous, next)
|   0|0x0000000080000000, 0x0000000080100000, 0x0000000080100000|100%|HS|  |TAMS 0x0000000080100000, 0x0000000080000000| Untracked 
|   1|0x0000000080100000, 0x0000000080200000, 0x0000000080200000|100%|HC|  |TAMS 0x0000000080200000, 0x0000000080100000| Untracked 
|   2|0x0000000080200000, 0x0000000080300000, 0x0000000080300000|100%|HC|  |TAMS 0x0000000080300000, 0x0000000080200000| Untracked 
|   3|0x0000000080300000, 0x00000000803ff2a8, 0x0000000080400000| 99%| O|  |TAMS 0x0000000080300000, 0x0000000080300000| Untracked 
|   4|0x0000000080400000, 0x0000000080500000, 0x0000000080500000|100%| O|  |TAMS 0x0000000080400000, 0x0000000080400000| Untracked 
|   5|0x0000000080500000, 0x00000000805d6b28, 0x0000000080600000| 83%| O|  |TAMS 0x0000000080500000, 0x0000000080500000| Untracked 
|   6|0x0000000080600000, 0x00000000806ffff8, 0x0000000080700000| 99%| O|  |TAMS 0x0000000080600000, 0x0000000080600000| Untracked 
|   7|0x0000000080700000, 0x00000000807c8f10, 0x0000000080800000| 78%| O|  |TAMS 0x0000000080700000, 0x0000000080700000| Untracked 
|   8|0x0000000080800000, 0x00000000808fffd0, 0x0000000080900000| 99%| O|  |TAMS 0x0000000080800000, 0x0000000080800000| Untracked 
|   9|0x0000000080900000, 0x0000000080900000, 0x0000000080a00000|  0%| F|  |TAMS 0x0000000080900000, 0x0000000080900000| Untracked 
|  10|0x0000000080a00000, 0x0000000080a2e038, 0x0000000080b00000| 17%| O|  |TAMS 0x0000000080a00000, 0x0000000080a00000| Untracked 
|  11|0x0000000080b00000, 0x0000000080b00000, 0x0000000080c00000|  0%| F|  |TAMS 0x0000000080b00000, 0x0000000080b00000| Untracked 
|  12|0x0000000080c00000, 0x0000000080c00000, 0x0000000080d00000|  0%| F|  |TAMS 0x0000000080c00000, 0x0000000080c00000| Untracked 
|  13|0x0000000080d00000, 0x0000000080d00000, 0x0000000080e00000|  0%| F|  |TAMS 0x0000000080d00000, 0x0000000080d00000| Untracked 
|  14|0x0000000080e00000, 0x0000000080e00000, 0x0000000080f00000|  0%| F|  |TAMS 0x0000000080e00000, 0x0000000080e00000| Untracked 
|  15|0x0000000080f00000, 0x0000000080f00000, 0x0000000081000000|  0%| F|  |TAMS 0x0000000080f00000, 0x0000000080f00000| Untracked 
|  16|0x0000000081000000, 0x0000000081000000, 0x0000000081100000|  0%| F|  |TAMS 0x0000000081000000, 0x0000000081000000| Untracked 
|  17|0x0000000081100000, 0x0000000081100000, 0x0000000081200000|  0%| F|  |TAMS 0x0000000081100000, 0x0000000081100000| Untracked 
|  18|0x0000000081200000, 0x0000000081200000, 0x0000000081300000|  0%| F|  |TAMS 0x0000000081200000, 0x0000000081200000| Untracked 
|  19|0x0000000081300000, 0x0000000081300000, 0x0000000081400000|  0%| F|  |TAMS 0x0000000081300000, 0x0000000081300000| Untracked 
|  20|0x0000000081400000, 0x0000000081400000, 0x0000000081500000|  0%| F|  |TAMS 0x0000000081400000, 0x0000000081400000| Untracked 
|  21|0x0000000081500000, 0x0000000081500000, 0x0000000081600000|  0%| F|  |TAMS 0x0000000081500000, 0x0000000081500000| Untracked 
|  22|0x0000000081600000, 0x0000000081600000, 0x0000000081700000|  0%| F|  |TAMS 0x0000000081600000, 0x0000000081600000| Untracked 
|  23|0x0000000081700000, 0x0000000081700000, 0x0000000081800000|  0%| F|  |TAMS 0x0000000081700000, 0x0000000081700000| Untracked 
|  24|0x0000000081800000, 0x0000000081800000, 0x0000000081900000|  0%| F|  |TAMS 0x0000000081800000, 0x0000000081800000| Untracked 
|  25|0x0000000081900000, 0x0000000081900000, 0x0000000081a00000|  0%| F|  |TAMS 0x0000000081900000, 0x0000000081900000| Untracked 
|  26|0x0000000081a00000, 0x0000000081a00000, 0x0000000081b00000|  0%| F|  |TAMS 0x0000000081a00000, 0x0000000081a00000| Untracked 
|  27|0x0000000081b00000, 0x0000000081b00000, 0x0000000081c00000|  0%| F|  |TAMS 0x0000000081b00000, 0x0000000081b00000| Untracked 
|  28|0x0000000081c00000, 0x0000000081c00000, 0x0000000081d00000|  0%| F|  |TAMS 0x0000000081c00000, 0x0000000081c00000| Untracked 
|  29|0x0000000081d00000, 0x0000000081d00000, 0x0000000081e00000|  0%| F|  |TAMS 0x0000000081d00000, 0x0000000081d00000| Untracked 
|  30|0x0000000081e00000, 0x0000000081e00000, 0x0000000081f00000|  0%| F|  |TAMS 0x0000000081e00000, 0x0000000081e00000| Untracked 
|  31|0x0000000081f00000, 0x0000000081f00000, 0x0000000082000000|  0%| F|  |TAMS 0x0000000081f00000, 0x0000000081f00000| Untracked 
|  32|0x0000000082000000, 0x0000000082000000, 0x0000000082100000|  0%| F|  |TAMS 0x0000000082000000, 0x0000000082000000| Untracked 
|  33|0x0000000082100000, 0x0000000082100000, 0x0000000082200000|  0%| F|  |TAMS 0x0000000082100000, 0x0000000082100000| Untracked 
|  34|0x0000000082200000, 0x0000000082200000, 0x0000000082300000|  0%| F|  |TAMS 0x0000000082200000, 0x0000000082200000| Untracked 
|  35|0x0000000082300000, 0x0000000082300000, 0x0000000082400000|  0%| F|  |TAMS 0x0000000082300000, 0x0000000082300000| Untracked 
|  36|0x0000000082400000, 0x0000000082400000, 0x0000000082500000|  0%| F|  |TAMS 0x0000000082400000, 0x0000000082400000| Untracked 
|  37|0x0000000082500000, 0x0000000082500000, 0x0000000082600000|  0%| F|  |TAMS 0x0000000082500000, 0x0000000082500000| Untracked 
|  38|0x0000000082600000, 0x0000000082600000, 0x0000000082700000|  0%| F|  |TAMS 0x0000000082600000, 0x0000000082600000| Untracked 
|  39|0x0000000082700000, 0x0000000082700000, 0x0000000082800000|  0%| F|  |TAMS 0x0000000082700000, 0x0000000082700000| Untracked 
|  40|0x0000000082800000, 0x0000000082800000, 0x0000000082900000|  0%| F|  |TAMS 0x0000000082800000, 0x0000000082800000| Untracked 
|  41|0x0000000082900000, 0x0000000082900000, 0x0000000082a00000|  0%| F|  |TAMS 0x0000000082900000, 0x0000000082900000| Untracked 
|  42|0x0000000082a00000, 0x0000000082a00000, 0x0000000082b00000|  0%| F|  |TAMS 0x0000000082a00000, 0x0000000082a00000| Untracked 
|  43|0x0000000082b00000, 0x0000000082b00000, 0x0000000082c00000|  0%| F|  |TAMS 0x0000000082b00000, 0x0000000082b00000| Untracked 
|  44|0x0000000082c00000, 0x0000000082c00000, 0x0000000082d00000|  0%| F|  |TAMS 0x0000000082c00000, 0x0000000082c00000| Untracked 
|  45|0x0000000082d00000, 0x0000000082d00000, 0x0000000082e00000|  0%| F|  |TAMS 0x0000000082d00000, 0x0000000082d00000| Untracked 
|  46|0x0000000082e00000, 0x0000000082e00000, 0x0000000082f00000|  0%| F|  |TAMS 0x0000000082e00000, 0x0000000082e00000| Untracked 
|  47|0x0000000082f00000, 0x0000000082f00000, 0x0000000083000000|  0%| F|  |TAMS 0x0000000082f00000, 0x0000000082f00000| Untracked 
|  48|0x0000000083000000, 0x0000000083000000, 0x0000000083100000|  0%| F|  |TAMS 0x0000000083000000, 0x0000000083000000| Untracked 
|  49|0x0000000083100000, 0x0000000083100000, 0x0000000083200000|  0%| F|  |TAMS 0x0000000083100000, 0x0000000083100000| Untracked 
|  50|0x0000000083200000, 0x0000000083200000, 0x0000000083300000|  0%| F|  |TAMS 0x0000000083200000, 0x0000000083200000| Untracked 
|  51|0x0000000083300000, 0x0000000083300000, 0x0000000083400000|  0%| F|  |TAMS 0x0000000083300000, 0x0000000083300000| Untracked 
|  52|0x0000000083400000, 0x0000000083400000, 0x0000000083500000|  0%| F|  |TAMS 0x0000000083400000, 0x0000000083400000| Untracked 
|  53|0x0000000083500000, 0x0000000083500000, 0x0000000083600000|  0%| F|  |TAMS 0x0000000083500000, 0x0000000083500000| Untracked 
|  54|0x0000000083600000, 0x0000000083600000, 0x0000000083700000|  0%| F|  |TAMS 0x0000000083600000, 0x0000000083600000| Untracked 
|  55|0x0000000083700000, 0x0000000083700000, 0x0000000083800000|  0%| F|  |TAMS 0x0000000083700000, 0x0000000083700000| Untracked 
|  56|0x0000000083800000, 0x0000000083800000, 0x0000000083900000|  0%| F|  |TAMS 0x0000000083800000, 0x0000000083800000| Untracked 
|  57|0x0000000083900000, 0x0000000083900000, 0x0000000083a00000|  0%| F|  |TAMS 0x0000000083900000, 0x0000000083900000| Untracked 
|  58|0x0000000083a00000, 0x0000000083a00000, 0x0000000083b00000|  0%| F|  |TAMS 0x0000000083a00000, 0x0000000083a00000| Untracked 
|  59|0x0000000083b00000, 0x0000000083b00000, 0x0000000083c00000|  0%| F|  |TAMS 0x0000000083b00000, 0x0000000083b00000| Untracked 
|  60|0x0000000083c00000, 0x0000000083c00000, 0x0000000083d00000|  0%| F|  |TAMS 0x0000000083c00000, 0x0000000083c00000| Untracked 
|  61|0x0000000083d00000, 0x0000000083d00000, 0x0000000083e00000|  0%| F|  |TAMS 0x0000000083d00000, 0x0000000083d00000| Untracked 
|  62|0x0000000083e00000, 0x0000000083e00000, 0x0000000083f00000|  0%| F|  |TAMS 0x0000000083e00000, 0x0000000083e00000| Untracked 
|  63|0x0000000083f00000, 0x0000000083f00000, 0x0000000084000000|  0%| F|  |TAMS 0x0000000083f00000, 0x0000000083f00000| Untracked 
|  64|0x0000000084000000, 0x0000000084000000, 0x0000000084100000|  0%| F|  |TAMS 0x0000000084000000, 0x0000000084000000| Untracked 
|  65|0x0000000084100000, 0x0000000084100000, 0x0000000084200000|  0%| F|  |TAMS 0x0000000084100000, 0x0000000084100000| Untracked 
|  66|0x0000000084200000, 0x0000000084200000, 0x0000000084300000|  0%| F|  |TAMS 0x0000000084200000, 0x0000000084200000| Untracked 
|  67|0x0000000084300000, 0x0000000084300000, 0x0000000084400000|  0%| F|  |TAMS 0x0000000084300000, 0x0000000084300000| Untracked 
|  68|0x0000000084400000, 0x0000000084400000, 0x0000000084500000|  0%| F|  |TAMS 0x0000000084400000, 0x0000000084400000| Untracked 
|  69|0x0000000084500000, 0x0000000084500000, 0x0000000084600000|  0%| F|  |TAMS 0x0000000084500000, 0x0000000084500000| Untracked 
|  70|0x0000000084600000, 0x0000000084600000, 0x0000000084700000|  0%| F|  |TAMS 0x0000000084600000, 0x0000000084600000| Untracked 
|  71|0x0000000084700000, 0x0000000084700000, 0x0000000084800000|  0%| F|  |TAMS 0x0000000084700000, 0x0000000084700000| Untracked 
|  72|0x0000000084800000, 0x0000000084800000, 0x0000000084900000|  0%| F|  |TAMS 0x0000000084800000, 0x0000000084800000| Untracked 
|  73|0x0000000084900000, 0x0000000084900000, 0x0000000084a00000|  0%| F|  |TAMS 0x0000000084900000, 0x0000000084900000| Untracked 
|  74|0x0000000084a00000, 0x0000000084a00000, 0x0000000084b00000|  0%| F|  |TAMS 0x0000000084a00000, 0x0000000084a00000| Untracked 
|  75|0x0000000084b00000, 0x0000000084b00000, 0x0000000084c00000|  0%| F|  |TAMS 0x0000000084b00000, 0x0000000084b00000| Untracked 
|  76|0x0000000084c00000, 0x0000000084c00000, 0x0000000084d00000|  0%| F|  |TAMS 0x0000000084c00000, 0x0000000084c00000| Untracked 
|  77|0x0000000084d00000, 0x0000000084d00000, 0x0000000084e00000|  0%| F|  |TAMS 0x0000000084d00000, 0x0000000084d00000| Untracked 
|  78|0x0000000084e00000, 0x0000000084e00000, 0x0000000084f00000|  0%| F|  |TAMS 0x0000000084e00000, 0x0000000084e00000| Untracked 
|  79|0x0000000084f00000, 0x0000000084f00000, 0x0000000085000000|  0%| F|  |TAMS 0x0000000084f00000, 0x0000000084f00000| Untracked 
|  80|0x0000000085000000, 0x0000000085000000, 0x0000000085100000|  0%| F|  |TAMS 0x0000000085000000, 0x0000000085000000| Untracked 
|  81|0x0000000085100000, 0x0000000085100000, 0x0000000085200000|  0%| F|  |TAMS 0x0000000085100000, 0x0000000085100000| Untracked 
|  82|0x0000000085200000, 0x0000000085200000, 0x0000000085300000|  0%| F|  |TAMS 0x0000000085200000, 0x0000000085200000| Untracked 
|  83|0x0000000085300000, 0x0000000085300000, 0x0000000085400000|  0%| F|  |TAMS 0x0000000085300000, 0x0000000085300000| Untracked 
|  84|0x0000000085400000, 0x0000000085400000, 0x0000000085500000|  0%| F|  |TAMS 0x0000000085400000, 0x0000000085400000| Untracked 
|  85|0x0000000085500000, 0x0000000085500000, 0x0000000085600000|  0%| F|  |TAMS 0x0000000085500000, 0x0000000085500000| Untracked 
|  86|0x0000000085600000, 0x0000000085600000, 0x0000000085700000|  0%| F|  |TAMS 0x0000000085600000, 0x0000000085600000| Untracked 
|  87|0x0000000085700000, 0x0000000085700000, 0x0000000085800000|  0%| F|  |TAMS 0x0000000085700000, 0x0000000085700000| Untracked 
|  88|0x0000000085800000, 0x0000000085800000, 0x0000000085900000|  0%| F|  |TAMS 0x0000000085800000, 0x0000000085800000| Untracked 
|  89|0x0000000085900000, 0x0000000085900000, 0x0000000085a00000|  0%| F|  |TAMS 0x0000000085900000, 0x0000000085900000| Untracked 
|  90|0x0000000085a00000, 0x0000000085a00000, 0x0000000085b00000|  0%| F|  |TAMS 0x0000000085a00000, 0x0000000085a00000| Untracked 
|  91|0x0000000085b00000, 0x0000000085b00000, 0x0000000085c00000|  0%| F|  |TAMS 0x0000000085b00000, 0x0000000085b00000| Untracked 
|  92|0x0000000085c00000, 0x0000000085c00000, 0x0000000085d00000|  0%| F|  |TAMS 0x0000000085c00000, 0x0000000085c00000| Untracked 
|  93|0x0000000085d00000, 0x0000000085d00000, 0x0000000085e00000|  0%| F|  |TAMS 0x0000000085d00000, 0x0000000085d00000| Untracked 
|  94|0x0000000085e00000, 0x0000000085e00000, 0x0000000085f00000|  0%| F|  |TAMS 0x0000000085e00000, 0x0000000085e00000| Untracked 
|  95|0x0000000085f00000, 0x0000000085f00000, 0x0000000086000000|  0%| F|  |TAMS 0x0000000085f00000, 0x0000000085f00000| Untracked 
|  96|0x0000000086000000, 0x0000000086000000, 0x0000000086100000|  0%| F|  |TAMS 0x0000000086000000, 0x0000000086000000| Untracked 
|  97|0x0000000086100000, 0x0000000086100000, 0x0000000086200000|  0%| F|  |TAMS 0x0000000086100000, 0x0000000086100000| Untracked 
|  98|0x0000000086200000, 0x0000000086200000, 0x0000000086300000|  0%| F|  |TAMS 0x0000000086200000, 0x0000000086200000| Untracked 
|  99|0x0000000086300000, 0x0000000086300000, 0x0000000086400000|  0%| F|  |TAMS 0x0000000086300000, 0x0000000086300000| Untracked 
| 100|0x0000000086400000, 0x0000000086400000, 0x0000000086500000|  0%| F|  |TAMS 0x0000000086400000, 0x0000000086400000| Untracked 
| 101|0x0000000086500000, 0x0000000086500000, 0x0000000086600000|  0%| F|  |TAMS 0x0000000086500000, 0x0000000086500000| Untracked 
| 102|0x0000000086600000, 0x0000000086600000, 0x0000000086700000|  0%| F|  |TAMS 0x0000000086600000, 0x0000000086600000| Untracked 
| 103|0x0000000086700000, 0x0000000086700000, 0x0000000086800000|  0%| F|  |TAMS 0x0000000086700000, 0x0000000086700000| Untracked 
| 104|0x0000000086800000, 0x0000000086800000, 0x0000000086900000|  0%| F|  |TAMS 0x0000000086800000, 0x0000000086800000| Untracked 
| 105|0x0000000086900000, 0x0000000086900000, 0x0000000086a00000|  0%| F|  |TAMS 0x0000000086900000, 0x0000000086900000| Untracked 
| 106|0x0000000086a00000, 0x0000000086a00000, 0x0000000086b00000|  0%| F|  |TAMS 0x0000000086a00000, 0x0000000086a00000| Untracked 
| 107|0x0000000086b00000, 0x0000000086b00000, 0x0000000086c00000|  0%| F|  |TAMS 0x0000000086b00000, 0x0000000086b00000| Untracked 
| 108|0x0000000086c00000, 0x0000000086c00000, 0x0000000086d00000|  0%| F|  |TAMS 0x0000000086c00000, 0x0000000086c00000| Untracked 
| 109|0x0000000086d00000, 0x0000000086d00000, 0x0000000086e00000|  0%| F|  |TAMS 0x0000000086d00000, 0x0000000086d00000| Untracked 
| 110|0x0000000086e00000, 0x0000000086e00000, 0x0000000086f00000|  0%| F|  |TAMS 0x0000000086e00000, 0x0000000086e00000| Untracked 
| 111|0x0000000086f00000, 0x0000000086f00000, 0x0000000087000000|  0%| F|  |TAMS 0x0000000086f00000, 0x0000000086f00000| Untracked 
| 112|0x0000000087000000, 0x0000000087000000, 0x0000000087100000|  0%| F|  |TAMS 0x0000000087000000, 0x0000000087000000| Untracked 
| 113|0x0000000087100000, 0x0000000087100000, 0x0000000087200000|  0%| F|  |TAMS 0x0000000087100000, 0x0000000087100000| Untracked 
| 114|0x0000000087200000, 0x0000000087200000, 0x0000000087300000|  0%| F|  |TAMS 0x0000000087200000, 0x0000000087200000| Untracked 
| 115|0x0000000087300000, 0x0000000087300000, 0x0000000087400000|  0%| F|  |TAMS 0x0000000087300000, 0x0000000087300000| Untracked 
| 116|0x0000000087400000, 0x0000000087400000, 0x0000000087500000|  0%| F|  |TAMS 0x0000000087400000, 0x0000000087400000| Untracked 
| 117|0x0000000087500000, 0x0000000087500000, 0x0000000087600000|  0%| F|  |TAMS 0x0000000087500000, 0x0000000087500000| Untracked 
| 118|0x0000000087600000, 0x0000000087600000, 0x0000000087700000|  0%| F|  |TAMS 0x0000000087600000, 0x0000000087600000| Untracked 
| 119|0x0000000087700000, 0x0000000087700000, 0x0000000087800000|  0%| F|  |TAMS 0x0000000087700000, 0x0000000087700000| Untracked 
| 120|0x0000000087800000, 0x0000000087800000, 0x0000000087900000|  0%| F|  |TAMS 0x0000000087800000, 0x0000000087800000| Untracked 
| 121|0x0000000087900000, 0x0000000087900000, 0x0000000087a00000|  0%| F|  |TAMS 0x0000000087900000, 0x0000000087900000| Untracked 
| 122|0x0000000087a00000, 0x0000000087a00000, 0x0000000087b00000|  0%| F|  |TAMS 0x0000000087a00000, 0x0000000087a00000| Untracked 
| 123|0x0000000087b00000, 0x0000000087b80800, 0x0000000087c00000| 50%| E|  |TAMS 0x0000000087b00000, 0x0000000087b00000| Complete 
| 124|0x0000000087c00000, 0x0000000087d00000, 0x0000000087d00000|100%| E|CS|TAMS 0x0000000087c00000, 0x0000000087c00000| Complete 
| 125|0x0000000087d00000, 0x0000000087e00000, 0x0000000087e00000|100%| E|CS|TAMS 0x0000000087d00000, 0x0000000087d00000| Complete 
| 126|0x0000000087e00000, 0x0000000087f00000, 0x0000000087f00000|100%| E|CS|TAMS 0x0000000087e00000, 0x0000000087e00000| Complete 
| 127|0x0000000087f00000, 0x0000000088000000, 0x0000000088000000|100%| E|CS|TAMS 0x0000000087f00000, 0x0000000087f00000| Complete 

Card table byte_map: [0x000001e7ee940000,0x000001e7eed40000] _byte_map_base: 0x000001e7ee540000

Marking Bits (Prev, Next): (CMBitMap*) 0x000001e7db598250, (CMBitMap*) 0x000001e7db598210
 Prev Bits: [0x000001e7f1140000, 0x000001e7f3140000)
 Next Bits: [0x000001e7ef140000, 0x000001e7f1140000)

Polling page: 0x000001e7dacf0000

Metaspace:

Usage:
  Non-class:     21.85 MB used.
      Class:      2.42 MB used.
       Both:     24.26 MB used.

Virtual space:
  Non-class space:       64.00 MB reserved,      22.12 MB ( 35%) committed,  1 nodes.
      Class space:        1.00 GB reserved,       2.62 MB ( <1%) committed,  1 nodes.
             Both:        1.06 GB reserved,      24.75 MB (  2%) committed. 

Chunk freelists:
   Non-Class:  10.07 MB
       Class:  13.52 MB
        Both:  23.59 MB

MaxMetaspaceSize: unlimited
CompressedClassSpaceSize: 1.00 GB
Initial GC threshold: 21.00 MB
Current GC threshold: 41.19 MB
CDS: off
MetaspaceReclaimPolicy: balanced
 - commit_granule_bytes: 65536.
 - commit_granule_words: 8192.
 - virtual_space_node_default_size: 8388608.
 - enlarge_chunks_in_place: 1.
 - new_chunks_are_fully_committed: 0.
 - uncommit_free_chunks: 1.
 - use_allocation_guard: 0.
 - handle_deallocations: 1.


Internal statistics:

num_allocs_failed_limit: 3.
num_arena_births: 406.
num_arena_deaths: 180.
num_vsnodes_births: 2.
num_vsnodes_deaths: 0.
num_space_committed: 396.
num_space_uncommitted: 0.
num_chunks_returned_to_freelist: 248.
num_chunks_taken_from_freelist: 854.
num_chunk_merges: 75.
num_chunk_splits: 473.
num_chunks_enlarged: 188.
num_inconsistent_stats: 0.

CodeHeap 'non-profiled nmethods': size=119168Kb used=1801Kb max_used=1801Kb free=117366Kb
 bounds [0x000001e7e6860000, 0x000001e7e6ad0000, 0x000001e7edcc0000]
CodeHeap 'profiled nmethods': size=119104Kb used=6850Kb max_used=6850Kb free=112253Kb
 bounds [0x000001e7decc0000, 0x000001e7df380000, 0x000001e7e6110000]
CodeHeap 'non-nmethods': size=7488Kb used=1273Kb max_used=3004Kb free=6214Kb
 bounds [0x000001e7e6110000, 0x000001e7e6410000, 0x000001e7e6860000]
 total_blobs=3867 nmethods=3282 adapters=497
 compilation: enabled
              stopped_count=0, restarted_count=0
 full_count=0

Compilation events (20 events):
Event: 14980.335 Thread 0x000001e7f63cd910 nmethod 3274 0x000001e7df369510 code [0x000001e7df369720, 0x000001e7df369e98]
Event: 14980.335 Thread 0x000001e7f63cd910 3275  s    3       sun.rmi.transport.Target::referenced (125 bytes)
Event: 14980.336 Thread 0x000001e7f63cd910 nmethod 3275 0x000001e7df36a210 code [0x000001e7df36a520, 0x000001e7df36b9d8]
Event: 14980.336 Thread 0x000001e7f63cd910 3276       3       sun.rmi.transport.SequenceEntry::<init> (15 bytes)
Event: 14980.336 Thread 0x000001e7f63cd910 nmethod 3276 0x000001e7df36c210 code [0x000001e7df36c3a0, 0x000001e7df36c518]
Event: 14980.336 Thread 0x000001e7f63cd910 3277       3       java.util.Vector::contains (15 bytes)
Event: 14980.336 Thread 0x000001e7f63cd910 nmethod 3277 0x000001e7df36c610 code [0x000001e7df36c7c0, 0x000001e7df36c968]
Event: 14980.336 Thread 0x000001e7f63cd910 3278   !   3       sun.rmi.transport.DGCImpl::registerTarget (60 bytes)
Event: 14980.336 Thread 0x000001e7f63cd910 nmethod 3278 0x000001e7df36ca10 code [0x000001e7df36cbe0, 0x000001e7df36d0e8]
Event: 15000.726 Thread 0x000001e7f63cd910 3279       3       java.net.URI$Parser::checkChars (44 bytes)
Event: 15000.726 Thread 0x000001e7f63cd910 nmethod 3279 0x000001e7df36d390 code [0x000001e7df36d5c0, 0x000001e7df36dc08]
Event: 15082.311 Thread 0x000001e7f63cd910 3280   !   3       sun.rmi.transport.ObjectTable::unreferenced (64 bytes)
Event: 15082.311 Thread 0x000001e7f63cd910 nmethod 3280 0x000001e7df36de90 code [0x000001e7df36e0a0, 0x000001e7df36e818]
Event: 15082.311 Thread 0x000001e7f63cd910 3281   !   3       sun.rmi.transport.DGCImpl::unregisterTarget (52 bytes)
Event: 15082.311 Thread 0x000001e7f63cd910 nmethod 3281 0x000001e7df36eb90 code [0x000001e7df36ed60, 0x000001e7df36f218]
Event: 15300.727 Thread 0x000001e7f63cd910 3283       3       sun.rmi.transport.DGCImpl_Stub::leaseFilter (179 bytes)
Event: 15300.728 Thread 0x000001e7f63cd910 nmethod 3283 0x000001e7df36f490 code [0x000001e7df36f720, 0x000001e7df370228]
Event: 15300.728 Thread 0x000001e7f63cd910 3282       3       sun.rmi.transport.DGCImpl_Stub$$Lambda$97/0x000000010012ef80::checkInput (5 bytes)
Event: 15300.728 Thread 0x000001e7f63cd910 nmethod 3282 0x000001e7df370510 code [0x000001e7df3706a0, 0x000001e7df3707e8]
Event: 15600.771 Thread 0x000001e7f63cd000 3284   !   4       java.io.ObjectOutputStream::writeSerialData (223 bytes)

GC Heap History (14 events):
Event: 0.602 GC heap before
{Heap before GC invocations=0 (full 0):
 garbage-first heap   total 131072K, used 25600K [0x0000000080000000, 0x0000000100000000)
  region size 1024K, 23 young (23552K), 0 survivors (0K)
 Metaspace       used 18573K, committed 18880K, reserved 1114112K
  class space    used 1876K, committed 2048K, reserved 1048576K
}
Event: 0.606 GC heap after
{Heap after GC invocations=1 (full 0):
 garbage-first heap   total 131072K, used 9178K [0x0000000080000000, 0x0000000100000000)
  region size 1024K, 3 young (3072K), 3 survivors (3072K)
 Metaspace       used 18573K, committed 18880K, reserved 1114112K
  class space    used 1876K, committed 2048K, reserved 1048576K
}
Event: 0.676 GC heap before
{Heap before GC invocations=1 (full 0):
 garbage-first heap   total 131072K, used 13274K [0x0000000080000000, 0x0000000100000000)
  region size 1024K, 8 young (8192K), 3 survivors (3072K)
 Metaspace       used 21218K, committed 21504K, reserved 1114112K
  class space    used 2164K, committed 2304K, reserved 1048576K
}
Event: 0.678 GC heap after
{Heap after GC invocations=2 (full 0):
 garbage-first heap   total 131072K, used 10187K [0x0000000080000000, 0x0000000100000000)
  region size 1024K, 1 young (1024K), 1 survivors (1024K)
 Metaspace       used 21218K, committed 21504K, reserved 1114112K
  class space    used 2164K, committed 2304K, reserved 1048576K
}
Event: 2486.119 GC heap before
{Heap before GC invocations=3 (full 0):
 garbage-first heap   total 131072K, used 54219K [0x0000000080000000, 0x0000000100000000)
  region size 1024K, 44 young (45056K), 1 survivors (1024K)
 Metaspace       used 24874K, committed 25216K, reserved 1114112K
  class space    used 2514K, committed 2688K, reserved 1048576K
}
Event: 2486.122 GC heap after
{Heap after GC invocations=4 (full 0):
 garbage-first heap   total 131072K, used 11101K [0x0000000080000000, 0x0000000100000000)
  region size 1024K, 2 young (2048K), 2 survivors (2048K)
 Metaspace       used 24874K, committed 25216K, reserved 1114112K
  class space    used 2514K, committed 2688K, reserved 1048576K
}
Event: 3600.692 GC heap before
{Heap before GC invocations=4 (full 0):
 garbage-first heap   total 131072K, used 21341K [0x0000000080000000, 0x0000000100000000)
  region size 1024K, 13 young (13312K), 2 survivors (2048K)
 Metaspace       used 24953K, committed 25280K, reserved 1114112K
  class space    used 2515K, committed 2688K, reserved 1048576K
}
Event: 3600.719 GC heap after
{Heap after GC invocations=5 (full 1):
 garbage-first heap   total 131072K, used 9924K [0x0000000080000000, 0x0000000100000000)
  region size 1024K, 0 young (0K), 0 survivors (0K)
 Metaspace       used 24776K, committed 25280K, reserved 1114112K
  class space    used 2475K, committed 2688K, reserved 1048576K
}
Event: 7200.720 GC heap before
{Heap before GC invocations=5 (full 1):
 garbage-first heap   total 131072K, used 17092K [0x0000000080000000, 0x0000000100000000)
  region size 1024K, 8 young (8192K), 0 survivors (0K)
 Metaspace       used 24871K, committed 25344K, reserved 1114112K
  class space    used 2483K, committed 2688K, reserved 1048576K
}
Event: 7200.741 GC heap after
{Heap after GC invocations=6 (full 2):
 garbage-first heap   total 131072K, used 9928K [0x0000000080000000, 0x0000000100000000)
  region size 1024K, 0 young (0K), 0 survivors (0K)
 Metaspace       used 24871K, committed 25344K, reserved 1114112K
  class space    used 2483K, committed 2688K, reserved 1048576K
}
Event: 10800.743 GC heap before
{Heap before GC invocations=6 (full 2):
 garbage-first heap   total 131072K, used 16072K [0x0000000080000000, 0x0000000100000000)
  region size 1024K, 7 young (7168K), 0 survivors (0K)
 Metaspace       used 24883K, committed 25344K, reserved 1114112K
  class space    used 2483K, committed 2688K, reserved 1048576K
}
Event: 10800.766 GC heap after
{Heap after GC invocations=7 (full 3):
 garbage-first heap   total 131072K, used 9672K [0x0000000080000000, 0x0000000100000000)
  region size 1024K, 0 young (0K), 0 survivors (0K)
 Metaspace       used 24830K, committed 25344K, reserved 1114112K
  class space    used 2474K, committed 2688K, reserved 1048576K
}
Event: 14400.776 GC heap before
{Heap before GC invocations=7 (full 3):
 garbage-first heap   total 131072K, used 15816K [0x0000000080000000, 0x0000000100000000)
  region size 1024K, 7 young (7168K), 0 survivors (0K)
 Metaspace       used 24833K, committed 25344K, reserved 1114112K
  class space    used 2474K, committed 2688K, reserved 1048576K
}
Event: 14400.788 GC heap after
{Heap after GC invocations=8 (full 4):
 garbage-first heap   total 131072K, used 9011K [0x0000000080000000, 0x0000000100000000)
  region size 1024K, 0 young (0K), 0 survivors (0K)
 Metaspace       used 24833K, committed 25344K, reserved 1114112K
  class space    used 2474K, committed 2688K, reserved 1048576K
}

Dll operation events (2 events):
Event: 0.006 Loaded shared library D:\IntelliJ IDEA 2024.1.2\jbr\bin\java.dll
Event: 0.165 Loaded shared library D:\IntelliJ IDEA 2024.1.2\jbr\bin\verify.dll

Deoptimization events (20 events):
Event: 5242.026 Thread 0x000001e7f6c4af60 Uncommon trap: trap_request=0xffffff45 fr.pc=0x000001e7e694179c relative=0x000000000000027c
Event: 5242.026 Thread 0x000001e7f6c4af60 Uncommon trap: reason=unstable_if action=reinterpret pc=0x000001e7e694179c method=java.io.BufferedOutputStream.write([BII)V @ 6 c2
Event: 5242.026 Thread 0x000001e7f6c4af60 DEOPT PACKING pc=0x000001e7e694179c sp=0x000000bbde8fd970
Event: 5242.026 Thread 0x000001e7f6c4af60 DEOPT UNPACKING pc=0x000001e7e61669a3 sp=0x000000bbde8fd938 mode 2
Event: 5242.026 Thread 0x000001e7f6c4af60 Uncommon trap: trap_request=0xffffffc6 fr.pc=0x000001e7e695339c relative=0x0000000000000b3c
Event: 5242.026 Thread 0x000001e7f6c4af60 Uncommon trap: reason=bimorphic_or_optimized_type_check action=maybe_recompile pc=0x000001e7e695339c method=java.io.BufferedOutputStream.flush()V @ 8 c2
Event: 5242.026 Thread 0x000001e7f6c4af60 DEOPT PACKING pc=0x000001e7e695339c sp=0x000000bbde8fd900
Event: 5242.026 Thread 0x000001e7f6c4af60 DEOPT UNPACKING pc=0x000001e7e61669a3 sp=0x000000bbde8fd950 mode 2
Event: 5242.026 Thread 0x000001e7f6c4af60 Uncommon trap: trap_request=0xffffffc6 fr.pc=0x000001e7e695339c relative=0x0000000000000b3c
Event: 5242.026 Thread 0x000001e7f6c4af60 Uncommon trap: reason=bimorphic_or_optimized_type_check action=maybe_recompile pc=0x000001e7e695339c method=java.io.BufferedOutputStream.flush()V @ 8 c2
Event: 5242.026 Thread 0x000001e7f6c4af60 DEOPT PACKING pc=0x000001e7e695339c sp=0x000000bbde8fdb60
Event: 5242.026 Thread 0x000001e7f6c4af60 DEOPT UNPACKING pc=0x000001e7e61669a3 sp=0x000000bbde8fdbb0 mode 2
Event: 5242.028 Thread 0x000001e7f6c4af60 Uncommon trap: trap_request=0xffffff45 fr.pc=0x000001e7e693c8bc relative=0x00000000000000bc
Event: 5242.028 Thread 0x000001e7f6c4af60 Uncommon trap: reason=unstable_if action=reinterpret pc=0x000001e7e693c8bc method=java.util.concurrent.locks.ReentrantLock$Sync.tryRelease(I)Z @ 26 c2
Event: 5242.028 Thread 0x000001e7f6c4af60 DEOPT PACKING pc=0x000001e7e693c8bc sp=0x000000bbde8fd950
Event: 5242.028 Thread 0x000001e7f6c4af60 DEOPT UNPACKING pc=0x000001e7e61669a3 sp=0x000000bbde8fd8f0 mode 2
Event: 10800.767 Thread 0x000001e7f639bda0 Uncommon trap: trap_request=0xffffff45 fr.pc=0x000001e7e69e8884 relative=0x0000000000000264
Event: 10800.767 Thread 0x000001e7f639bda0 Uncommon trap: reason=unstable_if action=reinterpret pc=0x000001e7e69e8884 method=java.lang.ref.ReferenceQueue.reallyPoll()Ljava/lang/ref/Reference; @ 54 c2
Event: 10800.767 Thread 0x000001e7f639bda0 DEOPT PACKING pc=0x000001e7e69e8884 sp=0x000000bbdd2ff0a0
Event: 10800.767 Thread 0x000001e7f639bda0 DEOPT UNPACKING pc=0x000001e7e61669a3 sp=0x000000bbdd2ff040 mode 2

Classes loaded (20 events):
Event: 5242.022 Loading class java/util/Formatter
Event: 5242.023 Loading class java/util/Formatter done
Event: 5242.023 Loading class java/util/Formatter$FixedString
Event: 5242.023 Loading class java/util/Formatter$FormatString
Event: 5242.023 Loading class java/util/Formatter$FormatString done
Event: 5242.023 Loading class java/util/Formatter$FixedString done
Event: 5242.023 Loading class java/util/Formatter$Conversion
Event: 5242.023 Loading class java/util/Formatter$Conversion done
Event: 5242.023 Loading class java/util/Formatter$FormatSpecifier
Event: 5242.024 Loading class java/util/Formatter$FormatSpecifier done
Event: 5242.024 Loading class java/util/Formatter$Flags
Event: 5242.024 Loading class java/util/Formatter$Flags done
Event: 5242.024 Loading class java/util/Formattable
Event: 5242.024 Loading class java/util/Formattable done
Event: 5242.026 Loading class sun/security/ssl/Alert
Event: 5242.027 Loading class sun/security/ssl/Alert done
Event: 5242.027 Loading class sun/security/ssl/Alert$AlertConsumer
Event: 5242.027 Loading class sun/security/ssl/Alert$AlertConsumer done
Event: 5242.027 Loading class sun/security/ssl/Alert$Level
Event: 5242.027 Loading class sun/security/ssl/Alert$Level done

Classes unloaded (20 events):
Event: 3600.697 Thread 0x000001e7f5dae380 Unloading class 0x000000010008bc00 'java/lang/invoke/LambdaForm$DMH+0x000000010008bc00'
Event: 3600.697 Thread 0x000001e7f5dae380 Unloading class 0x0000000100089400 'java/lang/invoke/LambdaForm$MH+0x0000000100089400'
Event: 3600.697 Thread 0x000001e7f5dae380 Unloading class 0x0000000100088800 'java/lang/invoke/LambdaForm$MH+0x0000000100088800'
Event: 3600.697 Thread 0x000001e7f5dae380 Unloading class 0x0000000100086400 'java/lang/invoke/LambdaForm$MH+0x0000000100086400'
Event: 10800.746 Thread 0x000001e7f5dae380 Unloading class 0x0000000100288c00 'jdk/internal/reflect/GeneratedSerializationConstructorAccessor36'
Event: 10800.746 Thread 0x000001e7f5dae380 Unloading class 0x0000000100288800 'jdk/internal/reflect/GeneratedSerializationConstructorAccessor35'
Event: 10800.746 Thread 0x000001e7f5dae380 Unloading class 0x0000000100283c00 'jdk/internal/reflect/GeneratedMethodAccessor11'
Event: 10800.746 Thread 0x000001e7f5dae380 Unloading class 0x0000000100283800 'jdk/internal/reflect/GeneratedMethodAccessor10'
Event: 10800.746 Thread 0x000001e7f5dae380 Unloading class 0x0000000100283400 'jdk/internal/reflect/GeneratedSerializationConstructorAccessor34'
Event: 10800.746 Thread 0x000001e7f5dae380 Unloading class 0x0000000100283000 'jdk/internal/reflect/GeneratedSerializationConstructorAccessor33'
Event: 10800.746 Thread 0x000001e7f5dae380 Unloading class 0x0000000100282c00 'jdk/internal/reflect/GeneratedSerializationConstructorAccessor32'
Event: 10800.746 Thread 0x000001e7f5dae380 Unloading class 0x0000000100282800 'jdk/internal/reflect/GeneratedSerializationConstructorAccessor31'
Event: 10800.746 Thread 0x000001e7f5dae380 Unloading class 0x0000000100282400 'jdk/internal/reflect/GeneratedSerializationConstructorAccessor30'
Event: 10800.746 Thread 0x000001e7f5dae380 Unloading class 0x0000000100282000 'jdk/internal/reflect/GeneratedSerializationConstructorAccessor29'
Event: 10800.746 Thread 0x000001e7f5dae380 Unloading class 0x0000000100259800 'jdk/internal/reflect/GeneratedSerializationConstructorAccessor28'
Event: 10800.746 Thread 0x000001e7f5dae380 Unloading class 0x0000000100259400 'jdk/internal/reflect/GeneratedSerializationConstructorAccessor27'
Event: 10800.746 Thread 0x000001e7f5dae380 Unloading class 0x0000000100259000 'jdk/internal/reflect/GeneratedSerializationConstructorAccessor26'
Event: 10800.746 Thread 0x000001e7f5dae380 Unloading class 0x0000000100258c00 'jdk/internal/reflect/GeneratedSerializationConstructorAccessor25'
Event: 10800.746 Thread 0x000001e7f5dae380 Unloading class 0x0000000100258800 'jdk/internal/reflect/GeneratedSerializationConstructorAccessor24'
Event: 10800.746 Thread 0x000001e7f5dae380 Unloading class 0x0000000100258400 'jdk/internal/reflect/GeneratedSerializationConstructorAccessor23'

Classes redefined (0 events):
No events

Internal exceptions (20 events):
Event: 0.312 Thread 0x000001e7db539d60 Exception <a 'java/lang/NoSuchMethodError'{0x000000008775c240}: 'java.lang.Object java.lang.invoke.Invokers$Holder.linkToTargetMethod(java.lang.Object, long, java.lang.Object)'> (0x000000008775c240) 
thrown [s\src\hotspot\share\interpreter\linkResolver.cpp, line 771]
Event: 0.342 Thread 0x000001e7f6c4af60 Exception <a 'java/lang/NoSuchMethodError'{0x0000000087599448}: static [B.<clinit>()V> (0x0000000087599448) 
thrown [s\src\hotspot\share\prims\jni.cpp, line 1127]
Event: 0.342 Thread 0x000001e7f6c4b980 Exception <a 'java/lang/NoSuchMethodError'{0x0000000087524e80}: static [B.<clinit>()V> (0x0000000087524e80) 
thrown [s\src\hotspot\share\prims\jni.cpp, line 1127]
Event: 0.378 Thread 0x000001e7f6c4af60 Exception <a 'java/lang/NoSuchMethodError'{0x00000000875c9380}: static [Ljava/rmi/server/ObjID;.<clinit>()V> (0x00000000875c9380) 
thrown [s\src\hotspot\share\prims\jni.cpp, line 1127]
Event: 0.379 Thread 0x000001e7f6c4aa50 Exception <a 'java/lang/InterruptedException'{0x00000000875ee090}> (0x00000000875ee090) 
thrown [s\src\hotspot\share\runtime\objectMonitor.cpp, line 1658]
Event: 0.380 Thread 0x000001e7f6c4af60 Exception <a 'java/lang/NoSuchMethodError'{0x00000000875d0c90}: 'void java.lang.invoke.DirectMethodHandle$Holder.invokeSpecial(java.lang.Object, java.lang.Object, java.lang.Object)'> (0x00000000875d0c90) 
thrown [s\src\hotspot\share\interpreter\linkResolver.cpp, line 771]
Event: 0.380 Thread 0x000001e7f6c4af60 Exception <a 'java/lang/NoSuchMethodError'{0x00000000875d41f8}: 'void java.lang.invoke.Invokers$Holder.invoke_MT(java.lang.Object, java.lang.Object, java.lang.Object)'> (0x00000000875d41f8) 
thrown [s\src\hotspot\share\interpreter\linkResolver.cpp, line 771]
Event: 0.380 Thread 0x000001e7f6c4aa50 Exception <a 'java/lang/NoSuchMethodError'{0x00000000875f6830}: 'java.lang.Object java.lang.invoke.DirectMethodHandle$Holder.newInvokeSpecial(java.lang.Object, java.lang.Object, int, java.lang.Object, long)'> (0x00000000875f6830) 
thrown [s\src\hotspot\share\interpreter\linkResolver.cpp, line 771]
Event: 0.423 Thread 0x000001e7f6c4af60 Exception <a 'java/lang/NoSuchMethodError'{0x00000000872bfa90}: 'java.lang.Object java.lang.invoke.DirectMethodHandle$Holder.invokeInterface(java.lang.Object, java.lang.Object)'> (0x00000000872bfa90) 
thrown [s\src\hotspot\share\interpreter\linkResolver.cpp, line 771]
Event: 0.624 Thread 0x000001e7f6c4af60 Exception <a 'sun/nio/fs/WindowsException'{0x0000000087da4268}> (0x0000000087da4268) 
thrown [s\src\hotspot\share\prims\jni.cpp, line 531]
Event: 0.633 Thread 0x000001e7f6c4af60 Exception <a 'java/lang/NoSuchMethodError'{0x0000000087c00d40}: 'int java.lang.invoke.DirectMethodHandle$Holder.invokeStaticInit(java.lang.Object, java.lang.Object, java.lang.Object, java.lang.Object)'> (0x0000000087c00d40) 
thrown [s\src\hotspot\share\interpreter\linkResolver.cpp, line 771]
Event: 0.633 Thread 0x000001e7f6c4af60 Exception <a 'java/lang/IncompatibleClassChangeError'{0x0000000087c0a1b8}: Found class java.lang.Object, but interface was expected> (0x0000000087c0a1b8) 
thrown [s\src\hotspot\share\interpreter\linkResolver.cpp, line 838]
Event: 0.634 Thread 0x000001e7f6c4af60 Exception <a 'java/lang/NoSuchMethodError'{0x0000000087c14018}: 'int java.lang.invoke.DirectMethodHandle$Holder.invokeStaticInit(java.lang.Object, java.lang.Object)'> (0x0000000087c14018) 
thrown [s\src\hotspot\share\interpreter\linkResolver.cpp, line 771]
Event: 0.689 Thread 0x000001e7f6c4af60 Implicit null exception at 0x000001e7e68c3868 to 0x000001e7e68c39e8
Event: 0.773 Thread 0x000001e7f6c4af60 Implicit null exception at 0x000001e7e68f05f2 to 0x000001e7e68f0be4
Event: 0.773 Thread 0x000001e7f6c4af60 Exception <a 'java/lang/NoSuchMethodError'{0x0000000087c28640}: 'java.lang.Object java.lang.invoke.DirectMethodHandle$Holder.newInvokeSpecial(java.lang.Object, java.lang.Object, int)'> (0x0000000087c28640) 
thrown [s\src\hotspot\share\interpreter\linkResolver.cpp, line 771]
Event: 1.015 Thread 0x000001e7f6c4af60 Exception <a 'java/lang/NoSuchMethodError'{0x00000000876a41d0}: static Lcom/intellij/database/remote/jdbc/RemoteResultSet$DataRetrievingOptions;.<clinit>()V> (0x00000000876a41d0) 
thrown [s\src\hotspot\share\prims\jni.cpp, line 1127]
Event: 1.023 Thread 0x000001e7f6c4af60 Exception <a 'java/lang/NoSuchMethodError'{0x00000000876c15b8}: static [Ljava/lang/Object;.<clinit>()V> (0x00000000876c15b8) 
thrown [s\src\hotspot\share\prims\jni.cpp, line 1127]
Event: 26.395 Thread 0x000001e7f6c4af60 Exception <a 'java/lang/NoSuchMethodError'{0x00000000873873e8}: static Lcom/intellij/database/remote/jdbc/ColumnInfo;.<clinit>()V> (0x00000000873873e8) 
thrown [s\src\hotspot\share\prims\jni.cpp, line 1127]
Event: 300.377 Thread 0x000001e7f6c4aa50 Implicit null exception at 0x000001e7e693145f to 0x000001e7e6931510

VM Operations (20 events):
Event: 5579.179 Executing VM operation: Cleanup
Event: 5579.179 Executing VM operation: Cleanup done
Event: 5669.355 Executing VM operation: Cleanup
Event: 5669.355 Executing VM operation: Cleanup done
Event: 6908.826 Executing VM operation: Cleanup
Event: 6908.826 Executing VM operation: Cleanup done
Event: 7200.720 Executing VM operation: G1CollectFull
Event: 7200.741 Executing VM operation: G1CollectFull done
Event: 10594.038 Executing VM operation: Cleanup
Event: 10594.038 Executing VM operation: Cleanup done
Event: 10622.209 Executing VM operation: Cleanup
Event: 10622.209 Executing VM operation: Cleanup done
Event: 10800.743 Executing VM operation: G1CollectFull
Event: 10800.766 Executing VM operation: G1CollectFull done
Event: 13296.881 Executing VM operation: Cleanup
Event: 13296.881 Executing VM operation: Cleanup done
Event: 13341.129 Executing VM operation: Cleanup
Event: 13341.129 Executing VM operation: Cleanup done
Event: 14400.776 Executing VM operation: G1CollectFull
Event: 14400.789 Executing VM operation: G1CollectFull done

Events (20 events):
Event: 2612.930 Thread 0x000001e7f6c107a0 Thread added: 0x000001e7f6c107a0
Event: 2612.930 Thread 0x000001e7f6c49100 Thread exited: 0x000001e7f6c49100
Event: 2612.930 Thread 0x000001e7f6c0cff0 Thread added: 0x000001e7f6c0cff0
Event: 2612.930 Thread 0x000001e7f6c0fd80 Thread added: 0x000001e7f6c0fd80
Event: 2612.930 Thread 0x000001e7f6c0c0c0 Thread added: 0x000001e7f6c0c0c0
Event: 2612.930 Thread 0x000001e7f6c107a0 Thread exited: 0x000001e7f6c107a0
Event: 2612.930 Thread 0x000001e7f6c0cff0 Thread exited: 0x000001e7f6c0cff0
Event: 2612.930 Thread 0x000001e7f6c4b980 Thread exited: 0x000001e7f6c4b980
Event: 2612.930 Thread 0x000001e7f6c10290 Thread added: 0x000001e7f6c10290
Event: 2612.930 Thread 0x000001e7f6c0fd80 Thread exited: 0x000001e7f6c0fd80
Event: 2612.930 Thread 0x000001e7f6c107a0 Thread added: 0x000001e7f6c107a0
Event: 2612.930 Thread 0x000001e7f6c111c0 Thread added: 0x000001e7f6c111c0
Event: 2612.930 Thread 0x000001e7f6c0c0c0 Thread exited: 0x000001e7f6c0c0c0
Event: 2612.930 Thread 0x000001e7f6c0da10 Thread exited: 0x000001e7f6c0da10
Event: 2612.930 Thread 0x000001e7f6c48bf0 Thread exited: 0x000001e7f6c48bf0
Event: 2612.931 Thread 0x000001e7f6c10290 Thread exited: 0x000001e7f6c10290
Event: 2612.931 Thread 0x000001e7f6c107a0 Thread exited: 0x000001e7f6c107a0
Event: 2612.931 Thread 0x000001e7f6c111c0 Thread exited: 0x000001e7f6c111c0
Event: 5248.523 Thread 0x000001e7f6c49100 Thread added: 0x000001e7f6c49100
Event: 5248.523 Thread 0x000001e7f6c49100 Thread exited: 0x000001e7f6c49100


Dynamic libraries:
0x00007ff7c5660000 - 0x00007ff7c566a000 	D:\IntelliJ IDEA 2024.1.2\jbr\bin\java.exe
0x00007ffd5b9b0000 - 0x00007ffd5bbc7000 	C:\Windows\SYSTEM32\ntdll.dll
0x00007ffd5ade0000 - 0x00007ffd5aea4000 	C:\Windows\System32\KERNEL32.DLL
0x00007ffd59200000 - 0x00007ffd595d3000 	C:\Windows\System32\KERNELBASE.dll
0x00007ffd58db0000 - 0x00007ffd58ec1000 	C:\Windows\System32\ucrtbase.dll
0x00007ffcd7a70000 - 0x00007ffcd7a87000 	D:\IntelliJ IDEA 2024.1.2\jbr\bin\jli.dll
0x00007ffd5a5b0000 - 0x00007ffd5a761000 	C:\Windows\System32\USER32.dll
0x00007ffcc8e70000 - 0x00007ffcc8e8b000 	D:\IntelliJ IDEA 2024.1.2\jbr\bin\VCRUNTIME140.dll
0x00007ffd595e0000 - 0x00007ffd59606000 	C:\Windows\System32\win32u.dll
0x00007ffd5a990000 - 0x00007ffd5a9b9000 	C:\Windows\System32\GDI32.dll
0x00007ffd3ce10000 - 0x00007ffd3d0ab000 	C:\Windows\WinSxS\amd64_microsoft.windows.common-controls_6595b64144ccf1df_6.0.22621.5262_none_2712bde373830908\COMCTL32.dll
0x00007ffd58c80000 - 0x00007ffd58da2000 	C:\Windows\System32\gdi32full.dll
0x00007ffd596a0000 - 0x00007ffd59747000 	C:\Windows\System32\msvcrt.dll
0x00007ffd58be0000 - 0x00007ffd58c7a000 	C:\Windows\System32\msvcp_win.dll
0x00007ffd5b930000 - 0x00007ffd5b961000 	C:\Windows\System32\IMM32.DLL
0x00007ffd3fca0000 - 0x00007ffd3fcac000 	D:\IntelliJ IDEA 2024.1.2\jbr\bin\vcruntime140_1.dll
0x00007ffc60450000 - 0x00007ffc604dd000 	D:\IntelliJ IDEA 2024.1.2\jbr\bin\msvcp140.dll
0x00007ffc2f9b0000 - 0x00007ffc3063a000 	D:\IntelliJ IDEA 2024.1.2\jbr\bin\server\jvm.dll
0x00007ffd5af50000 - 0x00007ffd5b001000 	C:\Windows\System32\ADVAPI32.dll
0x00007ffd5a500000 - 0x00007ffd5a5a7000 	C:\Windows\System32\sechost.dll
0x00007ffd59610000 - 0x00007ffd59638000 	C:\Windows\System32\bcrypt.dll
0x00007ffd5b670000 - 0x00007ffd5b784000 	C:\Windows\System32\RPCRT4.dll
0x00007ffd5aed0000 - 0x00007ffd5af41000 	C:\Windows\System32\WS2_32.dll
0x00007ffd58070000 - 0x00007ffd580bd000 	C:\Windows\SYSTEM32\POWRPROF.dll
0x00007ffd4c470000 - 0x00007ffd4c4a4000 	C:\Windows\SYSTEM32\WINMM.dll
0x00007ffd4d4d0000 - 0x00007ffd4d4da000 	C:\Windows\SYSTEM32\VERSION.dll
0x00007ffd57f40000 - 0x00007ffd57f53000 	C:\Windows\SYSTEM32\UMPDC.dll
0x00007ffd57b50000 - 0x00007ffd57b68000 	C:\Windows\SYSTEM32\kernel.appcore.dll
0x00007ffd52530000 - 0x00007ffd5253a000 	D:\IntelliJ IDEA 2024.1.2\jbr\bin\jimage.dll
0x00007ffd56260000 - 0x00007ffd56492000 	C:\Windows\SYSTEM32\DBGHELP.DLL
0x00007ffd5a9c0000 - 0x00007ffd5ad53000 	C:\Windows\System32\combase.dll
0x00007ffd599d0000 - 0x00007ffd59aa7000 	C:\Windows\System32\OLEAUT32.dll
0x00007ffd2e3a0000 - 0x00007ffd2e3d2000 	C:\Windows\SYSTEM32\dbgcore.DLL
0x00007ffd58ed0000 - 0x00007ffd58f4b000 	C:\Windows\System32\bcryptPrimitives.dll
0x00007ffcf2550000 - 0x00007ffcf2575000 	D:\IntelliJ IDEA 2024.1.2\jbr\bin\java.dll
0x00007ffceea50000 - 0x00007ffceea68000 	D:\IntelliJ IDEA 2024.1.2\jbr\bin\zip.dll
0x00007ffd59c60000 - 0x00007ffd5a4fd000 	C:\Windows\System32\SHELL32.dll
0x00007ffd58f50000 - 0x00007ffd5908f000 	C:\Windows\System32\wintypes.dll
0x00007ffd569e0000 - 0x00007ffd572fd000 	C:\Windows\SYSTEM32\windows.storage.dll
0x00007ffd59760000 - 0x00007ffd5986b000 	C:\Windows\System32\SHCORE.dll
0x00007ffd5b600000 - 0x00007ffd5b666000 	C:\Windows\System32\shlwapi.dll
0x00007ffd589d0000 - 0x00007ffd589fb000 	C:\Windows\SYSTEM32\profapi.dll
0x00007ffceea30000 - 0x00007ffceea49000 	D:\IntelliJ IDEA 2024.1.2\jbr\bin\net.dll
0x00007ffd4f9f0000 - 0x00007ffd4fb1c000 	C:\Windows\SYSTEM32\WINHTTP.dll
0x00007ffd58000000 - 0x00007ffd5806a000 	C:\Windows\system32\mswsock.dll
0x00007ffcee150000 - 0x00007ffcee166000 	D:\IntelliJ IDEA 2024.1.2\jbr\bin\nio.dll
0x00007ffd48b50000 - 0x00007ffd48b60000 	D:\IntelliJ IDEA 2024.1.2\jbr\bin\verify.dll
0x00007ffd57560000 - 0x00007ffd5758d000 	C:\Windows\SYSTEM32\IPHLPAPI.DLL
0x00007ffd5b010000 - 0x00007ffd5b019000 	C:\Windows\System32\NSI.dll
0x00007ffd4ed80000 - 0x00007ffd4ed99000 	C:\Windows\SYSTEM32\dhcpcsvc6.DLL
0x00007ffd4eba0000 - 0x00007ffd4ebbf000 	C:\Windows\SYSTEM32\dhcpcsvc.DLL
0x00007ffd57590000 - 0x00007ffd57688000 	C:\Windows\SYSTEM32\DNSAPI.dll
0x00007ffd582a0000 - 0x00007ffd582bb000 	C:\Windows\SYSTEM32\CRYPTSP.dll
0x00007ffd57a40000 - 0x00007ffd57a77000 	C:\Windows\system32\rsaenh.dll
0x00007ffd58140000 - 0x00007ffd58168000 	C:\Windows\SYSTEM32\USERENV.dll
0x00007ffd582c0000 - 0x00007ffd582cc000 	C:\Windows\SYSTEM32\CRYPTBASE.dll
0x00007ffd33e50000 - 0x00007ffd33e59000 	D:\IntelliJ IDEA 2024.1.2\jbr\bin\extnet.dll
0x00007ffc74d10000 - 0x00007ffc74d17000 	D:\IntelliJ IDEA 2024.1.2\jbr\bin\rmi.dll
0x00007ffd4d4e0000 - 0x00007ffd4d4ea000 	C:\Windows\System32\rasadhlp.dll
0x00007ffd4df30000 - 0x00007ffd4dfb3000 	C:\Windows\System32\fwpuclnt.dll
0x00007ffd33f20000 - 0x00007ffd33f2e000 	D:\IntelliJ IDEA 2024.1.2\jbr\bin\sunmscapi.dll
0x00007ffd59090000 - 0x00007ffd591f7000 	C:\Windows\System32\CRYPT32.dll
0x00007ffd58460000 - 0x00007ffd5848d000 	C:\Windows\SYSTEM32\ncrypt.dll
0x00007ffd58420000 - 0x00007ffd58457000 	C:\Windows\SYSTEM32\NTASN1.dll

dbghelp: loaded successfully - version: 4.0.5 - missing functions: none
symbol engine: initialized successfully - sym options: 0x614 - pdb path: .;D:\IntelliJ IDEA 2024.1.2\jbr\bin;C:\Windows\SYSTEM32;C:\Windows\WinSxS\amd64_microsoft.windows.common-controls_6595b64144ccf1df_6.0.22621.5262_none_2712bde373830908;D:\IntelliJ IDEA 2024.1.2\jbr\bin\server

VM Arguments:
jvm_args: -Djava.rmi.server.hostname=127.0.0.1 -Duser.timezone=UTC -Xmx2048m -Xms128m -Djdbc.classpath=D:\IntelliJ IDEA 2024.1.2\plugins\DatabaseTools\lib\jdbc-console.jar;C:\Users\28332\AppData\Roaming\JetBrains\IntelliJIdea2024.1\jdbc-drivers\MySQL ConnectorJ\5.1.47\mysql\mysql-connector-java\5.1.47\mysql-connector-java-5.1.47.jar --add-exports=java.desktop/sun.awt=ALL-UNNAMED --add-exports=java.desktop/java.awt.peer=ALL-UNNAMED --add-opens=java.desktop/java.awt=ALL-UNNAMED --add-opens=jdk.unsupported/sun.misc=ALL-UNNAMED --add-opens=java.base/java.nio=ALL-UNNAMED --add-opens=java.base/java.util=ALL-UNNAMED -Dfile.encoding=UTF-8 
java_command: com.intellij.database.remote.RemoteJdbcServer com.mysql.jdbc.Driver
java_class_path (initial): D:\IntelliJ IDEA 2024.1.2\lib\util_rt.jar;D:\IntelliJ IDEA 2024.1.2\lib\util-8.jar;D:\IntelliJ IDEA 2024.1.2\lib\groovy.jar;D:\IntelliJ IDEA 2024.1.2\plugins\DatabaseTools\lib\jdbc-console.jar;D:\IntelliJ IDEA 2024.1.2\plugins\grid-core-impl\lib\jdbc-console-types.jar;D:\IntelliJ IDEA 2024.1.2\lib\util.jar
Launcher Type: SUN_STANDARD

[Global flags]
     intx CICompilerCount                          = 12                                        {product} {ergonomic}
     uint ConcGCThreads                            = 3                                         {product} {ergonomic}
     uint G1ConcRefinementThreads                  = 13                                        {product} {ergonomic}
   size_t G1HeapRegionSize                         = 1048576                                   {product} {ergonomic}
    uintx GCDrainStackTargetSize                   = 64                                        {product} {ergonomic}
   size_t InitialHeapSize                          = 134217728                                 {product} {command line}
   size_t MarkStackSize                            = 4194304                                   {product} {ergonomic}
   size_t MaxHeapSize                              = 2147483648                                {product} {command line}
   size_t MaxNewSize                               = 1287651328                                {product} {ergonomic}
   size_t MinHeapDeltaBytes                        = 1048576                                   {product} {ergonomic}
   size_t MinHeapSize                              = 134217728                                 {product} {command line}
    uintx NonNMethodCodeHeapSize                   = 7602480                                {pd product} {ergonomic}
    uintx NonProfiledCodeHeapSize                  = 122027880                              {pd product} {ergonomic}
    uintx ProfiledCodeHeapSize                     = 122027880                              {pd product} {ergonomic}
    uintx ReservedCodeCacheSize                    = 251658240                              {pd product} {ergonomic}
     bool SegmentedCodeCache                       = true                                      {product} {ergonomic}
   size_t SoftMaxHeapSize                          = 2147483648                             {manageable} {ergonomic}
     bool UseCompressedClassPointers               = true                           {product lp64_product} {ergonomic}
     bool UseCompressedOops                        = true                           {product lp64_product} {ergonomic}
     bool UseG1GC                                  = true                                      {product} {ergonomic}
     bool UseLargePagesIndividualAllocation        = false                                  {pd product} {ergonomic}

Logging:
Log output configuration:
 #0: stdout all=warning uptime,level,tags
 #1: stderr all=off uptime,level,tags

Environment Variables:
JAVA_HOME=D:\New Folder
PATH=C:\Program Files (x86)\Common Files\Oracle\Java\javapath;E:\\bin\;C:\P;ogram Files\Common Files\Oracle\Java\javapath;C:\Windows\system32;C:\Windows;C:\Windows\System32\Wbem;C:\Windows\System32\WindowsPowerShell\v1.0\;C:\Windows\System32\OpenSSH\;C:\Program Files\Bandizip\;D:\New Folder\bin;D:\vscode\mingw64\bin;D:\\bin;D:\;uaiwanGames\bin;D:\Program Files (x86)\bin;D:\Program Files (x86)\mysql\mysql-8.0.31-winx64\bin;D:\pcsuite\;D:\node.js\;D:\Erlang OTP\bin;D:\rabbitmq_server-4.0.4\sbin;D:\MySQL\MySQL Server 8.0\bin;E:\study\tessract;E:\chromedriver-win64;C:\Program Files\NVIDIA Corporation\NVIDIA App\NvDLISR;C:\Program Files (x86)\NVIDIA Corporation\PhysX\Common;C:\Program Files\Git\cmd;E:\pptx\program;E:\web\dll;E:\ffmpeg-7.0.2-essentials_build\bin;e:\Trae CN\bin;C:\Program Files (x86)\Microsoft\Edge\Application;E:\????????\bin\;C:\Program Files\Common Files\Oracle\Java\javapath;C:\Program Files\NVIDIA Corporation\NVIDIA NvDLISR;D:\???????\bin;E:\;C:\Users\28332\AppData\Local\Programs\Python\Python37\Scripts\;C:\Users\28332\AppData\Local\Programs\Python\Python37\;C:\Users\28332\AppData\Local\Microsoft\WindowsApps;C:\Users\28332\AppData\Roaming\Tencent\QQGameTempest\Hall.57986\;D:\IntelliJ IDEA 2024.1.2\bin;C:\Users\28332\AppData\Local\Programs\Microsoft VS Code\bin;C:\Users\28332\AppData\Roaming\np;E:\study\cursor\resources\app\bin
USERNAME=28332
OS=Windows_NT
PROCESSOR_IDENTIFIER=Intel64 Family 6 Model 154 Stepping 3, GenuineIntel
TMP=C:\Users\28332\AppData\Local\Temp
TEMP=C:\Users\28332\AppData\Local\Temp



Periodic native trim disabled

JNI global refs:
JNI global refs: 28, weak refs: 0

JNI global refs memory usage: 843, weak refs: 209

Process memory usage:
Resident Set Size: 109048K (0% of 16502664K total physical memory with 1086204K free physical memory)

OOME stack traces (most recent first):
Classloader memory used:
Loader bootstrap                                                                       : 2464K
Loader com.intellij.database.remote.jdbc.impl.JdbcClassLoader$JdbcClassLoaderImpl      : 304K
Loader jdk.internal.loader.ClassLoaders$AppClassLoader                                 : 228K
Loader jdk.internal.loader.ClassLoaders$PlatformClassLoader                            : 88021B
Loader jdk.internal.reflect.DelegatingClassLoader                                      : 22858B
Loader com.intellij.database.remote.jdbc.impl.JdbcClassLoader$1                        : 827B


---------------  S Y S T E M  ---------------

OS:
 Windows 11 , 64 bit Build 22621 (10.0.22621.5262)
OS uptime: 1 days 7:55 hours

CPU: total 16 (initial active 16) (8 cores per cpu, 2 threads per core) family 6 model 154 stepping 3 microcode 0x424, cx8, cmov, fxsr, ht, mmx, 3dnowpref, sse, sse2, sse3, ssse3, sse4.1, sse4.2, popcnt, lzcnt, tsc, tscinvbit, avx, avx2, aes, erms, clmul, bmi1, bmi2, adx, sha, fma, vzeroupper, clflush, clflushopt, clwb
Processor Information for all 16 processors :
  Max Mhz: 2300, Current Mhz: 2300, Mhz Limit: 2300

Memory: 4k page, system-wide physical 16115M (1060M free)
TotalPageFile size 30976M (AvailPageFile size 6M)
current process WorkingSet (physical memory assigned to process): 106M, peak: 143M
current process commit charge ("private bytes"): 265M, peak: 282M

vm_info: OpenJDK 64-Bit Server VM (17.0.12+1-b1207.37) for windows-amd64 JRE (17.0.12+1-b1207.37), built on 2024-09-25 by "builduser" with MS VC++ 16.10 / 16.11 (VS2019)

END.
